[Licensing::Module] Trying to connect to existing licensing client channel...
Built from '6000.3/staging' branch; Version is '6000.3.14f1 (d68c3f99a318) revision 14060607'; Using compiler version '194234433'; Build Type 'Release'
OS: 'Windows 10  (10.0.19045) 64bit Professional' Language: 'ru' Physical Memory: 32677 MB
BatchMode: 1, IsHumanControllingUs: 0, StartBugReporterOnCrash: 0, Is64bit: 1
System  architecture: x64
Process architecture: x64
[Licensing::IpcConnector] Successfully connected to: "LicenseClient-DSkvaer" at "2026-06-07T21:42:33.1662774Z"
Date: 2026-06-07T21:42:33Z

COMMAND LINE ARGUMENTS:
H:\Unity\6.1\6000.3.14f1\Editor\Unity.exe
-batchmode
-projectPath
H:\Unity\Project\C1_DSkvaer_Game\C1_DSkvaer_Game
-executeMethod
C1.EditorTools.PlayerSkillPackBuilder.CreateBaseRpgSkillPack
-quit
-logFile
H:\Unity\Project\C1_DSkvaer_Game\unity-player-skills.log
Successfully changed project path to: H:\Unity\Project\C1_DSkvaer_Game\C1_DSkvaer_Game
H:/Unity/Project/C1_DSkvaer_Game/C1_DSkvaer_Game
[UnityMemory] Configuration Parameters - Can be set up in boot.config
    "memorysetup-temp-allocator-size-nav-mesh-worker=65536"
    "memorysetup-temp-allocator-size-audio-worker=65536"
    "memorysetup-temp-allocator-size-gfx=262144"
    "memorysetup-allocator-temp-initial-block-size-main=262144"
    "memorysetup-allocator-temp-initial-block-size-worker=262144"
    "memorysetup-temp-allocator-size-background-worker=32768"
    "memorysetup-temp-allocator-size-job-worker=262144"
    "memorysetup-temp-allocator-size-preload-manager=33554432"
    "memorysetup-temp-allocator-size-gi-baking-worker=262144"
    "memorysetup-temp-allocator-size-gi-baking-worker=262144"
    "memorysetup-temp-allocator-size-gi-baking-worker=262144"
    "memorysetup-temp-allocator-size-gi-baking-worker=262144"
    "memorysetup-temp-allocator-size-gi-baking-worker=262144"
    "memorysetup-bucket-allocator-granularity=16"
    "memorysetup-bucket-allocator-bucket-count=8"
    "memorysetup-bucket-allocator-block-size=33554432"
    "memorysetup-bucket-allocator-block-count=8"
    "memorysetup-main-allocator-block-size=16777216"
    "memorysetup-thread-allocator-block-size=16777216"
    "memorysetup-gfx-main-allocator-block-size=16777216"
    "memorysetup-gfx-thread-allocator-block-size=16777216"
    "memorysetup-cache-allocator-block-size=4194304"
    "memorysetup-typetree-allocator-block-size=2097152"
    "memorysetup-profiler-bucket-allocator-granularity=16"
    "memorysetup-profiler-bucket-allocator-bucket-count=8"
    "memorysetup-profiler-bucket-allocator-block-size=33554432"
    "memorysetup-profiler-bucket-allocator-block-count=8"
    "memorysetup-profiler-allocator-block-size=16777216"
    "memorysetup-profiler-editor-allocator-block-size=1048576"
    "memorysetup-temp-allocator-size-main=16777216"
    "memorysetup-job-temp-allocator-block-size=2097152"
    "memorysetup-job-temp-allocator-block-size-background=1048576"
    "memorysetup-job-temp-allocator-reduction-small-platforms=262144"
    "memorysetup-temp-allocator-size-cloud-worker=32768"
Player connection [11716]  Target information:

Player connection [11716]  * "[IP] 192.168.31.115 [Port] 55504 [Flags] 2 [Guid] 483702826 [EditorId] 483702826 [Version] 1048832 [Id] WindowsEditor(7,DESKTOP-CQA9PKC) [Debug] 1 [PackageName] WindowsEditor [ProjectName] Editor" 

Player connection [11716] Host joined multi-casting on [225.0.0.222:54997]...
Player connection [11716] Host joined alternative multi-casting on [225.0.0.222:34997]...
Input System module state changed to: Initialized.
[Physics::Module] Initialized fallback backend.
[Physics::Module] Id: 0xdecafbad
[Package Manager] Connected to IPC stream "Upm-1208" after 0.5 seconds.
[Licensing::Module] Licensing is not yet initialized.
[Licensing::Client] Error: HandshakeResponse reported an error:
	ResponseCode: 505
	ResponseStatus: Unsupported protocol version '1.18.1'.
[Licensing::Module] Error: Failed to handshake to channel: "LicenseClient-DSkvaer"
[Licensing::IpcConnector] LicenseClient-DSkvaer channel disconnected successfully.
[Licensing::IpcConnector] Channel LicenseClient-DSkvaer-6000.3.14 doesn't exist
[Licensing::Module] Successfully launched the LicensingClient (PId: 10924)
[Licensing::IpcConnector] Successfully connected to: "LicenseClient-DSkvaer-6000.3.14" at "2026-06-07T21:42:35.0727688Z"
[Licensing::Client] Handshaking with LicensingClient:
  Version:                 1.18.1+9fbee8e
  Session Id:              6e8e209ef8854fc28d9dcef1d8f3f8b6
  Correlation Id:          07c57b1eb3db6242c1f67f4c6aef932d
  External correlation Id: 2576742212756255416
  Machine Id:              1BZhsaqfCEPia+won1Da4r0w1vE=
[Licensing::Module] Successfully connected to LicensingClient on channel: "LicenseClient-DSkvaer-6000.3.14" (connect: 0.37s, validation: 0.06s, handshake: 1.39s)
[Licensing::IpcConnector] Successfully connected to: "LicenseClient-DSkvaer-6000.3.14-notifications" at "2026-06-07T21:42:36.5269816Z"
[Licensing::Module] Connected to LicensingClient (PId: 10924, launch time: 0.00, total connection time: 1.83s)
[Licensing::Module] Error: Access token is unavailable; failed to update
[Licensing::Client] Successfully resolved entitlement details
[Licensing::Module] License group:
  Id: 7972077664244-UnityPersXXXX
  Product: Unity Personal
  Type: Assigned
  Expiration: Unlimited
[Licensing::Client] Successfully updated license, isAsync: True, time: 0.01
[Licensing::Client] Successfully resolved entitlement details
[Licensing::Module] Licensing Background thread has ended after 3.41s
[Licensing::Module] Licensing is initialized (took 2.80s).
[Licensing::Client] Successfully resolved entitlement details
Library Redirect Path: Library/
[Physics::Module] Selected backend.
[Physics::Module] Name: PhysX
[Physics::Module] Id: 0xf2b8ea05
[Physics::Module] SDK Version: 4.1.2
[Physics::Module] Integration Version: 1.0.0
[Physics::Module] Threading Mode: Multi-Threaded
Refreshing native plugins compatible for Editor in 0.92 ms, found 0 plugins.
Preloading 0 native plugins for Editor in 0.00 ms.
Initialize engine version: 6000.3.14f1 (d68c3f99a318)
[Subsystems] Discovering subsystems at path H:/Unity/6.1/6000.3.14f1/Editor/Data/Resources/UnitySubsystems
[Subsystems] Discovering subsystems at path H:/Unity/Project/C1_DSkvaer_Game/C1_DSkvaer_Game/Assets
GfxDevice: creating device client; kGfxThreadingModeNonThreaded
Direct3D:
    Version:  Direct3D 11.0 [level 11.1]
    Renderer: NVIDIA GeForce GTX 1070 (ID=0x1b81)
    Vendor:   NVIDIA
    VRAM:     8067 MB
    Driver:   32.0.15.8157
Initialize mono
Mono path[0] = 'H:/Unity/6.1/6000.3.14f1/Editor/Data/Managed'
Mono path[1] = 'H:/Unity/6.1/6000.3.14f1/Editor/Data/MonoBleedingEdge/lib/mono/unityjit-win32'
Mono config path = 'H:/Unity/6.1/6000.3.14f1/Editor/Data/MonoBleedingEdge/etc'
Using monoOptions --debugger-agent=transport=dt_socket,embedding=1,server=y,suspend=n,address=127.0.0.1:56208
Using cacheserver namespaces - metadata:defaultmetadata, artifacts:defaultartifacts
Using cacheserver namespaces - metadata:defaultmetadata, artifacts:defaultartifacts
ImportWorker Server TCP listen port: 0
AcceleratorClientConnectionCallback - disconnected - :0
Begin MonoManager ReloadAssembly
Registering precompiled unity dll's ...
Register platform support module: H:/Unity/6.1/6000.3.14f1/Editor/Data/PlaybackEngines/WindowsStandaloneSupport/UnityEditor.WindowsStandalone.Extensions.dll
Registered in 0.001303 seconds.
- Loaded All Assemblies, in  0.538 seconds
Native extension for WindowsStandalone target not found
Package Manager log level set to [2]
ScheduleIndexationOnStartup MainProcess:False IndexOnStartup:True
Mono: successfully reloaded assembly
- Finished resetting the current domain, in  0.500 seconds
Domain Reload Profiling: 1037ms
	BeginReloadAssembly (172ms)
		ExecutionOrderSort (0ms)
		DisableScriptedObjects (0ms)
		BackupInstance (0ms)
		ReleaseScriptingObjects (0ms)
		CreateAndSetChildDomain (19ms)
	RebuildCommonClasses (50ms)
	RebuildNativeTypeToScriptingClass (20ms)
	initialDomainReloadingComplete (51ms)
	LoadAllAssembliesAndSetupDomain (244ms)
		LoadAssemblies (153ms)
		RebuildTransferFunctionScriptingTraits (0ms)
		AnalyzeDomain (241ms)
			TypeCache.Refresh (239ms)
				TypeCache.ScanAssembly (221ms)
			BuildScriptInfoCaches (0ms)
			ResolveRequiredComponents (1ms)
	FinalizeReload (500ms)
		ReleaseScriptCaches (0ms)
		RebuildScriptCaches (0ms)
		SetupLoadedEditorAssemblies (445ms)
			LogAssemblyErrors (0ms)
			InitializePlatformSupportModulesInManaged (57ms)
			SetLoadedEditorAssemblies (6ms)
			BeforeProcessingInitializeOnLoad (105ms)
			ProcessInitializeOnLoadAttributes (173ms)
			ProcessInitializeOnLoadMethodAttributes (105ms)
			AfterProcessingInitializeOnLoad (0ms)
			EditorAssembliesLoaded (0ms)
		ExecutionOrderSort2 (0ms)
		AwakeInstancesAfterBackupRestoration (0ms)
[Licensing::Client] Successfully resolved entitlement details
Application.AssetDatabase Initial Refresh Start
[Package Manager] Restoring resolved packages state from cache
[Licensing::Client] Successfully resolved entitlement details
[Package Manager] Registered 67 packages:
  Packages from [https://packages.unity.com]:
    com.unity.2d.animation@13.0.4 (location: H:\Unity\Project\C1_DSkvaer_Game\C1_DSkvaer_Game\Library\PackageCache\com.unity.2d.animation@7396d8477ca9)
    com.unity.2d.aseprite@3.0.1 (location: H:\Unity\Project\C1_DSkvaer_Game\C1_DSkvaer_Game\Library\PackageCache\com.unity.2d.aseprite@809e3a168ff7)
    com.unity.2d.psdimporter@12.0.1 (location: H:\Unity\Project\C1_DSkvaer_Game\C1_DSkvaer_Game\Library\PackageCache\com.unity.2d.psdimporter@9abe0f7cac7e)
    com.unity.2d.spriteshape@13.0.0 (location: H:\Unity\Project\C1_DSkvaer_Game\C1_DSkvaer_Game\Library\PackageCache\com.unity.2d.spriteshape@0738bab11647)
    com.unity.2d.tilemap.extras@6.0.1 (location: H:\Unity\Project\C1_DSkvaer_Game\C1_DSkvaer_Game\Library\PackageCache\com.unity.2d.tilemap.extras@3dde84bf3867)
    com.unity.collab-proxy@2.12.4 (location: H:\Unity\Project\C1_DSkvaer_Game\C1_DSkvaer_Game\Library\PackageCache\com.unity.collab-proxy@0b1559bcd34e)
    com.unity.ide.rider@3.0.39 (location: H:\Unity\Project\C1_DSkvaer_Game\C1_DSkvaer_Game\Library\PackageCache\com.unity.ide.rider@4504839d03f7)
    com.unity.ide.visualstudio@2.0.26 (location: H:\Unity\Project\C1_DSkvaer_Game\C1_DSkvaer_Game\Library\PackageCache\com.unity.ide.visualstudio@a99d56dec63f)
    com.unity.inputsystem@1.19.0 (location: H:\Unity\Project\C1_DSkvaer_Game\C1_DSkvaer_Game\Library\PackageCache\com.unity.inputsystem@21a28c3a6c83)
    com.unity.timeline@1.8.12 (location: H:\Unity\Project\C1_DSkvaer_Game\C1_DSkvaer_Game\Library\PackageCache\com.unity.timeline@8cd8509afae5)
    com.unity.visualscripting@1.9.11 (location: H:\Unity\Project\C1_DSkvaer_Game\C1_DSkvaer_Game\Library\PackageCache\com.unity.visualscripting@8bed5ad90189)
    com.unity.2d.common@12.0.2 (location: H:\Unity\Project\C1_DSkvaer_Game\C1_DSkvaer_Game\Library\PackageCache\com.unity.2d.common@800085e896ad)
    com.unity.mathematics@1.3.3 (location: H:\Unity\Project\C1_DSkvaer_Game\C1_DSkvaer_Game\Library\PackageCache\com.unity.mathematics@19a9377c4ffa)
    com.unity.collections@2.6.5 (location: H:\Unity\Project\C1_DSkvaer_Game\C1_DSkvaer_Game\Library\PackageCache\com.unity.collections@12999e356c23)
    com.unity.searcher@4.9.4 (location: H:\Unity\Project\C1_DSkvaer_Game\C1_DSkvaer_Game\Library\PackageCache\com.unity.searcher@d45a78918735)
    com.unity.burst@1.8.29 (location: H:\Unity\Project\C1_DSkvaer_Game\C1_DSkvaer_Game\Library\PackageCache\com.unity.burst@6bb9aca3ef38)
    com.unity.nuget.mono-cecil@1.11.6 (location: H:\Unity\Project\C1_DSkvaer_Game\C1_DSkvaer_Game\Library\PackageCache\com.unity.nuget.mono-cecil@ecb9724e46ff)
    com.unity.test-framework.performance@3.4.0 (location: H:\Unity\Project\C1_DSkvaer_Game\C1_DSkvaer_Game\Library\PackageCache\com.unity.test-framework.performance@aa81a99c4a75)
  Built-in packages:
    com.unity.2d.sprite@1.0.0 (location: H:\Unity\Project\C1_DSkvaer_Game\C1_DSkvaer_Game\Library\PackageCache\com.unity.2d.sprite@d14b9d497a24)
    com.unity.2d.tilemap@1.0.0 (location: H:\Unity\Project\C1_DSkvaer_Game\C1_DSkvaer_Game\Library\PackageCache\com.unity.2d.tilemap@43eb9b2da17d)
    com.unity.multiplayer.center@1.0.1 (location: H:\Unity\Project\C1_DSkvaer_Game\C1_DSkvaer_Game\Library\PackageCache\com.unity.multiplayer.center@f01f4ba8d00a)
    com.unity.render-pipelines.universal@17.3.0 (location: H:\Unity\Project\C1_DSkvaer_Game\C1_DSkvaer_Game\Library\PackageCache\com.unity.render-pipelines.universal@3b809f23691d)
    com.unity.test-framework@1.6.0 (location: H:\Unity\Project\C1_DSkvaer_Game\C1_DSkvaer_Game\Library\PackageCache\com.unity.test-framework@aebcb98460c6)
    com.unity.ugui@2.0.0 (location: H:\Unity\Project\C1_DSkvaer_Game\C1_DSkvaer_Game\Library\PackageCache\com.unity.ugui@8ccc29d23a79)
    com.unity.modules.accessibility@1.0.0 (location: H:\Unity\Project\C1_DSkvaer_Game\C1_DSkvaer_Game\Library\PackageCache\com.unity.modules.accessibility)
    com.unity.modules.adaptiveperformance@1.0.0 (location: H:\Unity\Project\C1_DSkvaer_Game\C1_DSkvaer_Game\Library\PackageCache\com.unity.modules.adaptiveperformance)
    com.unity.modules.ai@1.0.0 (location: H:\Unity\Project\C1_DSkvaer_Game\C1_DSkvaer_Game\Library\PackageCache\com.unity.modules.ai)
    com.unity.modules.androidjni@1.0.0 (location: H:\Unity\Project\C1_DSkvaer_Game\C1_DSkvaer_Game\Library\PackageCache\com.unity.modules.androidjni)
    com.unity.modules.animation@1.0.0 (location: H:\Unity\Project\C1_DSkvaer_Game\C1_DSkvaer_Game\Library\PackageCache\com.unity.modules.animation)
    com.unity.modules.assetbundle@1.0.0 (location: H:\Unity\Project\C1_DSkvaer_Game\C1_DSkvaer_Game\Library\PackageCache\com.unity.modules.assetbundle)
    com.unity.modules.audio@1.0.0 (location: H:\Unity\Project\C1_DSkvaer_Game\C1_DSkvaer_Game\Library\PackageCache\com.unity.modules.audio)
    com.unity.modules.cloth@1.0.0 (location: H:\Unity\Project\C1_DSkvaer_Game\C1_DSkvaer_Game\Library\PackageCache\com.unity.modules.cloth)
    com.unity.modules.director@1.0.0 (location: H:\Unity\Project\C1_DSkvaer_Game\C1_DSkvaer_Game\Library\PackageCache\com.unity.modules.director)
    com.unity.modules.imageconversion@1.0.0 (location: H:\Unity\Project\C1_DSkvaer_Game\C1_DSkvaer_Game\Library\PackageCache\com.unity.modules.imageconversion)
    com.unity.modules.imgui@1.0.0 (location: H:\Unity\Project\C1_DSkvaer_Game\C1_DSkvaer_Game\Library\PackageCache\com.unity.modules.imgui)
    com.unity.modules.jsonserialize@1.0.0 (location: H:\Unity\Project\C1_DSkvaer_Game\C1_DSkvaer_Game\Library\PackageCache\com.unity.modules.jsonserialize)
    com.unity.modules.particlesystem@1.0.0 (location: H:\Unity\Project\C1_DSkvaer_Game\C1_DSkvaer_Game\Library\PackageCache\com.unity.modules.particlesystem)
    com.unity.modules.physics@1.0.0 (location: H:\Unity\Project\C1_DSkvaer_Game\C1_DSkvaer_Game\Library\PackageCache\com.unity.modules.physics)
    com.unity.modules.physics2d@1.0.0 (location: H:\Unity\Project\C1_DSkvaer_Game\C1_DSkvaer_Game\Library\PackageCache\com.unity.modules.physics2d)
    com.unity.modules.screencapture@1.0.0 (location: H:\Unity\Project\C1_DSkvaer_Game\C1_DSkvaer_Game\Library\PackageCache\com.unity.modules.screencapture)
    com.unity.modules.terrain@1.0.0 (location: H:\Unity\Project\C1_DSkvaer_Game\C1_DSkvaer_Game\Library\PackageCache\com.unity.modules.terrain)
    com.unity.modules.terrainphysics@1.0.0 (location: H:\Unity\Project\C1_DSkvaer_Game\C1_DSkvaer_Game\Library\PackageCache\com.unity.modules.terrainphysics)
    com.unity.modules.tilemap@1.0.0 (location: H:\Unity\Project\C1_DSkvaer_Game\C1_DSkvaer_Game\Library\PackageCache\com.unity.modules.tilemap)
    com.unity.modules.ui@1.0.0 (location: H:\Unity\Project\C1_DSkvaer_Game\C1_DSkvaer_Game\Library\PackageCache\com.unity.modules.ui)
    com.unity.modules.uielements@1.0.0 (location: H:\Unity\Project\C1_DSkvaer_Game\C1_DSkvaer_Game\Library\PackageCache\com.unity.modules.uielements)
    com.unity.modules.umbra@1.0.0 (location: H:\Unity\Project\C1_DSkvaer_Game\C1_DSkvaer_Game\Library\PackageCache\com.unity.modules.umbra)
    com.unity.modules.unityanalytics@1.0.0 (location: H:\Unity\Project\C1_DSkvaer_Game\C1_DSkvaer_Game\Library\PackageCache\com.unity.modules.unityanalytics)
    com.unity.modules.unitywebrequest@1.0.0 (location: H:\Unity\Project\C1_DSkvaer_Game\C1_DSkvaer_Game\Library\PackageCache\com.unity.modules.unitywebrequest)
    com.unity.modules.unitywebrequestassetbundle@1.0.0 (location: H:\Unity\Project\C1_DSkvaer_Game\C1_DSkvaer_Game\Library\PackageCache\com.unity.modules.unitywebrequestassetbundle)
    com.unity.modules.unitywebrequestaudio@1.0.0 (location: H:\Unity\Project\C1_DSkvaer_Game\C1_DSkvaer_Game\Library\PackageCache\com.unity.modules.unitywebrequestaudio)
    com.unity.modules.unitywebrequesttexture@1.0.0 (location: H:\Unity\Project\C1_DSkvaer_Game\C1_DSkvaer_Game\Library\PackageCache\com.unity.modules.unitywebrequesttexture)
    com.unity.modules.unitywebrequestwww@1.0.0 (location: H:\Unity\Project\C1_DSkvaer_Game\C1_DSkvaer_Game\Library\PackageCache\com.unity.modules.unitywebrequestwww)
    com.unity.modules.vectorgraphics@1.0.0 (location: H:\Unity\Project\C1_DSkvaer_Game\C1_DSkvaer_Game\Library\PackageCache\com.unity.modules.vectorgraphics)
    com.unity.modules.vehicles@1.0.0 (location: H:\Unity\Project\C1_DSkvaer_Game\C1_DSkvaer_Game\Library\PackageCache\com.unity.modules.vehicles)
    com.unity.modules.video@1.0.0 (location: H:\Unity\Project\C1_DSkvaer_Game\C1_DSkvaer_Game\Library\PackageCache\com.unity.modules.video)
    com.unity.modules.vr@1.0.0 (location: H:\Unity\Project\C1_DSkvaer_Game\C1_DSkvaer_Game\Library\PackageCache\com.unity.modules.vr)
    com.unity.modules.wind@1.0.0 (location: H:\Unity\Project\C1_DSkvaer_Game\C1_DSkvaer_Game\Library\PackageCache\com.unity.modules.wind)
    com.unity.modules.xr@1.0.0 (location: H:\Unity\Project\C1_DSkvaer_Game\C1_DSkvaer_Game\Library\PackageCache\com.unity.modules.xr)
    com.unity.modules.subsystems@1.0.0 (location: H:\Unity\Project\C1_DSkvaer_Game\C1_DSkvaer_Game\Library\PackageCache\com.unity.modules.subsystems)
    com.unity.modules.hierarchycore@1.0.0 (location: H:\Unity\Project\C1_DSkvaer_Game\C1_DSkvaer_Game\Library\PackageCache\com.unity.modules.hierarchycore)
    com.unity.ext.nunit@2.0.5 (location: H:\Unity\Project\C1_DSkvaer_Game\C1_DSkvaer_Game\Library\PackageCache\com.unity.ext.nunit@d8c07649098d)
    com.unity.render-pipelines.core@17.3.0 (location: H:\Unity\Project\C1_DSkvaer_Game\C1_DSkvaer_Game\Library\PackageCache\com.unity.render-pipelines.core@02dfbe8e43de)
    com.unity.shadergraph@17.3.0 (location: H:\Unity\Project\C1_DSkvaer_Game\C1_DSkvaer_Game\Library\PackageCache\com.unity.shadergraph@28ee1cc75774)
    com.unity.render-pipelines.universal-config@17.0.3 (location: H:\Unity\Project\C1_DSkvaer_Game\C1_DSkvaer_Game\Library\PackageCache\com.unity.render-pipelines.universal-config@8dc1aab4af1d)
  Git packages:
    com.esotericsoftware.spine.spine-csharp@https://github.com/EsotericSoftware/spine-runtimes.git?path=spine-csharp/src#4.2 (location: H:\Unity\Project\C1_DSkvaer_Game\C1_DSkvaer_Game\Library\PackageCache\com.esotericsoftware.spine.spine-csharp@37cd8452689e)
    com.esotericsoftware.spine.spine-unity@https://github.com/EsotericSoftware/spine-runtimes.git?path=spine-unity/Assets/Spine#4.2 (location: H:\Unity\Project\C1_DSkvaer_Game\C1_DSkvaer_Game\Library\PackageCache\com.esotericsoftware.spine.spine-unity@40ef011498d2)
    com.esotericsoftware.spine.urp-shaders@https://github.com/EsotericSoftware/spine-runtimes.git?path=spine-unity/Modules/com.esotericsoftware.spine.urp-shaders#4.2 (location: H:\Unity\Project\C1_DSkvaer_Game\C1_DSkvaer_Game\Library\PackageCache\com.esotericsoftware.spine.urp-shaders@775af2d7ea49)
[Subsystems] No new subsystems found in resolved package list.
[Package Manager] Done registering packages in 0.02 seconds
Starting: H:\Unity\6.1\6000.3.14f1\Editor\Data\Tools\BuildPipeline\bee_backend.exe --ipc --defer-dag-verification --dagfile="Library/Bee/1900b0aEDbg.dag" --continue-on-failure --profile="Library/Bee/backend1.traceevents" ScriptAssemblies
WorkingDir: H:/Unity/Project/C1_DSkvaer_Game/C1_DSkvaer_Game
DisplayProgressbar: Compiling Scripts
ExitCode: 0 Duration: 0s389ms
[ 823/1061  0s] ILPP-Configuration Library/ilpp-configuration.nevergeneratedoutput
*** Tundra build success (0.36 seconds), 1 items updated, 1061 evaluated
AssetDatabase: script compilation time: 0.951159s
Begin MonoManager ReloadAssembly
- Loaded All Assemblies, in  1.242 seconds
Refreshing native plugins compatible for Editor in 2.56 ms, found 5 plugins.
Native extension for WindowsStandalone target not found
Refreshing native plugins compatible for Editor in 2.36 ms, found 5 plugins.
ScheduleIndexationOnStartup MainProcess:True IndexOnStartup:True
Mono: successfully reloaded assembly
- Finished resetting the current domain, in  6.821 seconds
Domain Reload Profiling: 8060ms
	BeginReloadAssembly (365ms)
		ExecutionOrderSort (0ms)
		DisableScriptedObjects (21ms)
		BackupInstance (0ms)
		ReleaseScriptingObjects (0ms)
		CreateAndSetChildDomain (160ms)
	RebuildCommonClasses (54ms)
	RebuildNativeTypeToScriptingClass (19ms)
	initialDomainReloadingComplete (39ms)
	LoadAllAssembliesAndSetupDomain (763ms)
		LoadAssemblies (529ms)
		RebuildTransferFunctionScriptingTraits (0ms)
		AnalyzeDomain (378ms)
			TypeCache.Refresh (257ms)
				TypeCache.ScanAssembly (241ms)
			BuildScriptInfoCaches (100ms)
			ResolveRequiredComponents (17ms)
	FinalizeReload (6821ms)
		ReleaseScriptCaches (0ms)
		RebuildScriptCaches (0ms)
		SetupLoadedEditorAssemblies (6529ms)
			LogAssemblyErrors (0ms)
			InitializePlatformSupportModulesInManaged (30ms)
			SetLoadedEditorAssemblies (7ms)
			BeforeProcessingInitializeOnLoad (303ms)
			ProcessInitializeOnLoadAttributes (6002ms)
			ProcessInitializeOnLoadMethodAttributes (183ms)
			AfterProcessingInitializeOnLoad (4ms)
			EditorAssembliesLoaded (0ms)
		ExecutionOrderSort2 (0ms)
		AwakeInstancesAfterBackupRestoration (29ms)
Asset Pipeline Refresh (id=1c082772ef83ecd4cb29d23199a55aa4): Total: 10.120 seconds - Initiated by InitialRefreshV2(ForceSynchronousImport)
	Summary:
		Imports: total=0 (actual=0, local cache=0, cache server=0)
		Asset DB Process Time: managed=0 ms, native=7700 ms
		Asset DB Callback time: managed=40 ms, native=24 ms
		Scripting: domain reloads=1, domain reload time=1242 ms, compile time=952 ms, other=159 ms
		Project Asset Count: scripts=1744, non-scripts=3894
		Asset File Changes: new=0, changed=0, moved=0, deleted=0
		Scan Filter Count: 0
	InvokeCustomDependenciesCallbacks: 0.001ms
	InvokePackagesCallback: 25.606ms
	ApplyChangesToAssetFolders: 0.768ms
	Scan: 277.752ms
	OnSourceAssetsModified: 0.004ms
	CategorizeAssetsWithTransientArtifact: 97.894ms
	ProcessAssetsWithTransientArtifactChanges: 124.915ms
	CategorizeAssets: 81.443ms
	ImportOutOfDateAssets: 6836.867ms (5880.990ms without children)
		CompileScripts: 952.450ms
		ReloadNativeAssets: 0.035ms
		UnloadImportedAssets: 0.837ms
		EnsureUptoDateAssetsAreRegisteredWithGuidPM: 1.418ms
		InitializingProgressBar: 0.001ms
		PostProcessAllAssetNotificationsAddChangedAssets: 0.001ms
		OnDemandSchedulerStart: 1.135ms
	PostProcessAllAssets: 40.968ms
	GatherAllCurrentPrimaryArtifactRevisions: 0.002ms
	UnloadStreamsBegin: 4.528ms
	PersistCurrentRevisions: 0.277ms
	UnloadStreamsEnd: 0.002ms
	GenerateScriptTypeHashes: 5.126ms
	Untracked: 2629.448ms

Application.AssetDatabase Initial Refresh End
Launched and connected shader compiler UnityShaderCompiler.exe after 0.01 seconds
Scanning for USB devices : 2.093ms
Initializing Unity extensions:
[MODES] ModeService[none].Initialize
[MODES] ModeService[none].LoadModes
[MODES] Loading mode Default (0) for mode-current-id-С1.0
GetVirtualKey: Could not map char: z (122) to any virtual key
GetVirtualKey: Could not map char: y (121) to any virtual key
GetVirtualKey: Could not map char: x (120) to any virtual key
GetVirtualKey: Could not map char: c (99) to any virtual key
GetVirtualKey: Could not map char: v (118) to any virtual key
GetVirtualKey: Could not map char: V (86) to any virtual key
GetVirtualKey: Could not map char: d (100) to any virtual key
GetVirtualKey: Could not map char: f (102) to any virtual key
GetVirtualKey: Could not map char: f (102) to any virtual key
GetVirtualKey: Could not map char: a (97) to any virtual key
GetVirtualKey: Could not map char: d (100) to any virtual key
GetVirtualKey: Could not map char: c (99) to any virtual key
GetVirtualKey: Could not map char: r (114) to any virtual key
GetVirtualKey: Could not map char: i (105) to any virtual key
GetVirtualKey: Could not map char: l (108) to any virtual key
GetVirtualKey: Could not map char: f (102) to any virtual key
GetVirtualKey: Could not map char: k (107) to any virtual key
GetVirtualKey: Could not map char: p (112) to any virtual key
GetVirtualKey: Could not map char: p (112) to any virtual key
GetVirtualKey: Could not map char: p (112) to any virtual key
GetVirtualKey: Could not map char: c (99) to any virtual key
GetVirtualKey: Could not map char: r (114) to any virtual key
GetVirtualKey: Could not map char: P (80) to any virtual key
GetVirtualKey: Could not map char: n (110) to any virtual key
GetVirtualKey: Could not map char: n (110) to any virtual key
GetVirtualKey: Could not map char: g (103) to any virtual key
GetVirtualKey: Could not map char: f (102) to any virtual key
GetVirtualKey: Could not map char: f (102) to any virtual key
GetVirtualKey: Could not map char: a (97) to any virtual key
GetVirtualKey: Could not map char: a (97) to any virtual key
GetVirtualKey: Could not map char: n (110) to any virtual key
GetVirtualKey: Could not map char: o (111) to any virtual key
GetVirtualKey: Could not map char: s (115) to any virtual key
GetVirtualKey: Could not map char: s (115) to any virtual key
GetVirtualKey: Could not map char: b (98) to any virtual key
GetVirtualKey: Could not map char: b (98) to any virtual key
GetVirtualKey: Could not map char: c (99) to any virtual key
GetVirtualKey: Could not map char: u (117) to any virtual key
Unloading 34 Unused Serialized files (Serialized files now loaded: 0)
Unloading 7512 unused Assets / (8.3 MB). Loaded Objects now: 8417.
Memory consumption went from 239.2 MB to 230.8 MB.
Total: 19.244000 ms (FindLiveObjects: 0.981100 ms CreateObjectMapping: 2.090500 ms MarkObjects: 9.894000 ms  DeleteObjects: 6.277100 ms)

Start importing Assets/C1/Prefabs/Player/Platformer/Settings/Skills/Skill_edge_hanging.asset using Guid(015d42dfb8bdc8d4cad00b821cf57455) (NativeFormatImporter) -> (artifact id: '52940612f3133f608aa14b5a49736b96') in 0.0094855 seconds
Start importing Assets/C1/Prefabs/Player/Platformer/Settings/Skills/Skill_running.asset using Guid(61328205eb7274c47a47aebaa0e562dc) (NativeFormatImporter) -> (artifact id: '2e508554a7adc37033435ac7bffdaf40') in 0.0014353 seconds
Start importing Assets/C1/Prefabs/Player/Platformer/Settings/Skills/Skill_shooting.asset using Guid(733b2c2101aba2046b310a937a2d7640) (NativeFormatImporter) -> (artifact id: '88d61ded5a0bdfbfecc87a2e511d363f') in 0.0013714 seconds
Start importing Assets/C1/Prefabs/Player/Platformer/Settings/Hero_CommonSkillTree.asset using Guid(e478376782d964f4ea814875e54af381) (NativeFormatImporter) -> (artifact id: '5d3803b3cccf9d7eab880416793adc0a') in 0.0016198 seconds
Start importing Assets/C1/Prefabs/Player/Platformer/Settings/Skills/Skill_throwing.asset using Guid(05cdb059bd72d5c43a7e51a22314808d) (NativeFormatImporter) -> (artifact id: '8a33a11e49e18e0eaa8ec8cf1d017d3d') in 0.0014847 seconds
Start importing Assets/C1/Prefabs/Player/Platformer/Settings/Skills/Skill_jumping.asset using Guid(5559ce14fe0205045913af813ac2488e) (NativeFormatImporter) -> (artifact id: '45b4c065eac2413c457dcc0a6467ef4b') in 0.0014832 seconds
Start importing Assets/C1/Prefabs/Player/Platformer/Settings/Hero_DefaultClass.asset using Guid(96a013d76ddaea74caf476787a26163f) (NativeFormatImporter) -> (artifact id: 'abb7419d855b0e3a98d4db6eedde9329') in 0.001267 seconds
Start importing Assets/C1/Prefabs/Player/Platformer/Settings/Skills/Skill_melee.asset using Guid(a6e98107be4c28f43a50494b423ebd52) (NativeFormatImporter) -> (artifact id: 'deff32e573a315c2833f4eaa6e6cb6b1') in 0.0016785 seconds
Start importing Assets/C1/Prefabs/Player/Platformer/Settings/Skills/Skill_platform_climb.asset using Guid(b6410c1c4af75934790009b519e2989c) (NativeFormatImporter) -> (artifact id: 'b1f6ded53e935011cc533b0814aaa9b3') in 0.0017304 seconds
Start importing Assets/C1/Prefabs/Player/Platformer/Settings/Skills/Skill_diving.asset using Guid(f69aed3591cdd6a4c8d810963dd3dc49) (NativeFormatImporter) -> (artifact id: '4b1398cc339ab15406c28170a09d86d5') in 0.0015512 seconds
Start importing Assets/C1/Prefabs/Player/Platformer/Settings/Skills/Skill_swimming.asset using Guid(f755cd9959606c843a13f7cef245579e) (NativeFormatImporter) -> (artifact id: '02d1dd86e4bfdea1e51b7be575b93bcf') in 0.0011934 seconds
Start importing Assets/C1/Prefabs/Player/Platformer/Settings/Skills/Skill_walking.asset using Guid(784fda0b8939c8046bf4070085d14256) (NativeFormatImporter) -> (artifact id: 'b80a97e75e8a431c0d7c9d5476fd84e3') in 0.0012313 seconds
Start importing Assets/C1/Prefabs/Player/Platformer/Settings/Skills/Skill_weapon_handling.asset using Guid(98cc438ae10df6d408780731189b499b) (NativeFormatImporter) -> (artifact id: '314d6b9945999d82fc9ee09a53892f4f') in 0.001498 seconds
Start importing Assets/C1/Prefabs/Player/Platformer/Settings/Skills/Skill_look_up.asset using Guid(f870c977b0f24ed42be4b0e39552a65b) (NativeFormatImporter) -> (artifact id: 'ea913db4f5e5353605a70ee8a68a7707') in 0.0014743 seconds
Start importing Assets/C1/Prefabs/Player/Platformer/Settings/Skills/Skill_ladder_climbing.asset using Guid(2a00a2ee5dbc94c4ea06fb4a939563e9) (NativeFormatImporter) -> (artifact id: '8beef704bb1bbb3afb6206c724cc6a8d') in 0.0014318 seconds
Start importing Assets/C1/Prefabs/Player/Platformer/Settings/Skills/Skill_ledge_grab.asset using Guid(3a26a39e15ef3414ba986a1005391574) (NativeFormatImporter) -> (artifact id: 'ae8309f69b351f73a050961a6a2869c0') in 0.0010904 seconds
Start importing Assets/C1/Prefabs/Player/Platformer/Settings/Skills/Skill_interaction.asset using Guid(5cfb90baf4f7eee40951f0a06d42b87a) (NativeFormatImporter) -> (artifact id: '9a188f1372c946d04bd7872a0e2502b5') in 0.0013285 seconds
Start importing Assets/C1/Prefabs/Player/Platformer/Settings/Skills/Skill_crouching.asset using Guid(dcccbd0e3e96eda40b003498f3db04f9) (NativeFormatImporter) -> (artifact id: '87292494dc12b18c82ab0ac4258c2511') in 0.0016633 seconds
Start importing Assets/C1/Prefabs/Player/Platformer/Settings/Skills/Skill_sailing.asset using Guid(2e85c81346998e94ea4a7c8d2e5064bf) (NativeFormatImporter) -> (artifact id: '7d373ac0578dc54ca84ac35150c5b05a') in 0.0014232 seconds
Start importing Assets/C1/Prefabs/Player/Platformer/Settings/Skills/Skill_pushing.asset using Guid(afd25de14f2c1d041a3d3de4df115fb2) (NativeFormatImporter) -> (artifact id: 'b0f658f79970daa57bfc83c89e469ee3') in 0.0012486 seconds
Refreshing native plugins compatible for Editor in 1.80 ms, found 5 plugins.
Preloading 0 native plugins for Editor in 0.00 ms.
Asset Pipeline Refresh (id=b643ce5825fed6f4fb79691efbf4da21): Total: 0.468 seconds - Initiated by StopAssetImportingV2(NoUpdateAssetOptions)
	Summary:
		Imports: total=20 (actual=20, local cache=0, cache server=0)
		Asset DB Process Time: managed=6 ms, native=111 ms
		Asset DB Callback time: managed=343 ms, native=5 ms
		Scripting: domain reloads=0, domain reload time=0 ms, compile time=0 ms, other=0 ms
		Project Asset Count: scripts=1744, non-scripts=3894
		Asset File Changes: new=0, changed=0, moved=0, deleted=0
		Scan Filter Count: 27
	InvokeCustomDependenciesCallbacks: 0.001ms
	InvokePackagesCallback: 0.000ms
	ApplyChangesToAssetFolders: 0.163ms
	Scan: 19.316ms
	OnSourceAssetsModified: 0.000ms
	CategorizeAssetsWithTransientArtifact: 0.024ms
	ProcessAssetsWithTransientArtifactChanges: 0.085ms
	CategorizeAssets: 45.370ms
	ImportOutOfDateAssets: 47.166ms (0.387ms without children)
		ImportManagerImport: 45.250ms (1.797ms without children)
			ImportInProcess: 43.264ms
			UpdateCategorizedAssets: 0.190ms
		ReloadNativeAssets: 0.041ms
		UnloadImportedAssets: 0.192ms
		ReloadImportedAssets: 0.002ms
		EnsureUptoDateAssetsAreRegisteredWithGuidPM: 0.814ms
		InitializingProgressBar: 0.004ms
		PostProcessAllAssetNotificationsAddChangedAssets: 0.001ms
		OnDemandSchedulerStart: 0.474ms
	PostProcessAllAssets: 347.021ms
	Hotreload: 2.384ms
	GatherAllCurrentPrimaryArtifactRevisions: 0.362ms
	UnloadStreamsBegin: 0.080ms
	PersistCurrentRevisions: 0.229ms
	UnloadStreamsEnd: 0.001ms
	Untracked: 5.438ms

Asset Pipeline Refresh (id=49959ec8d2e5ae248b8719f1b062a8d4): Total: 0.011 seconds - Initiated by RefreshV2(NoUpdateAssetOptions)
[PlayerSkillPackBuilder] Base RPG skill pack created: 18 skills.
UnityEngine.Debug:ExtractStackTraceNoAlloc (byte*,int,string)
UnityEngine.StackTraceUtility:ExtractStackTrace ()
UnityEngine.DebugLogHandler:Internal_Log (UnityEngine.LogType,UnityEngine.LogOption,string,UnityEngine.Object)
UnityEngine.DebugLogHandler:LogFormat (UnityEngine.LogType,UnityEngine.Object,string,object[])
UnityEngine.Logger:Log (UnityEngine.LogType,object)
UnityEngine.Debug:Log (object)
C1.EditorTools.PlayerSkillPackBuilder:CreateBaseRpgSkillPack () (at Assets/C1/Scripts/Editor/PlayerSkillPackBuilder.cs:42)

(Filename: Assets/C1/Scripts/Editor/PlayerSkillPackBuilder.cs Line: 42)

Batchmode quit successfully invoked - shutting down!
[Physics::Module] Cleanup current backend.
[Physics::Module] Id: 0xf2b8ea05
Input System module state changed to: ShutdownInProgress.
Input System polling thread exited.
Input System module state changed to: Shutdown.
[Licensing::IpcConnector] LicenseClient-DSkvaer-6000.3.14-notifications channel disconnected successfully.
[Licensing::IpcConnector] LicenseClient-DSkvaer-6000.3.14 channel disconnected successfully.
AcceleratorClientConnectionCallback - disconnected - :0
Cleanup mono
Exiting batchmode successfully now!
Exiting without the bug reporter. Application will terminate with return code 0