[Licensing::Module] Trying to connect to existing licensing client channel...
Built from '6000.3/staging' branch; Version is '6000.3.14f1 (d68c3f99a318) revision 14060607'; Using compiler version '194234433'; Build Type 'Release'
OS: 'Windows 10  (10.0.19045) 64bit Professional' Language: 'ru' Physical Memory: 32677 MB
[Licensing::IpcConnector] Channel LicenseClient-DSkvaer doesn't exist
BatchMode: 1, IsHumanControllingUs: 0, StartBugReporterOnCrash: 0, Is64bit: 1
System  architecture: x64
Process architecture: x64
Date: 2026-06-05T12:09:23Z
[Licensing::Module] Successfully launched the LicensingClient (PId: 7560)

COMMAND LINE ARGUMENTS:
H:\Unity\6.1\6000.3.14f1\Editor\Unity.exe
-batchmode
-projectPath
H:\Unity\Project\C1_DSkvaer_Game\C1_DSkvaer_Game
-quit
-logFile
H:\Unity\Project\C1_DSkvaer_Game\unity-platformer-compile.log
Successfully changed project path to: H:\Unity\Project\C1_DSkvaer_Game\C1_DSkvaer_Game
H:/Unity/Project/C1_DSkvaer_Game/C1_DSkvaer_Game
[UnityMemory] Configuration Parameters - Can be set up in boot.config
    "memorysetup-temp-allocator-size-nav-mesh-worker=65536"
    "memorysetup-temp-allocator-size-audio-worker=65536"
    "memorysetup-temp-allocator-size-gfx=262144"
    "memorysetup-allocator-temp-initial-block-size-main=262144"
    "memorysetup-allocator-temp-initial-block-size-worker=262144"
    "memorysetup-temp-allocator-size-background-worker=32768"
    "memorysetup-temp-allocator-size-job-worker=262144"
    "memorysetup-temp-allocator-size-preload-manager=33554432"
    "memorysetup-temp-allocator-size-gi-baking-worker=262144"
    "memorysetup-temp-allocator-size-gi-baking-worker=262144"
    "memorysetup-temp-allocator-size-gi-baking-worker=262144"
    "memorysetup-temp-allocator-size-gi-baking-worker=262144"
    "memorysetup-temp-allocator-size-gi-baking-worker=262144"
    "memorysetup-bucket-allocator-granularity=16"
    "memorysetup-bucket-allocator-bucket-count=8"
    "memorysetup-bucket-allocator-block-size=33554432"
    "memorysetup-bucket-allocator-block-count=8"
    "memorysetup-main-allocator-block-size=16777216"
    "memorysetup-thread-allocator-block-size=16777216"
    "memorysetup-gfx-main-allocator-block-size=16777216"
    "memorysetup-gfx-thread-allocator-block-size=16777216"
    "memorysetup-cache-allocator-block-size=4194304"
    "memorysetup-typetree-allocator-block-size=2097152"
    "memorysetup-profiler-bucket-allocator-granularity=16"
    "memorysetup-profiler-bucket-allocator-bucket-count=8"
    "memorysetup-profiler-bucket-allocator-block-size=33554432"
    "memorysetup-profiler-bucket-allocator-block-count=8"
    "memorysetup-profiler-allocator-block-size=16777216"
    "memorysetup-profiler-editor-allocator-block-size=1048576"
    "memorysetup-temp-allocator-size-main=16777216"
    "memorysetup-job-temp-allocator-block-size=2097152"
    "memorysetup-job-temp-allocator-block-size-background=1048576"
    "memorysetup-job-temp-allocator-reduction-small-platforms=262144"
    "memorysetup-temp-allocator-size-cloud-worker=32768"
Player connection [18148]  Target information:

Player connection [18148]  * "[IP] 192.168.31.115 [Port] 55504 [Flags] 2 [Guid] 3422912853 [EditorId] 3422912853 [Version] 1048832 [Id] WindowsEditor(7,DESKTOP-CQA9PKC) [Debug] 1 [PackageName] WindowsEditor [ProjectName] Editor" 

Player connection [18148] Host joined multi-casting on [225.0.0.222:54997]...
Player connection [18148] Host joined alternative multi-casting on [225.0.0.222:34997]...
Input System module state changed to: Initialized.
[Physics::Module] Initialized fallback backend.
[Physics::Module] Id: 0xdecafbad
[Licensing::IpcConnector] Successfully connected to: "LicenseClient-DSkvaer" at "2026-06-05T12:09:24.3628149Z"
[Package Manager] Connected to IPC stream "Upm-5892" after 0.4 seconds.
[Licensing::Module] Licensing is not yet initialized.
[Licensing::Client] Handshaking with LicensingClient:
  Version:                 1.18.1+9fbee8e
  Session Id:              5d985aee9a8041d7ae721259b935a03e
  Correlation Id:          e9979b3e8bb39cad84c30d1013f1982e
  External correlation Id: 85916972149741178
  Machine Id:              1BZhsaqfCEPia+won1Da4r0w1vE=
[Licensing::Module] Successfully connected to LicensingClient on channel: "LicenseClient-DSkvaer" (connect: 0.37s, validation: 0.05s, handshake: 1.23s)
[Licensing::IpcConnector] Successfully connected to: "LicenseClient-DSkvaer-notifications" at "2026-06-05T12:09:25.6398528Z"
[Licensing::Module] Connected to LicensingClient (PId: 7560, launch time: 0.00, total connection time: 1.65s)
[Licensing::Module] Error: Access token is unavailable; failed to update
[Licensing::Client] Successfully resolved entitlement details
[Licensing::Module] License group:
  Id: 7972077664244-UnityPersXXXX
  Product: Unity Personal
  Type: Assigned
  Expiration: Unlimited
[Licensing::Client] Successfully updated license, isAsync: True, time: 0.01
[Licensing::Client] Successfully resolved entitlement details
[Licensing::Module] Licensing Background thread has ended after 1.69s
[Licensing::Module] Licensing is initialized (took 1.20s).
[Licensing::Client] Successfully resolved entitlement details
Library Redirect Path: Library/
[Physics::Module] Selected backend.
[Physics::Module] Name: PhysX
[Physics::Module] Id: 0xf2b8ea05
[Physics::Module] SDK Version: 4.1.2
[Physics::Module] Integration Version: 1.0.0
[Physics::Module] Threading Mode: Multi-Threaded
Refreshing native plugins compatible for Editor in 0.39 ms, found 0 plugins.
Preloading 0 native plugins for Editor in 0.00 ms.
Initialize engine version: 6000.3.14f1 (d68c3f99a318)
[Subsystems] Discovering subsystems at path H:/Unity/6.1/6000.3.14f1/Editor/Data/Resources/UnitySubsystems
[Subsystems] Discovering subsystems at path H:/Unity/Project/C1_DSkvaer_Game/C1_DSkvaer_Game/Assets
GfxDevice: creating device client; kGfxThreadingModeNonThreaded
Direct3D:
    Version:  Direct3D 11.0 [level 11.1]
    Renderer: NVIDIA GeForce GTX 1070 (ID=0x1b81)
    Vendor:   NVIDIA
    VRAM:     8067 MB
    Driver:   32.0.15.8157
Initialize mono
Mono path[0] = 'H:/Unity/6.1/6000.3.14f1/Editor/Data/Managed'
Mono path[1] = 'H:/Unity/6.1/6000.3.14f1/Editor/Data/MonoBleedingEdge/lib/mono/unityjit-win32'
Mono config path = 'H:/Unity/6.1/6000.3.14f1/Editor/Data/MonoBleedingEdge/etc'
Using monoOptions --debugger-agent=transport=dt_socket,embedding=1,server=y,suspend=n,address=127.0.0.1:56892
Using cacheserver namespaces - metadata:defaultmetadata, artifacts:defaultartifacts
Using cacheserver namespaces - metadata:defaultmetadata, artifacts:defaultartifacts
ImportWorker Server TCP listen port: 0
AcceleratorClientConnectionCallback - disconnected - :0
Begin MonoManager ReloadAssembly
Registering precompiled unity dll's ...
Register platform support module: H:/Unity/6.1/6000.3.14f1/Editor/Data/PlaybackEngines/WindowsStandaloneSupport/UnityEditor.WindowsStandalone.Extensions.dll
Registered in 0.001218 seconds.
- Loaded All Assemblies, in  0.579 seconds
Native extension for WindowsStandalone target not found
Package Manager log level set to [2]
ScheduleIndexationOnStartup MainProcess:False IndexOnStartup:True
Mono: successfully reloaded assembly
- Finished resetting the current domain, in  0.561 seconds
Domain Reload Profiling: 1139ms
	BeginReloadAssembly (158ms)
		ExecutionOrderSort (0ms)
		DisableScriptedObjects (0ms)
		BackupInstance (0ms)
		ReleaseScriptingObjects (0ms)
		CreateAndSetChildDomain (9ms)
	RebuildCommonClasses (42ms)
	RebuildNativeTypeToScriptingClass (18ms)
	initialDomainReloadingComplete (50ms)
	LoadAllAssembliesAndSetupDomain (310ms)
		LoadAssemblies (149ms)
		RebuildTransferFunctionScriptingTraits (0ms)
		AnalyzeDomain (307ms)
			TypeCache.Refresh (304ms)
				TypeCache.ScanAssembly (285ms)
			BuildScriptInfoCaches (0ms)
			ResolveRequiredComponents (1ms)
	FinalizeReload (561ms)
		ReleaseScriptCaches (0ms)
		RebuildScriptCaches (0ms)
		SetupLoadedEditorAssemblies (508ms)
			LogAssemblyErrors (0ms)
			InitializePlatformSupportModulesInManaged (68ms)
			SetLoadedEditorAssemblies (6ms)
			BeforeProcessingInitializeOnLoad (109ms)
			ProcessInitializeOnLoadAttributes (200ms)
			ProcessInitializeOnLoadMethodAttributes (124ms)
			AfterProcessingInitializeOnLoad (0ms)
			EditorAssembliesLoaded (0ms)
		ExecutionOrderSort2 (0ms)
		AwakeInstancesAfterBackupRestoration (0ms)
[Licensing::Client] Successfully resolved entitlement details
Application.AssetDatabase Initial Refresh Start
[Package Manager] Restoring resolved packages state from cache
[Licensing::Client] Successfully resolved entitlement details
[Package Manager] Registered 67 packages:
  Packages from [https://packages.unity.com]:
    com.unity.2d.animation@13.0.4 (location: H:\Unity\Project\C1_DSkvaer_Game\C1_DSkvaer_Game\Library\PackageCache\com.unity.2d.animation@7396d8477ca9)
    com.unity.2d.aseprite@3.0.1 (location: H:\Unity\Project\C1_DSkvaer_Game\C1_DSkvaer_Game\Library\PackageCache\com.unity.2d.aseprite@809e3a168ff7)
    com.unity.2d.psdimporter@12.0.1 (location: H:\Unity\Project\C1_DSkvaer_Game\C1_DSkvaer_Game\Library\PackageCache\com.unity.2d.psdimporter@9abe0f7cac7e)
    com.unity.2d.spriteshape@13.0.0 (location: H:\Unity\Project\C1_DSkvaer_Game\C1_DSkvaer_Game\Library\PackageCache\com.unity.2d.spriteshape@0738bab11647)
    com.unity.2d.tilemap.extras@6.0.1 (location: H:\Unity\Project\C1_DSkvaer_Game\C1_DSkvaer_Game\Library\PackageCache\com.unity.2d.tilemap.extras@3dde84bf3867)
    com.unity.collab-proxy@2.12.4 (location: H:\Unity\Project\C1_DSkvaer_Game\C1_DSkvaer_Game\Library\PackageCache\com.unity.collab-proxy@0b1559bcd34e)
    com.unity.ide.rider@3.0.39 (location: H:\Unity\Project\C1_DSkvaer_Game\C1_DSkvaer_Game\Library\PackageCache\com.unity.ide.rider@4504839d03f7)
    com.unity.ide.visualstudio@2.0.26 (location: H:\Unity\Project\C1_DSkvaer_Game\C1_DSkvaer_Game\Library\PackageCache\com.unity.ide.visualstudio@a99d56dec63f)
    com.unity.inputsystem@1.19.0 (location: H:\Unity\Project\C1_DSkvaer_Game\C1_DSkvaer_Game\Library\PackageCache\com.unity.inputsystem@21a28c3a6c83)
    com.unity.timeline@1.8.12 (location: H:\Unity\Project\C1_DSkvaer_Game\C1_DSkvaer_Game\Library\PackageCache\com.unity.timeline@8cd8509afae5)
    com.unity.visualscripting@1.9.11 (location: H:\Unity\Project\C1_DSkvaer_Game\C1_DSkvaer_Game\Library\PackageCache\com.unity.visualscripting@8bed5ad90189)
    com.unity.2d.common@12.0.2 (location: H:\Unity\Project\C1_DSkvaer_Game\C1_DSkvaer_Game\Library\PackageCache\com.unity.2d.common@800085e896ad)
    com.unity.mathematics@1.3.3 (location: H:\Unity\Project\C1_DSkvaer_Game\C1_DSkvaer_Game\Library\PackageCache\com.unity.mathematics@19a9377c4ffa)
    com.unity.collections@2.6.5 (location: H:\Unity\Project\C1_DSkvaer_Game\C1_DSkvaer_Game\Library\PackageCache\com.unity.collections@12999e356c23)
    com.unity.searcher@4.9.4 (location: H:\Unity\Project\C1_DSkvaer_Game\C1_DSkvaer_Game\Library\PackageCache\com.unity.searcher@d45a78918735)
    com.unity.burst@1.8.29 (location: H:\Unity\Project\C1_DSkvaer_Game\C1_DSkvaer_Game\Library\PackageCache\com.unity.burst@6bb9aca3ef38)
    com.unity.nuget.mono-cecil@1.11.6 (location: H:\Unity\Project\C1_DSkvaer_Game\C1_DSkvaer_Game\Library\PackageCache\com.unity.nuget.mono-cecil@ecb9724e46ff)
    com.unity.test-framework.performance@3.4.0 (location: H:\Unity\Project\C1_DSkvaer_Game\C1_DSkvaer_Game\Library\PackageCache\com.unity.test-framework.performance@aa81a99c4a75)
  Built-in packages:
    com.unity.2d.sprite@1.0.0 (location: H:\Unity\Project\C1_DSkvaer_Game\C1_DSkvaer_Game\Library\PackageCache\com.unity.2d.sprite@d14b9d497a24)
    com.unity.2d.tilemap@1.0.0 (location: H:\Unity\Project\C1_DSkvaer_Game\C1_DSkvaer_Game\Library\PackageCache\com.unity.2d.tilemap@43eb9b2da17d)
    com.unity.multiplayer.center@1.0.1 (location: H:\Unity\Project\C1_DSkvaer_Game\C1_DSkvaer_Game\Library\PackageCache\com.unity.multiplayer.center@f01f4ba8d00a)
    com.unity.render-pipelines.universal@17.3.0 (location: H:\Unity\Project\C1_DSkvaer_Game\C1_DSkvaer_Game\Library\PackageCache\com.unity.render-pipelines.universal@3b809f23691d)
    com.unity.test-framework@1.6.0 (location: H:\Unity\Project\C1_DSkvaer_Game\C1_DSkvaer_Game\Library\PackageCache\com.unity.test-framework@aebcb98460c6)
    com.unity.ugui@2.0.0 (location: H:\Unity\Project\C1_DSkvaer_Game\C1_DSkvaer_Game\Library\PackageCache\com.unity.ugui@8ccc29d23a79)
    com.unity.modules.accessibility@1.0.0 (location: H:\Unity\Project\C1_DSkvaer_Game\C1_DSkvaer_Game\Library\PackageCache\com.unity.modules.accessibility)
    com.unity.modules.adaptiveperformance@1.0.0 (location: H:\Unity\Project\C1_DSkvaer_Game\C1_DSkvaer_Game\Library\PackageCache\com.unity.modules.adaptiveperformance)
    com.unity.modules.ai@1.0.0 (location: H:\Unity\Project\C1_DSkvaer_Game\C1_DSkvaer_Game\Library\PackageCache\com.unity.modules.ai)
    com.unity.modules.androidjni@1.0.0 (location: H:\Unity\Project\C1_DSkvaer_Game\C1_DSkvaer_Game\Library\PackageCache\com.unity.modules.androidjni)
    com.unity.modules.animation@1.0.0 (location: H:\Unity\Project\C1_DSkvaer_Game\C1_DSkvaer_Game\Library\PackageCache\com.unity.modules.animation)
    com.unity.modules.assetbundle@1.0.0 (location: H:\Unity\Project\C1_DSkvaer_Game\C1_DSkvaer_Game\Library\PackageCache\com.unity.modules.assetbundle)
    com.unity.modules.audio@1.0.0 (location: H:\Unity\Project\C1_DSkvaer_Game\C1_DSkvaer_Game\Library\PackageCache\com.unity.modules.audio)
    com.unity.modules.cloth@1.0.0 (location: H:\Unity\Project\C1_DSkvaer_Game\C1_DSkvaer_Game\Library\PackageCache\com.unity.modules.cloth)
    com.unity.modules.director@1.0.0 (location: H:\Unity\Project\C1_DSkvaer_Game\C1_DSkvaer_Game\Library\PackageCache\com.unity.modules.director)
    com.unity.modules.imageconversion@1.0.0 (location: H:\Unity\Project\C1_DSkvaer_Game\C1_DSkvaer_Game\Library\PackageCache\com.unity.modules.imageconversion)
    com.unity.modules.imgui@1.0.0 (location: H:\Unity\Project\C1_DSkvaer_Game\C1_DSkvaer_Game\Library\PackageCache\com.unity.modules.imgui)
    com.unity.modules.jsonserialize@1.0.0 (location: H:\Unity\Project\C1_DSkvaer_Game\C1_DSkvaer_Game\Library\PackageCache\com.unity.modules.jsonserialize)
    com.unity.modules.particlesystem@1.0.0 (location: H:\Unity\Project\C1_DSkvaer_Game\C1_DSkvaer_Game\Library\PackageCache\com.unity.modules.particlesystem)
    com.unity.modules.physics@1.0.0 (location: H:\Unity\Project\C1_DSkvaer_Game\C1_DSkvaer_Game\Library\PackageCache\com.unity.modules.physics)
    com.unity.modules.physics2d@1.0.0 (location: H:\Unity\Project\C1_DSkvaer_Game\C1_DSkvaer_Game\Library\PackageCache\com.unity.modules.physics2d)
    com.unity.modules.screencapture@1.0.0 (location: H:\Unity\Project\C1_DSkvaer_Game\C1_DSkvaer_Game\Library\PackageCache\com.unity.modules.screencapture)
    com.unity.modules.terrain@1.0.0 (location: H:\Unity\Project\C1_DSkvaer_Game\C1_DSkvaer_Game\Library\PackageCache\com.unity.modules.terrain)
    com.unity.modules.terrainphysics@1.0.0 (location: H:\Unity\Project\C1_DSkvaer_Game\C1_DSkvaer_Game\Library\PackageCache\com.unity.modules.terrainphysics)
    com.unity.modules.tilemap@1.0.0 (location: H:\Unity\Project\C1_DSkvaer_Game\C1_DSkvaer_Game\Library\PackageCache\com.unity.modules.tilemap)
    com.unity.modules.ui@1.0.0 (location: H:\Unity\Project\C1_DSkvaer_Game\C1_DSkvaer_Game\Library\PackageCache\com.unity.modules.ui)
    com.unity.modules.uielements@1.0.0 (location: H:\Unity\Project\C1_DSkvaer_Game\C1_DSkvaer_Game\Library\PackageCache\com.unity.modules.uielements)
    com.unity.modules.umbra@1.0.0 (location: H:\Unity\Project\C1_DSkvaer_Game\C1_DSkvaer_Game\Library\PackageCache\com.unity.modules.umbra)
    com.unity.modules.unityanalytics@1.0.0 (location: H:\Unity\Project\C1_DSkvaer_Game\C1_DSkvaer_Game\Library\PackageCache\com.unity.modules.unityanalytics)
    com.unity.modules.unitywebrequest@1.0.0 (location: H:\Unity\Project\C1_DSkvaer_Game\C1_DSkvaer_Game\Library\PackageCache\com.unity.modules.unitywebrequest)
    com.unity.modules.unitywebrequestassetbundle@1.0.0 (location: H:\Unity\Project\C1_DSkvaer_Game\C1_DSkvaer_Game\Library\PackageCache\com.unity.modules.unitywebrequestassetbundle)
    com.unity.modules.unitywebrequestaudio@1.0.0 (location: H:\Unity\Project\C1_DSkvaer_Game\C1_DSkvaer_Game\Library\PackageCache\com.unity.modules.unitywebrequestaudio)
    com.unity.modules.unitywebrequesttexture@1.0.0 (location: H:\Unity\Project\C1_DSkvaer_Game\C1_DSkvaer_Game\Library\PackageCache\com.unity.modules.unitywebrequesttexture)
    com.unity.modules.unitywebrequestwww@1.0.0 (location: H:\Unity\Project\C1_DSkvaer_Game\C1_DSkvaer_Game\Library\PackageCache\com.unity.modules.unitywebrequestwww)
    com.unity.modules.vectorgraphics@1.0.0 (location: H:\Unity\Project\C1_DSkvaer_Game\C1_DSkvaer_Game\Library\PackageCache\com.unity.modules.vectorgraphics)
    com.unity.modules.vehicles@1.0.0 (location: H:\Unity\Project\C1_DSkvaer_Game\C1_DSkvaer_Game\Library\PackageCache\com.unity.modules.vehicles)
    com.unity.modules.video@1.0.0 (location: H:\Unity\Project\C1_DSkvaer_Game\C1_DSkvaer_Game\Library\PackageCache\com.unity.modules.video)
    com.unity.modules.vr@1.0.0 (location: H:\Unity\Project\C1_DSkvaer_Game\C1_DSkvaer_Game\Library\PackageCache\com.unity.modules.vr)
    com.unity.modules.wind@1.0.0 (location: H:\Unity\Project\C1_DSkvaer_Game\C1_DSkvaer_Game\Library\PackageCache\com.unity.modules.wind)
    com.unity.modules.xr@1.0.0 (location: H:\Unity\Project\C1_DSkvaer_Game\C1_DSkvaer_Game\Library\PackageCache\com.unity.modules.xr)
    com.unity.modules.subsystems@1.0.0 (location: H:\Unity\Project\C1_DSkvaer_Game\C1_DSkvaer_Game\Library\PackageCache\com.unity.modules.subsystems)
    com.unity.modules.hierarchycore@1.0.0 (location: H:\Unity\Project\C1_DSkvaer_Game\C1_DSkvaer_Game\Library\PackageCache\com.unity.modules.hierarchycore)
    com.unity.ext.nunit@2.0.5 (location: H:\Unity\Project\C1_DSkvaer_Game\C1_DSkvaer_Game\Library\PackageCache\com.unity.ext.nunit@d8c07649098d)
    com.unity.render-pipelines.core@17.3.0 (location: H:\Unity\Project\C1_DSkvaer_Game\C1_DSkvaer_Game\Library\PackageCache\com.unity.render-pipelines.core@02dfbe8e43de)
    com.unity.shadergraph@17.3.0 (location: H:\Unity\Project\C1_DSkvaer_Game\C1_DSkvaer_Game\Library\PackageCache\com.unity.shadergraph@28ee1cc75774)
    com.unity.render-pipelines.universal-config@17.0.3 (location: H:\Unity\Project\C1_DSkvaer_Game\C1_DSkvaer_Game\Library\PackageCache\com.unity.render-pipelines.universal-config@8dc1aab4af1d)
  Git packages:
    com.esotericsoftware.spine.spine-csharp@https://github.com/EsotericSoftware/spine-runtimes.git?path=spine-csharp/src#4.2 (location: H:\Unity\Project\C1_DSkvaer_Game\C1_DSkvaer_Game\Library\PackageCache\com.esotericsoftware.spine.spine-csharp@37cd8452689e)
    com.esotericsoftware.spine.spine-unity@https://github.com/EsotericSoftware/spine-runtimes.git?path=spine-unity/Assets/Spine#4.2 (location: H:\Unity\Project\C1_DSkvaer_Game\C1_DSkvaer_Game\Library\PackageCache\com.esotericsoftware.spine.spine-unity@40ef011498d2)
    com.esotericsoftware.spine.urp-shaders@https://github.com/EsotericSoftware/spine-runtimes.git?path=spine-unity/Modules/com.esotericsoftware.spine.urp-shaders#4.2 (location: H:\Unity\Project\C1_DSkvaer_Game\C1_DSkvaer_Game\Library\PackageCache\com.esotericsoftware.spine.urp-shaders@775af2d7ea49)
[Subsystems] No new subsystems found in resolved package list.
[Package Manager] Done registering packages in 0.02 seconds
[ScriptCompilation] Requested script compilation because: Assetdatabase observed changes in script compilation related files
Starting: H:\Unity\6.1\6000.3.14f1\Editor\Data\Tools\BuildPipeline\bee_backend.exe --ipc --defer-dag-verification --dagfile="Library/Bee/1900b0aEDbg.dag" --continue-on-failure --profile="Library/Bee/backend1.traceevents" ScriptAssemblies
WorkingDir: H:/Unity/Project/C1_DSkvaer_Game/C1_DSkvaer_Game
DisplayProgressbar: Compiling Scripts
Starting: H:\Unity\6.1\6000.3.14f1\Editor\Data\netcorerun\netcorerun.exe "H:\Unity\6.1\6000.3.14f1\Editor\Data\Tools\BuildPipeline\ScriptCompilationBuildProgram.exe" "Library/Bee/1900b0aEDbg.dag.json" "Library/Bee/1900b0aEDbg-inputdata.json" "Library\Bee\buildprogram0.traceevents"
WorkingDir: H:/Unity/Project/C1_DSkvaer_Game/C1_DSkvaer_Game
ExitCode: 4 Duration: 0s365ms
[ 823/1061  0s] ILPP-Configuration Library/ilpp-configuration.nevergeneratedoutput
Rebuilding DAG because FileSignature timestamp changed: Library/Bee/1900b0aEDbg-inputdata.json
*** Tundra requires additional run (0.33 seconds), 1 items updated, 1061 evaluated
ExitCode: 0 Duration: 0s812ms
Starting: H:\Unity\6.1\6000.3.14f1\Editor\Data\Tools\BuildPipeline\bee_backend.exe --ipc --defer-dag-verification --dagfile="Library/Bee/1900b0aEDbg.dag" --continue-on-failure --dagfilejson="Library\Bee\1900b0aEDbg.dag.json" --profile="Library/Bee/backend2.traceevents" ScriptAssemblies
WorkingDir: H:/Unity/Project/C1_DSkvaer_Game/C1_DSkvaer_Game
ExitCode: 0 Duration: 3s761ms
Finished compiling graph: 1065 nodes, 20462 flattened edges (16762 ToBuild, 170 ToUse), maximum node priority 1202
[ 573/1061  0s] WriteText Library/Bee/artifacts/1900b0aEDbg.dag/Assembly-CSharp.rsp
[ 821/1061  0s] ILPP-Configuration Library/ilpp-configuration.nevergeneratedoutput
[1053/1061  2s] Csc Library/Bee/artifacts/1900b0aEDbg.dag/Assembly-CSharp.dll (+2 others)
Assets\LeanTween\Examples\Scripts\TestingUnitTests.cs(526,35): warning CS0618: 'Object.FindObjectsOfType(Type)' is obsolete: 'Object.FindObjectsOfType has been deprecated. Use Object.FindObjectsByType instead which lets you decide whether you need the results sorted or not.  FindObjectsOfType sorts the results by InstanceID, but if you do not need this using FindObjectSortMode.None is considerably faster.'

Assets\C1\Scripts\NPC\Characters\Player\Manager\PlayerAnimationManager.cs(12,18): warning CS0414: The field 'PlayerAnimationManager.isRunning' is assigned but its value is never used
[1054/1061  0s] Csc Library/Bee/artifacts/1900b0aEDbg.dag/Assembly-CSharp-Editor.dll (+2 others)
[1055/1061  0s] ILPostProcess Library/Bee/artifacts/1900b0aEDbg.dag/post-processed/Assembly-CSharp-Editor.dll (+pdb)
Processing assembly Library/Bee/artifacts/1900b0aEDbg.dag/Assembly-CSharp-Editor.dll, with 135 defines and 353 references

processors: Unity.Jobs.CodeGen.JobsILPostProcessor, zzzUnity.Burst.CodeGen.BurstILPostProcessor

running Unity.Jobs.CodeGen.JobsILPostProcessor

running zzzUnity.Burst.CodeGen.BurstILPostProcessor
[1056/1061  0s] CopyFiles Library/ScriptAssemblies/Assembly-CSharp-Editor.pdb
[1057/1061  0s] ILPostProcess Library/Bee/artifacts/1900b0aEDbg.dag/post-processed/Assembly-CSharp.dll (+pdb)
Processing assembly Library/Bee/artifacts/1900b0aEDbg.dag/Assembly-CSharp.dll, with 137 defines and 331 references

processors: Unity.Jobs.CodeGen.JobsILPostProcessor, zzzUnity.Burst.CodeGen.BurstILPostProcessor

running Unity.Jobs.CodeGen.JobsILPostProcessor

running zzzUnity.Burst.CodeGen.BurstILPostProcessor
[1058/1061  0s] CopyFiles Library/ScriptAssemblies/Assembly-CSharp.pdb
[1059/1061  0s] CopyFiles Library/ScriptAssemblies/Assembly-CSharp-Editor.dll
[1060/1061  0s] CopyFiles Library/ScriptAssemblies/Assembly-CSharp.dll
*** Tundra build success (3.74 seconds), 10 items updated, 1061 evaluated
Assets\LeanTween\Examples\Scripts\TestingUnitTests.cs(526,35): warning CS0618: 'Object.FindObjectsOfType(Type)' is obsolete: 'Object.FindObjectsOfType has been deprecated. Use Object.FindObjectsByType instead which lets you decide whether you need the results sorted or not.  FindObjectsOfType sorts the results by InstanceID, but if you do not need this using FindObjectSortMode.None is considerably faster.'
Assets\C1\Scripts\NPC\Characters\Player\Manager\PlayerAnimationManager.cs(12,18): warning CS0414: The field 'PlayerAnimationManager.isRunning' is assigned but its value is never used
AssetDatabase: script compilation time: 5.591084s
Begin MonoManager ReloadAssembly
- Loaded All Assemblies, in  1.710 seconds
Start importing Assets/C1/Scripts/Platformer using Guid(9d5bab935d82afd4184a7c79a642880b) (DefaultImporter) -> (artifact id: 'ff0903aaef450100da7d55dcbcea2cbe') in 0.023664 seconds
Refreshing native plugins compatible for Editor in 1.66 ms, found 5 plugins.
Native extension for WindowsStandalone target not found
Refreshing native plugins compatible for Editor in 3.01 ms, found 5 plugins.
ScheduleIndexationOnStartup MainProcess:True IndexOnStartup:True
Mono: successfully reloaded assembly
- Finished resetting the current domain, in  6.677 seconds
Domain Reload Profiling: 8385ms
	BeginReloadAssembly (375ms)
		ExecutionOrderSort (0ms)
		DisableScriptedObjects (23ms)
		BackupInstance (0ms)
		ReleaseScriptingObjects (0ms)
		CreateAndSetChildDomain (176ms)
	RebuildCommonClasses (53ms)
	RebuildNativeTypeToScriptingClass (24ms)
	initialDomainReloadingComplete (41ms)
	LoadAllAssembliesAndSetupDomain (1214ms)
		LoadAssemblies (945ms)
		RebuildTransferFunctionScriptingTraits (0ms)
		AnalyzeDomain (395ms)
			TypeCache.Refresh (264ms)
				TypeCache.ScanAssembly (245ms)
			BuildScriptInfoCaches (109ms)
			ResolveRequiredComponents (17ms)
	FinalizeReload (6678ms)
		ReleaseScriptCaches (0ms)
		RebuildScriptCaches (0ms)
		SetupLoadedEditorAssemblies (6439ms)
			LogAssemblyErrors (0ms)
			InitializePlatformSupportModulesInManaged (22ms)
			SetLoadedEditorAssemblies (6ms)
			BeforeProcessingInitializeOnLoad (366ms)
			ProcessInitializeOnLoadAttributes (5822ms)
			ProcessInitializeOnLoadMethodAttributes (220ms)
			AfterProcessingInitializeOnLoad (4ms)
			EditorAssembliesLoaded (0ms)
		ExecutionOrderSort2 (0ms)
		AwakeInstancesAfterBackupRestoration (26ms)
Refreshing native plugins compatible for Editor in 2.20 ms, found 5 plugins.
Preloading 0 native plugins for Editor in 0.00 ms.
Asset Pipeline Refresh (id=d945de6e2d88c28418471c751607c0ca): Total: 15.928 seconds - Initiated by InitialRefreshV2(ForceSynchronousImport)
	Summary:
		Imports: total=1 (actual=1, local cache=0, cache server=0)
		Asset DB Process Time: managed=6 ms, native=7574 ms
		Asset DB Callback time: managed=852 ms, native=33 ms
		Scripting: domain reloads=1, domain reload time=1710 ms, compile time=5592 ms, other=157 ms
		Project Asset Count: scripts=1752, non-scripts=3869
		Asset File Changes: new=11, changed=11, moved=0, deleted=0
		Scan Filter Count: 0
	InvokeCustomDependenciesCallbacks: 0.002ms
	InvokePackagesCallback: 26.905ms
	ApplyChangesToAssetFolders: 0.788ms
	Scan: 247.021ms
	OnSourceAssetsModified: 1.265ms
	CategorizeAssetsWithTransientArtifact: 139.247ms
	ProcessAssetsWithTransientArtifactChanges: 108.014ms
	CategorizeAssets: 93.254ms
	ImportOutOfDateAssets: 6719.743ms (1098.613ms without children)
		ImportManagerImport: 25.407ms (1.375ms without children)
			ImportInProcess: 24.010ms
			UpdateCategorizedAssets: 0.021ms
		CompileScripts: 5592.348ms
		ReloadNativeAssets: 0.031ms
		UnloadImportedAssets: 0.883ms
		EnsureUptoDateAssetsAreRegisteredWithGuidPM: 1.442ms
		InitializingProgressBar: 0.001ms
		PostProcessAllAssetNotificationsAddChangedAssets: 0.001ms
		OnDemandSchedulerStart: 1.019ms
	PostProcessAllAssets: 853.013ms
	Hotreload: 6.040ms
	GatherAllCurrentPrimaryArtifactRevisions: 0.002ms
	UnloadStreamsBegin: 4.766ms
	PersistCurrentRevisions: 0.315ms
	UnloadStreamsEnd: 0.001ms
	GenerateScriptTypeHashes: 6.663ms
	Untracked: 7727.635ms

Application.AssetDatabase Initial Refresh End
Launched and connected shader compiler UnityShaderCompiler.exe after 0.01 seconds
Scanning for USB devices : 2.120ms
Initializing Unity extensions:
[MODES] ModeService[none].Initialize
[MODES] ModeService[none].LoadModes
[MODES] Loading mode Default (0) for mode-current-id-С1.0
GetVirtualKey: Could not map char: z (122) to any virtual key
GetVirtualKey: Could not map char: y (121) to any virtual key
GetVirtualKey: Could not map char: x (120) to any virtual key
GetVirtualKey: Could not map char: c (99) to any virtual key
GetVirtualKey: Could not map char: v (118) to any virtual key
GetVirtualKey: Could not map char: V (86) to any virtual key
GetVirtualKey: Could not map char: d (100) to any virtual key
GetVirtualKey: Could not map char: f (102) to any virtual key
GetVirtualKey: Could not map char: f (102) to any virtual key
GetVirtualKey: Could not map char: a (97) to any virtual key
GetVirtualKey: Could not map char: d (100) to any virtual key
GetVirtualKey: Could not map char: c (99) to any virtual key
GetVirtualKey: Could not map char: r (114) to any virtual key
GetVirtualKey: Could not map char: i (105) to any virtual key
GetVirtualKey: Could not map char: l (108) to any virtual key
GetVirtualKey: Could not map char: f (102) to any virtual key
GetVirtualKey: Could not map char: k (107) to any virtual key
GetVirtualKey: Could not map char: p (112) to any virtual key
GetVirtualKey: Could not map char: p (112) to any virtual key
GetVirtualKey: Could not map char: p (112) to any virtual key
GetVirtualKey: Could not map char: c (99) to any virtual key
GetVirtualKey: Could not map char: r (114) to any virtual key
GetVirtualKey: Could not map char: P (80) to any virtual key
GetVirtualKey: Could not map char: n (110) to any virtual key
GetVirtualKey: Could not map char: n (110) to any virtual key
GetVirtualKey: Could not map char: g (103) to any virtual key
GetVirtualKey: Could not map char: f (102) to any virtual key
GetVirtualKey: Could not map char: f (102) to any virtual key
GetVirtualKey: Could not map char: a (97) to any virtual key
GetVirtualKey: Could not map char: a (97) to any virtual key
GetVirtualKey: Could not map char: n (110) to any virtual key
GetVirtualKey: Could not map char: o (111) to any virtual key
GetVirtualKey: Could not map char: s (115) to any virtual key
GetVirtualKey: Could not map char: s (115) to any virtual key
GetVirtualKey: Could not map char: b (98) to any virtual key
GetVirtualKey: Could not map char: b (98) to any virtual key
GetVirtualKey: Could not map char: c (99) to any virtual key
GetVirtualKey: Could not map char: u (117) to any virtual key
Unloading 35 Unused Serialized files (Serialized files now loaded: 0)
Unloading 7566 unused Assets / (9.2 MB). Loaded Objects now: 8477.
Memory consumption went from 250.9 MB to 241.7 MB.
Total: 20.894500 ms (FindLiveObjects: 0.915800 ms CreateObjectMapping: 1.849100 ms MarkObjects: 12.050600 ms  DeleteObjects: 6.077800 ms)

GetVirtualKey: Could not map char: z (122) to any virtual key
GetVirtualKey: Could not map char: y (121) to any virtual key
GetVirtualKey: Could not map char: x (120) to any virtual key
GetVirtualKey: Could not map char: c (99) to any virtual key
GetVirtualKey: Could not map char: v (118) to any virtual key
GetVirtualKey: Could not map char: V (86) to any virtual key
GetVirtualKey: Could not map char: d (100) to any virtual key
GetVirtualKey: Could not map char: f (102) to any virtual key
GetVirtualKey: Could not map char: f (102) to any virtual key
GetVirtualKey: Could not map char: a (97) to any virtual key
GetVirtualKey: Could not map char: d (100) to any virtual key
GetVirtualKey: Could not map char: c (99) to any virtual key
GetVirtualKey: Could not map char: r (114) to any virtual key
GetVirtualKey: Could not map char: i (105) to any virtual key
GetVirtualKey: Could not map char: l (108) to any virtual key
GetVirtualKey: Could not map char: f (102) to any virtual key
GetVirtualKey: Could not map char: k (107) to any virtual key
GetVirtualKey: Could not map char: p (112) to any virtual key
GetVirtualKey: Could not map char: p (112) to any virtual key
GetVirtualKey: Could not map char: p (112) to any virtual key
GetVirtualKey: Could not map char: c (99) to any virtual key
GetVirtualKey: Could not map char: r (114) to any virtual key
GetVirtualKey: Could not map char: P (80) to any virtual key
GetVirtualKey: Could not map char: n (110) to any virtual key
GetVirtualKey: Could not map char: n (110) to any virtual key
GetVirtualKey: Could not map char: g (103) to any virtual key
GetVirtualKey: Could not map char: f (102) to any virtual key
GetVirtualKey: Could not map char: f (102) to any virtual key
GetVirtualKey: Could not map char: a (97) to any virtual key
GetVirtualKey: Could not map char: a (97) to any virtual key
GetVirtualKey: Could not map char: n (110) to any virtual key
GetVirtualKey: Could not map char: o (111) to any virtual key
GetVirtualKey: Could not map char: s (115) to any virtual key
GetVirtualKey: Could not map char: s (115) to any virtual key
GetVirtualKey: Could not map char: b (98) to any virtual key
GetVirtualKey: Could not map char: b (98) to any virtual key
GetVirtualKey: Could not map char: c (99) to any virtual key
GetVirtualKey: Could not map char: u (117) to any virtual key
Batchmode quit successfully invoked - shutting down!
Curl error 42: Callback aborted
[Physics::Module] Cleanup current backend.
[Physics::Module] Id: 0xf2b8ea05
Input System module state changed to: ShutdownInProgress.
Input System polling thread exited.
Input System module state changed to: Shutdown.
[Licensing::IpcConnector] LicenseClient-DSkvaer-notifications channel disconnected successfully.
[Licensing::IpcConnector] LicenseClient-DSkvaer channel disconnected successfully.
AcceleratorClientConnectionCallback - disconnected - :0
Cleanup mono
Exiting batchmode successfully now!
Exiting without the bug reporter. Application will terminate with return code 0