[Licensing::Module] Trying to connect to existing licensing client channel...
[Licensing::IpcConnector] Channel LicenseClient-DSkvaer doesn't exist
Built from '6000.3/staging' branch; Version is '6000.3.14f1 (d68c3f99a318) revision 14060607'; Using compiler version '194234433'; Build Type 'Release'
OS: 'Windows 10  (10.0.19045) 64bit Professional' Language: 'ru' Physical Memory: 32677 MB
BatchMode: 1, IsHumanControllingUs: 0, StartBugReporterOnCrash: 0, Is64bit: 1
System  architecture: x64
Process architecture: x64
Date: 2026-05-28T14:48:58Z
[Licensing::Module] Successfully launched the LicensingClient (PId: 16436)

COMMAND LINE ARGUMENTS:
H:\Unity\6.1\6000.3.14f1\Editor\Unity.exe
-batchmode
-projectPath
H:\Unity\Project\C1_DSkvaer_Game\C1_DSkvaer_Game
-executeMethod
C1.EditorTools.BanditEnemyPrefabBuilder.CreateBaseBanditPrefabs
-quit
-logFile
H:\Unity\Project\C1_DSkvaer_Game\unity-id-fix.log
Successfully changed project path to: H:\Unity\Project\C1_DSkvaer_Game\C1_DSkvaer_Game
H:/Unity/Project/C1_DSkvaer_Game/C1_DSkvaer_Game
[UnityMemory] Configuration Parameters - Can be set up in boot.config
    "memorysetup-temp-allocator-size-nav-mesh-worker=65536"
    "memorysetup-temp-allocator-size-audio-worker=65536"
    "memorysetup-temp-allocator-size-gfx=262144"
    "memorysetup-allocator-temp-initial-block-size-main=262144"
    "memorysetup-allocator-temp-initial-block-size-worker=262144"
    "memorysetup-temp-allocator-size-background-worker=32768"
    "memorysetup-temp-allocator-size-job-worker=262144"
    "memorysetup-temp-allocator-size-preload-manager=33554432"
    "memorysetup-temp-allocator-size-gi-baking-worker=262144"
    "memorysetup-temp-allocator-size-gi-baking-worker=262144"
    "memorysetup-temp-allocator-size-gi-baking-worker=262144"
    "memorysetup-temp-allocator-size-gi-baking-worker=262144"
    "memorysetup-temp-allocator-size-gi-baking-worker=262144"
    "memorysetup-bucket-allocator-granularity=16"
    "memorysetup-bucket-allocator-bucket-count=8"
    "memorysetup-bucket-allocator-block-size=33554432"
    "memorysetup-bucket-allocator-block-count=8"
    "memorysetup-main-allocator-block-size=16777216"
    "memorysetup-thread-allocator-block-size=16777216"
    "memorysetup-gfx-main-allocator-block-size=16777216"
    "memorysetup-gfx-thread-allocator-block-size=16777216"
    "memorysetup-cache-allocator-block-size=4194304"
    "memorysetup-typetree-allocator-block-size=2097152"
    "memorysetup-profiler-bucket-allocator-granularity=16"
    "memorysetup-profiler-bucket-allocator-bucket-count=8"
    "memorysetup-profiler-bucket-allocator-block-size=33554432"
    "memorysetup-profiler-bucket-allocator-block-count=8"
    "memorysetup-profiler-allocator-block-size=16777216"
    "memorysetup-profiler-editor-allocator-block-size=1048576"
    "memorysetup-temp-allocator-size-main=16777216"
    "memorysetup-job-temp-allocator-block-size=2097152"
    "memorysetup-job-temp-allocator-block-size-background=1048576"
    "memorysetup-job-temp-allocator-reduction-small-platforms=262144"
    "memorysetup-temp-allocator-size-cloud-worker=32768"
Player connection [2296]  Target information:

Player connection [2296]  * "[IP] 192.168.31.115 [Port] 55504 [Flags] 2 [Guid] 3164989721 [EditorId] 3164989721 [Version] 1048832 [Id] WindowsEditor(7,DESKTOP-CQA9PKC) [Debug] 1 [PackageName] WindowsEditor [ProjectName] Editor" 

Player connection [2296] Host joined multi-casting on [225.0.0.222:54997]...
Player connection [2296] Host joined alternative multi-casting on [225.0.0.222:34997]...
Input System module state changed to: Initialized.
[Physics::Module] Initialized fallback backend.
[Physics::Module] Id: 0xdecafbad
[Package Manager] Connected to IPC stream "Upm-8492" after 0.9 seconds.
[Licensing::Module] Licensing is not yet initialized.
[Licensing::IpcConnector] Successfully connected to: "LicenseClient-DSkvaer" at "2026-05-28T14:49:03.0179562Z"
[Licensing::Client] Handshaking with LicensingClient:
  Version:                 1.18.1+9fbee8e
  Session Id:              42cf3b2befcd4291a8a48efa484f14ed
  Correlation Id:          d0a0cd92caf50ff3c596bfd321bff679
  External correlation Id: 7655514640534928561
  Machine Id:              1BZhsaqfCEPia+won1Da4r0w1vE=
[Licensing::Module] Successfully connected to LicensingClient on channel: "LicenseClient-DSkvaer" (connect: 4.37s, validation: 0.05s, handshake: 5.20s)
[Licensing::IpcConnector] Successfully connected to: "LicenseClient-DSkvaer-notifications" at "2026-05-28T14:49:08.2646641Z"
[Licensing::Module] Connected to LicensingClient (PId: 16436, launch time: 0.03, total connection time: 9.61s)
[Licensing::Module] Error: Access token is unavailable; failed to update
[Licensing::Client] Successfully resolved entitlement details
[Licensing::Module] License group:
  Id: 7972077664244-UnityPersXXXX
  Product: Unity Personal
  Type: Assigned
  Expiration: Unlimited
[Licensing::Client] Successfully updated license, isAsync: True, time: 0.01
[Licensing::Client] Successfully resolved entitlement details
[Licensing::Module] Licensing Background thread has ended after 9.68s
[Licensing::Module] Licensing is initialized (took 7.78s).
[Licensing::Client] Successfully resolved entitlement details
Library Redirect Path: Library/
[Physics::Module] Selected backend.
[Physics::Module] Name: PhysX
[Physics::Module] Id: 0xf2b8ea05
[Physics::Module] SDK Version: 4.1.2
[Physics::Module] Integration Version: 1.0.0
[Physics::Module] Threading Mode: Multi-Threaded
Artifact Garbage Collection - Removed 28 unused hashed content files
Refreshing native plugins compatible for Editor in 0.75 ms, found 0 plugins.
Preloading 0 native plugins for Editor in 0.00 ms.
Initialize engine version: 6000.3.14f1 (d68c3f99a318)
[Subsystems] Discovering subsystems at path H:/Unity/6.1/6000.3.14f1/Editor/Data/Resources/UnitySubsystems
[Subsystems] Discovering subsystems at path H:/Unity/Project/C1_DSkvaer_Game/C1_DSkvaer_Game/Assets
GfxDevice: creating device client; kGfxThreadingModeNonThreaded
Direct3D:
    Version:  Direct3D 11.0 [level 11.1]
    Renderer: NVIDIA GeForce GTX 1070 (ID=0x1b81)
    Vendor:   NVIDIA
    VRAM:     8067 MB
    Driver:   32.0.15.8157
Initialize mono
Mono path[0] = 'H:/Unity/6.1/6000.3.14f1/Editor/Data/Managed'
Mono path[1] = 'H:/Unity/6.1/6000.3.14f1/Editor/Data/MonoBleedingEdge/lib/mono/unityjit-win32'
Mono config path = 'H:/Unity/6.1/6000.3.14f1/Editor/Data/MonoBleedingEdge/etc'
Using monoOptions --debugger-agent=transport=dt_socket,embedding=1,server=y,suspend=n,address=127.0.0.1:56492
Using cacheserver namespaces - metadata:defaultmetadata, artifacts:defaultartifacts
Using cacheserver namespaces - metadata:defaultmetadata, artifacts:defaultartifacts
ImportWorker Server TCP listen port: 0
AcceleratorClientConnectionCallback - disconnected - :0
Begin MonoManager ReloadAssembly
Registering precompiled unity dll's ...
Register platform support module: H:/Unity/6.1/6000.3.14f1/Editor/Data/PlaybackEngines/WindowsStandaloneSupport/UnityEditor.WindowsStandalone.Extensions.dll
Registered in 0.468459 seconds.
- Loaded All Assemblies, in 18.143 seconds
Native extension for WindowsStandalone target not found
Package Manager log level set to [2]
ScheduleIndexationOnStartup MainProcess:False IndexOnStartup:True
Mono: successfully reloaded assembly
- Finished resetting the current domain, in  0.552 seconds
Domain Reload Profiling: 18695ms
	BeginReloadAssembly (14606ms)
		ExecutionOrderSort (0ms)
		DisableScriptedObjects (0ms)
		BackupInstance (0ms)
		ReleaseScriptingObjects (0ms)
		CreateAndSetChildDomain (10ms)
	RebuildCommonClasses (755ms)
	RebuildNativeTypeToScriptingClass (16ms)
	initialDomainReloadingComplete (529ms)
	LoadAllAssembliesAndSetupDomain (2236ms)
		LoadAssemblies (14595ms)
		RebuildTransferFunctionScriptingTraits (0ms)
		AnalyzeDomain (2233ms)
			TypeCache.Refresh (2230ms)
				TypeCache.ScanAssembly (1721ms)
			BuildScriptInfoCaches (0ms)
			ResolveRequiredComponents (1ms)
	FinalizeReload (552ms)
		ReleaseScriptCaches (0ms)
		RebuildScriptCaches (0ms)
		SetupLoadedEditorAssemblies (504ms)
			LogAssemblyErrors (0ms)
			InitializePlatformSupportModulesInManaged (58ms)
			SetLoadedEditorAssemblies (5ms)
			BeforeProcessingInitializeOnLoad (101ms)
			ProcessInitializeOnLoadAttributes (179ms)
			ProcessInitializeOnLoadMethodAttributes (160ms)
			AfterProcessingInitializeOnLoad (0ms)
			EditorAssembliesLoaded (0ms)
		ExecutionOrderSort2 (0ms)
		AwakeInstancesAfterBackupRestoration (0ms)
[Licensing::Client] Successfully resolved entitlement details
Application.AssetDatabase Initial Refresh Start
[Package Manager] Restoring resolved packages state from cache
[Licensing::Client] Successfully resolved entitlement details
[Package Manager] Registered 67 packages:
  Packages from [https://packages.unity.com]:
    com.unity.2d.animation@13.0.4 (location: H:\Unity\Project\C1_DSkvaer_Game\C1_DSkvaer_Game\Library\PackageCache\com.unity.2d.animation@7396d8477ca9)
    com.unity.2d.aseprite@3.0.1 (location: H:\Unity\Project\C1_DSkvaer_Game\C1_DSkvaer_Game\Library\PackageCache\com.unity.2d.aseprite@809e3a168ff7)
    com.unity.2d.psdimporter@12.0.1 (location: H:\Unity\Project\C1_DSkvaer_Game\C1_DSkvaer_Game\Library\PackageCache\com.unity.2d.psdimporter@9abe0f7cac7e)
    com.unity.2d.spriteshape@13.0.0 (location: H:\Unity\Project\C1_DSkvaer_Game\C1_DSkvaer_Game\Library\PackageCache\com.unity.2d.spriteshape@0738bab11647)
    com.unity.2d.tilemap.extras@6.0.1 (location: H:\Unity\Project\C1_DSkvaer_Game\C1_DSkvaer_Game\Library\PackageCache\com.unity.2d.tilemap.extras@3dde84bf3867)
    com.unity.collab-proxy@2.12.4 (location: H:\Unity\Project\C1_DSkvaer_Game\C1_DSkvaer_Game\Library\PackageCache\com.unity.collab-proxy@0b1559bcd34e)
    com.unity.ide.rider@3.0.39 (location: H:\Unity\Project\C1_DSkvaer_Game\C1_DSkvaer_Game\Library\PackageCache\com.unity.ide.rider@4504839d03f7)
    com.unity.ide.visualstudio@2.0.26 (location: H:\Unity\Project\C1_DSkvaer_Game\C1_DSkvaer_Game\Library\PackageCache\com.unity.ide.visualstudio@a99d56dec63f)
    com.unity.inputsystem@1.19.0 (location: H:\Unity\Project\C1_DSkvaer_Game\C1_DSkvaer_Game\Library\PackageCache\com.unity.inputsystem@21a28c3a6c83)
    com.unity.timeline@1.8.12 (location: H:\Unity\Project\C1_DSkvaer_Game\C1_DSkvaer_Game\Library\PackageCache\com.unity.timeline@8cd8509afae5)
    com.unity.visualscripting@1.9.11 (location: H:\Unity\Project\C1_DSkvaer_Game\C1_DSkvaer_Game\Library\PackageCache\com.unity.visualscripting@8bed5ad90189)
    com.unity.2d.common@12.0.2 (location: H:\Unity\Project\C1_DSkvaer_Game\C1_DSkvaer_Game\Library\PackageCache\com.unity.2d.common@800085e896ad)
    com.unity.mathematics@1.3.3 (location: H:\Unity\Project\C1_DSkvaer_Game\C1_DSkvaer_Game\Library\PackageCache\com.unity.mathematics@19a9377c4ffa)
    com.unity.collections@2.6.5 (location: H:\Unity\Project\C1_DSkvaer_Game\C1_DSkvaer_Game\Library\PackageCache\com.unity.collections@12999e356c23)
    com.unity.searcher@4.9.4 (location: H:\Unity\Project\C1_DSkvaer_Game\C1_DSkvaer_Game\Library\PackageCache\com.unity.searcher@d45a78918735)
    com.unity.burst@1.8.29 (location: H:\Unity\Project\C1_DSkvaer_Game\C1_DSkvaer_Game\Library\PackageCache\com.unity.burst@6bb9aca3ef38)
    com.unity.nuget.mono-cecil@1.11.6 (location: H:\Unity\Project\C1_DSkvaer_Game\C1_DSkvaer_Game\Library\PackageCache\com.unity.nuget.mono-cecil@ecb9724e46ff)
    com.unity.test-framework.performance@3.4.0 (location: H:\Unity\Project\C1_DSkvaer_Game\C1_DSkvaer_Game\Library\PackageCache\com.unity.test-framework.performance@aa81a99c4a75)
  Built-in packages:
    com.unity.2d.sprite@1.0.0 (location: H:\Unity\Project\C1_DSkvaer_Game\C1_DSkvaer_Game\Library\PackageCache\com.unity.2d.sprite@d14b9d497a24)
    com.unity.2d.tilemap@1.0.0 (location: H:\Unity\Project\C1_DSkvaer_Game\C1_DSkvaer_Game\Library\PackageCache\com.unity.2d.tilemap@43eb9b2da17d)
    com.unity.multiplayer.center@1.0.1 (location: H:\Unity\Project\C1_DSkvaer_Game\C1_DSkvaer_Game\Library\PackageCache\com.unity.multiplayer.center@f01f4ba8d00a)
    com.unity.render-pipelines.universal@17.3.0 (location: H:\Unity\Project\C1_DSkvaer_Game\C1_DSkvaer_Game\Library\PackageCache\com.unity.render-pipelines.universal@3b809f23691d)
    com.unity.test-framework@1.6.0 (location: H:\Unity\Project\C1_DSkvaer_Game\C1_DSkvaer_Game\Library\PackageCache\com.unity.test-framework@aebcb98460c6)
    com.unity.ugui@2.0.0 (location: H:\Unity\Project\C1_DSkvaer_Game\C1_DSkvaer_Game\Library\PackageCache\com.unity.ugui@8ccc29d23a79)
    com.unity.modules.accessibility@1.0.0 (location: H:\Unity\Project\C1_DSkvaer_Game\C1_DSkvaer_Game\Library\PackageCache\com.unity.modules.accessibility)
    com.unity.modules.adaptiveperformance@1.0.0 (location: H:\Unity\Project\C1_DSkvaer_Game\C1_DSkvaer_Game\Library\PackageCache\com.unity.modules.adaptiveperformance)
    com.unity.modules.ai@1.0.0 (location: H:\Unity\Project\C1_DSkvaer_Game\C1_DSkvaer_Game\Library\PackageCache\com.unity.modules.ai)
    com.unity.modules.androidjni@1.0.0 (location: H:\Unity\Project\C1_DSkvaer_Game\C1_DSkvaer_Game\Library\PackageCache\com.unity.modules.androidjni)
    com.unity.modules.animation@1.0.0 (location: H:\Unity\Project\C1_DSkvaer_Game\C1_DSkvaer_Game\Library\PackageCache\com.unity.modules.animation)
    com.unity.modules.assetbundle@1.0.0 (location: H:\Unity\Project\C1_DSkvaer_Game\C1_DSkvaer_Game\Library\PackageCache\com.unity.modules.assetbundle)
    com.unity.modules.audio@1.0.0 (location: H:\Unity\Project\C1_DSkvaer_Game\C1_DSkvaer_Game\Library\PackageCache\com.unity.modules.audio)
    com.unity.modules.cloth@1.0.0 (location: H:\Unity\Project\C1_DSkvaer_Game\C1_DSkvaer_Game\Library\PackageCache\com.unity.modules.cloth)
    com.unity.modules.director@1.0.0 (location: H:\Unity\Project\C1_DSkvaer_Game\C1_DSkvaer_Game\Library\PackageCache\com.unity.modules.director)
    com.unity.modules.imageconversion@1.0.0 (location: H:\Unity\Project\C1_DSkvaer_Game\C1_DSkvaer_Game\Library\PackageCache\com.unity.modules.imageconversion)
    com.unity.modules.imgui@1.0.0 (location: H:\Unity\Project\C1_DSkvaer_Game\C1_DSkvaer_Game\Library\PackageCache\com.unity.modules.imgui)
    com.unity.modules.jsonserialize@1.0.0 (location: H:\Unity\Project\C1_DSkvaer_Game\C1_DSkvaer_Game\Library\PackageCache\com.unity.modules.jsonserialize)
    com.unity.modules.particlesystem@1.0.0 (location: H:\Unity\Project\C1_DSkvaer_Game\C1_DSkvaer_Game\Library\PackageCache\com.unity.modules.particlesystem)
    com.unity.modules.physics@1.0.0 (location: H:\Unity\Project\C1_DSkvaer_Game\C1_DSkvaer_Game\Library\PackageCache\com.unity.modules.physics)
    com.unity.modules.physics2d@1.0.0 (location: H:\Unity\Project\C1_DSkvaer_Game\C1_DSkvaer_Game\Library\PackageCache\com.unity.modules.physics2d)
    com.unity.modules.screencapture@1.0.0 (location: H:\Unity\Project\C1_DSkvaer_Game\C1_DSkvaer_Game\Library\PackageCache\com.unity.modules.screencapture)
    com.unity.modules.terrain@1.0.0 (location: H:\Unity\Project\C1_DSkvaer_Game\C1_DSkvaer_Game\Library\PackageCache\com.unity.modules.terrain)
    com.unity.modules.terrainphysics@1.0.0 (location: H:\Unity\Project\C1_DSkvaer_Game\C1_DSkvaer_Game\Library\PackageCache\com.unity.modules.terrainphysics)
    com.unity.modules.tilemap@1.0.0 (location: H:\Unity\Project\C1_DSkvaer_Game\C1_DSkvaer_Game\Library\PackageCache\com.unity.modules.tilemap)
    com.unity.modules.ui@1.0.0 (location: H:\Unity\Project\C1_DSkvaer_Game\C1_DSkvaer_Game\Library\PackageCache\com.unity.modules.ui)
    com.unity.modules.uielements@1.0.0 (location: H:\Unity\Project\C1_DSkvaer_Game\C1_DSkvaer_Game\Library\PackageCache\com.unity.modules.uielements)
    com.unity.modules.umbra@1.0.0 (location: H:\Unity\Project\C1_DSkvaer_Game\C1_DSkvaer_Game\Library\PackageCache\com.unity.modules.umbra)
    com.unity.modules.unityanalytics@1.0.0 (location: H:\Unity\Project\C1_DSkvaer_Game\C1_DSkvaer_Game\Library\PackageCache\com.unity.modules.unityanalytics)
    com.unity.modules.unitywebrequest@1.0.0 (location: H:\Unity\Project\C1_DSkvaer_Game\C1_DSkvaer_Game\Library\PackageCache\com.unity.modules.unitywebrequest)
    com.unity.modules.unitywebrequestassetbundle@1.0.0 (location: H:\Unity\Project\C1_DSkvaer_Game\C1_DSkvaer_Game\Library\PackageCache\com.unity.modules.unitywebrequestassetbundle)
    com.unity.modules.unitywebrequestaudio@1.0.0 (location: H:\Unity\Project\C1_DSkvaer_Game\C1_DSkvaer_Game\Library\PackageCache\com.unity.modules.unitywebrequestaudio)
    com.unity.modules.unitywebrequesttexture@1.0.0 (location: H:\Unity\Project\C1_DSkvaer_Game\C1_DSkvaer_Game\Library\PackageCache\com.unity.modules.unitywebrequesttexture)
    com.unity.modules.unitywebrequestwww@1.0.0 (location: H:\Unity\Project\C1_DSkvaer_Game\C1_DSkvaer_Game\Library\PackageCache\com.unity.modules.unitywebrequestwww)
    com.unity.modules.vectorgraphics@1.0.0 (location: H:\Unity\Project\C1_DSkvaer_Game\C1_DSkvaer_Game\Library\PackageCache\com.unity.modules.vectorgraphics)
    com.unity.modules.vehicles@1.0.0 (location: H:\Unity\Project\C1_DSkvaer_Game\C1_DSkvaer_Game\Library\PackageCache\com.unity.modules.vehicles)
    com.unity.modules.video@1.0.0 (location: H:\Unity\Project\C1_DSkvaer_Game\C1_DSkvaer_Game\Library\PackageCache\com.unity.modules.video)
    com.unity.modules.vr@1.0.0 (location: H:\Unity\Project\C1_DSkvaer_Game\C1_DSkvaer_Game\Library\PackageCache\com.unity.modules.vr)
    com.unity.modules.wind@1.0.0 (location: H:\Unity\Project\C1_DSkvaer_Game\C1_DSkvaer_Game\Library\PackageCache\com.unity.modules.wind)
    com.unity.modules.xr@1.0.0 (location: H:\Unity\Project\C1_DSkvaer_Game\C1_DSkvaer_Game\Library\PackageCache\com.unity.modules.xr)
    com.unity.modules.subsystems@1.0.0 (location: H:\Unity\Project\C1_DSkvaer_Game\C1_DSkvaer_Game\Library\PackageCache\com.unity.modules.subsystems)
    com.unity.modules.hierarchycore@1.0.0 (location: H:\Unity\Project\C1_DSkvaer_Game\C1_DSkvaer_Game\Library\PackageCache\com.unity.modules.hierarchycore)
    com.unity.ext.nunit@2.0.5 (location: H:\Unity\Project\C1_DSkvaer_Game\C1_DSkvaer_Game\Library\PackageCache\com.unity.ext.nunit@d8c07649098d)
    com.unity.render-pipelines.core@17.3.0 (location: H:\Unity\Project\C1_DSkvaer_Game\C1_DSkvaer_Game\Library\PackageCache\com.unity.render-pipelines.core@02dfbe8e43de)
    com.unity.shadergraph@17.3.0 (location: H:\Unity\Project\C1_DSkvaer_Game\C1_DSkvaer_Game\Library\PackageCache\com.unity.shadergraph@28ee1cc75774)
    com.unity.render-pipelines.universal-config@17.0.3 (location: H:\Unity\Project\C1_DSkvaer_Game\C1_DSkvaer_Game\Library\PackageCache\com.unity.render-pipelines.universal-config@8dc1aab4af1d)
  Git packages:
    com.esotericsoftware.spine.spine-csharp@https://github.com/EsotericSoftware/spine-runtimes.git?path=spine-csharp/src#4.2 (location: H:\Unity\Project\C1_DSkvaer_Game\C1_DSkvaer_Game\Library\PackageCache\com.esotericsoftware.spine.spine-csharp@37cd8452689e)
    com.esotericsoftware.spine.spine-unity@https://github.com/EsotericSoftware/spine-runtimes.git?path=spine-unity/Assets/Spine#4.2 (location: H:\Unity\Project\C1_DSkvaer_Game\C1_DSkvaer_Game\Library\PackageCache\com.esotericsoftware.spine.spine-unity@40ef011498d2)
    com.esotericsoftware.spine.urp-shaders@https://github.com/EsotericSoftware/spine-runtimes.git?path=spine-unity/Modules/com.esotericsoftware.spine.urp-shaders#4.2 (location: H:\Unity\Project\C1_DSkvaer_Game\C1_DSkvaer_Game\Library\PackageCache\com.esotericsoftware.spine.urp-shaders@775af2d7ea49)
[Subsystems] No new subsystems found in resolved package list.
[Package Manager] Done registering packages in 0.02 seconds
[ScriptCompilation] Requested script compilation because: Assetdatabase observed changes in script compilation related files
Starting: H:\Unity\6.1\6000.3.14f1\Editor\Data\Tools\BuildPipeline\bee_backend.exe --ipc --defer-dag-verification --dagfile="Library/Bee/1900b0aEDbg.dag" --continue-on-failure --profile="Library/Bee/backend1.traceevents" ScriptAssemblies
WorkingDir: H:/Unity/Project/C1_DSkvaer_Game/C1_DSkvaer_Game
DisplayProgressbar: Compiling Scripts
ExitCode: 4 Duration: 4s103ms
Rebuilding DAG because FileSignature timestamp changed: Library/Bee/1900b0aEDbg-inputdata.json
*** Tundra requires additional run (4.03 seconds), 0 items updated, 573 evaluated
Starting: H:\Unity\6.1\6000.3.14f1\Editor\Data\netcorerun\netcorerun.exe "H:\Unity\6.1\6000.3.14f1\Editor\Data\Tools\BuildPipeline\ScriptCompilationBuildProgram.exe" "Library/Bee/1900b0aEDbg.dag.json" "Library/Bee/1900b0aEDbg-inputdata.json" "Library\Bee\buildprogram0.traceevents"
WorkingDir: H:/Unity/Project/C1_DSkvaer_Game/C1_DSkvaer_Game
ExitCode: 0 Duration: 3s462ms
Starting: H:\Unity\6.1\6000.3.14f1\Editor\Data\Tools\BuildPipeline\bee_backend.exe --ipc --defer-dag-verification --dagfile="Library/Bee/1900b0aEDbg.dag" --continue-on-failure --dagfilejson="Library\Bee\1900b0aEDbg.dag.json" --profile="Library/Bee/backend2.traceevents" ScriptAssemblies
WorkingDir: H:/Unity/Project/C1_DSkvaer_Game/C1_DSkvaer_Game
ExitCode: 0 Duration: 36s
Finished compiling graph: 1065 nodes, 20462 flattened edges (16762 ToBuild, 170 ToUse), maximum node priority 1202
[ 572/1061  0s] WriteText Library/Bee/artifacts/1900b0aEDbg.dag/Assembly-CSharp.rsp
[ 574/1061  0s] WriteText Library/Bee/artifacts/1900b0aEDbg.dag/Assembly-CSharp-Editor.rsp
[ 719/1061  0s] ILPP-Configuration Library/ilpp-configuration.nevergeneratedoutput
[1053/1061  3s] Csc Library/Bee/artifacts/1900b0aEDbg.dag/Assembly-CSharp.dll (+2 others)
Assets\LeanTween\Examples\Scripts\TestingUnitTests.cs(526,35): warning CS0618: 'Object.FindObjectsOfType(Type)' is obsolete: 'Object.FindObjectsOfType has been deprecated. Use Object.FindObjectsByType instead which lets you decide whether you need the results sorted or not.  FindObjectsOfType sorts the results by InstanceID, but if you do not need this using FindObjectSortMode.None is considerably faster.'

Assets\C1\Scripts\NPC\Characters\Player\Manager\PlayerAnimationManager.cs(12,18): warning CS0414: The field 'PlayerAnimationManager.isRunning' is assigned but its value is never used
[1054/1061  0s] Csc Library/Bee/artifacts/1900b0aEDbg.dag/Assembly-CSharp-Editor.dll (+2 others)
[1055/1061  2s] ILPostProcess Library/Bee/artifacts/1900b0aEDbg.dag/post-processed/Assembly-CSharp-Editor.dll (+pdb)
Processing assembly Library/Bee/artifacts/1900b0aEDbg.dag/Assembly-CSharp-Editor.dll, with 135 defines and 353 references

processors: Unity.Jobs.CodeGen.JobsILPostProcessor, zzzUnity.Burst.CodeGen.BurstILPostProcessor

running Unity.Jobs.CodeGen.JobsILPostProcessor

running zzzUnity.Burst.CodeGen.BurstILPostProcessor
[1056/1061  0s] CopyFiles Library/ScriptAssemblies/Assembly-CSharp-Editor.pdb
[1057/1061  2s] ILPostProcess Library/Bee/artifacts/1900b0aEDbg.dag/post-processed/Assembly-CSharp.dll (+pdb)
Processing assembly Library/Bee/artifacts/1900b0aEDbg.dag/Assembly-CSharp.dll, with 137 defines and 331 references

processors: Unity.Jobs.CodeGen.JobsILPostProcessor, zzzUnity.Burst.CodeGen.BurstILPostProcessor

running Unity.Jobs.CodeGen.JobsILPostProcessor

running zzzUnity.Burst.CodeGen.BurstILPostProcessor
[1058/1061  0s] CopyFiles Library/ScriptAssemblies/Assembly-CSharp.pdb
[1059/1061  0s] CopyFiles Library/ScriptAssemblies/Assembly-CSharp-Editor.dll
[1060/1061  0s] CopyFiles Library/ScriptAssemblies/Assembly-CSharp.dll
*** Tundra build success (36.04 seconds), 11 items updated, 1061 evaluated
Assets\LeanTween\Examples\Scripts\TestingUnitTests.cs(526,35): warning CS0618: 'Object.FindObjectsOfType(Type)' is obsolete: 'Object.FindObjectsOfType has been deprecated. Use Object.FindObjectsByType instead which lets you decide whether you need the results sorted or not.  FindObjectsOfType sorts the results by InstanceID, but if you do not need this using FindObjectSortMode.None is considerably faster.'
Assets\C1\Scripts\NPC\Characters\Player\Manager\PlayerAnimationManager.cs(12,18): warning CS0414: The field 'PlayerAnimationManager.isRunning' is assigned but its value is never used
AssetDatabase: script compilation time: 47.162000s
Begin MonoManager ReloadAssembly
- Loaded All Assemblies, in 13.819 seconds
Refreshing native plugins compatible for Editor in 120.12 ms, found 5 plugins.
Native extension for WindowsStandalone target not found
Refreshing native plugins compatible for Editor in 1.76 ms, found 5 plugins.
[Licensing::Client] Successfully resolved entitlement details
ScheduleIndexationOnStartup MainProcess:True IndexOnStartup:True
Mono: successfully reloaded assembly
- Finished resetting the current domain, in  9.398 seconds
Domain Reload Profiling: 23215ms
	BeginReloadAssembly (375ms)
		ExecutionOrderSort (0ms)
		DisableScriptedObjects (27ms)
		BackupInstance (0ms)
		ReleaseScriptingObjects (0ms)
		CreateAndSetChildDomain (168ms)
	RebuildCommonClasses (53ms)
	RebuildNativeTypeToScriptingClass (17ms)
	initialDomainReloadingComplete (33ms)
	LoadAllAssembliesAndSetupDomain (13339ms)
		LoadAssemblies (12593ms)
		RebuildTransferFunctionScriptingTraits (0ms)
		AnalyzeDomain (875ms)
			TypeCache.Refresh (740ms)
				TypeCache.ScanAssembly (719ms)
			BuildScriptInfoCaches (114ms)
			ResolveRequiredComponents (17ms)
	FinalizeReload (9399ms)
		ReleaseScriptCaches (0ms)
		RebuildScriptCaches (0ms)
		SetupLoadedEditorAssemblies (8742ms)
			LogAssemblyErrors (0ms)
			InitializePlatformSupportModulesInManaged (27ms)
			SetLoadedEditorAssemblies (6ms)
			BeforeProcessingInitializeOnLoad (396ms)
			ProcessInitializeOnLoadAttributes (7751ms)
			ProcessInitializeOnLoadMethodAttributes (557ms)
			AfterProcessingInitializeOnLoad (5ms)
			EditorAssembliesLoaded (1ms)
		ExecutionOrderSort2 (0ms)
		AwakeInstancesAfterBackupRestoration (23ms)
Start importing Packages/com.unity.render-pipelines.core/Tests/Editor/UnifiedRayTracing/TraceRays.urtshader using Guid(1142bbad8b9e8c44c83a9775ff120d37) (ScriptedImporter)Launched and connected shader compiler UnityShaderCompiler.exe after 0.04 seconds

Compiling Ray Tracing Shader "TraceRays.urtshader", keywords = <no keywords>
    finished in 0.54 seconds. Local cache hits 1, remote cache hits 0, compiled 0 platform variants
 -> (artifact id: '711be5bd2aec212bc7f52fe41408d171') in 0.864413 seconds
Start importing Packages/com.unity.render-pipelines.universal/Runtime/RendererFeatures/SurfaceCacheGI/SurfaceCacheCore/RisEstimation.urtshader using Guid(713f6141bd66a134383b787f2eaa7c11) (ScriptedImporter)
Compiling Ray Tracing Shader "RisEstimation.urtshader", keywords = <no keywords>
    finished in 0.01 seconds. Local cache hits 1, remote cache hits 0, compiled 0 platform variants
 -> (artifact id: '138b6ddd809598ee99efeedbba515d5d') in 0.2366215 seconds
Start importing Packages/com.unity.render-pipelines.core/Editor/Lighting/ProbeVolume/RenderingLayerMask/TraceRenderingLayerMask.urtshader using Guid(94a070d33e408384bafc1dea4a565df9) (ScriptedImporter)
Compiling Ray Tracing Shader "TraceRenderingLayerMask.urtshader", keywords = <no keywords>
    finished in 0.01 seconds. Local cache hits 1, remote cache hits 0, compiled 0 platform variants
 -> (artifact id: 'ae9ed0d17c428fa5d475a19beb4b638b') in 0.1482692 seconds
Start importing Packages/com.unity.render-pipelines.universal/Runtime/RendererFeatures/SurfaceCacheGI/SurfaceCacheCore/UniformEstimation.urtshader using Guid(94a39d12848d8d64ca962a72b74e7c50) (ScriptedImporter)
Compiling Ray Tracing Shader "UniformEstimation.urtshader", keywords = <no keywords>
    finished in 0.01 seconds. Local cache hits 1, remote cache hits 0, compiled 0 platform variants
 -> (artifact id: 'd3dc4aa72a88bdf174f365f7399c830a') in 0.0443935 seconds
Start importing Packages/com.unity.render-pipelines.core/Tests/Editor/UnifiedRayTracing/TraceTransparentRays.urtshader using Guid(6513c3b892e933c4f8d00c19d5c47532) (ScriptedImporter)
Compiling Ray Tracing Shader "TraceTransparentRays.urtshader", keywords = <no keywords>
    finished in 0.01 seconds. Local cache hits 1, remote cache hits 0, compiled 0 platform variants
 -> (artifact id: '134aed3489688c5d7443737a8b82ef4a') in 0.0315898 seconds
Start importing Packages/com.unity.render-pipelines.core/Editor/Lighting/ProbeVolume/DynamicGI/DynamicGISkyOcclusion.urtshader using Guid(5a2a534753fbdb44e96c3c78b5a6999d) (ScriptedImporter)
Compiling Ray Tracing Shader "DynamicGISkyOcclusion.urtshader", keywords = <no keywords>
    finished in 0.01 seconds. Local cache hits 1, remote cache hits 0, compiled 0 platform variants
 -> (artifact id: '3304725932783239d2b74bd62ca6b8f7') in 0.0385099 seconds
Start importing Packages/com.unity.render-pipelines.core/Tests/Editor/UnifiedRayTracing/TraceRaysAndFetchAttributes.urtshader using Guid(fbc59f55df2416344b008dc23753cae2) (ScriptedImporter)
Compiling Ray Tracing Shader "TraceRaysAndFetchAttributes.urtshader", keywords = <no keywords>
    finished in 0.01 seconds. Local cache hits 1, remote cache hits 0, compiled 0 platform variants
 -> (artifact id: '67e914a91375aed09bcd09d6732c8b3c') in 0.026736 seconds
Start importing Packages/com.unity.render-pipelines.universal/Runtime/RendererFeatures/SurfaceCacheGI/SurfaceCacheCore/RestirCandidateTemporal.urtshader using Guid(ad3a9f9982f8c4f4a839a78955e78458) (ScriptedImporter)
Compiling Ray Tracing Shader "RestirCandidateTemporal.urtshader", keywords = <no keywords>
    finished in 0.01 seconds. Local cache hits 1, remote cache hits 0, compiled 0 platform variants
 -> (artifact id: '9c5f82b1bec7d1e113aa7d907a3587c5') in 0.0484101 seconds
Start importing Packages/com.unity.render-pipelines.core/Editor/Lighting/ProbeVolume/VirtualOffset/TraceVirtualOffset.urtshader using Guid(ff2cbab5da58bf04d82c5f34037ed123) (ScriptedImporter)
Compiling Ray Tracing Shader "TraceVirtualOffset.urtshader", keywords = <no keywords>
    finished in 0.01 seconds. Local cache hits 1, remote cache hits 0, compiled 0 platform variants
 -> (artifact id: '6a26cbc95662ba5a0a572b51348960cd') in 0.0629009 seconds
Refreshing native plugins compatible for Editor in 3.28 ms, found 5 plugins.
Preloading 0 native plugins for Editor in 0.00 ms.
Asset Pipeline Refresh (id=b2e948e6d698d6a4ca1ecd9aeb86997d): Total: 77.521 seconds - Initiated by InitialRefreshV2(ForceSynchronousImport)
	Summary:
		Imports: total=9 (actual=9, local cache=0, cache server=0)
		Asset DB Process Time: managed=6 ms, native=15383 ms
		Asset DB Callback time: managed=865 ms, native=132 ms
		Scripting: domain reloads=1, domain reload time=13819 ms, compile time=47163 ms, other=150 ms
		Project Asset Count: scripts=1753, non-scripts=3879
		Asset File Changes: new=3, changed=6, moved=0, deleted=0
		Scan Filter Count: 0
	InvokeCustomDependenciesCallbacks: 0.001ms
	InvokePackagesCallback: 45.897ms
	ApplyChangesToAssetFolders: 0.713ms
	Scan: 186.242ms
	OnSourceAssetsModified: 1.312ms
	CategorizeAssetsWithTransientArtifact: 2711.199ms
	ProcessAssetsWithTransientArtifactChanges: 122.707ms
	CategorizeAssets: 88.558ms
	ImportOutOfDateAssets: 11086.274ms (-37627.940ms without children)
		ImportManagerImport: 1527.939ms (22.259ms without children)
			ImportInProcess: 1504.887ms
			UpdateCategorizedAssets: 0.793ms
		CompileScripts: 47163.313ms
		ReloadNativeAssets: 0.026ms
		UnloadImportedAssets: 0.842ms
		ReloadImportedAssets: 19.650ms
		EnsureUptoDateAssetsAreRegisteredWithGuidPM: 1.010ms
		InitializingProgressBar: 0.005ms
		PostProcessAllAssetNotificationsAddChangedAssets: 0.001ms
		OnDemandSchedulerStart: 1.428ms
	PostProcessAllAssets: 943.907ms
	Hotreload: 7.933ms
	GatherAllCurrentPrimaryArtifactRevisions: 0.002ms
	UnloadStreamsBegin: 3.341ms
	PersistCurrentRevisions: 0.334ms
	UnloadStreamsEnd: 0.001ms
	GenerateScriptTypeHashes: 5.270ms
	Untracked: 62322.708ms

Application.AssetDatabase Initial Refresh End
Scanning for USB devices : 2.000ms
Initializing Unity extensions:
[MODES] ModeService[none].Initialize
[MODES] ModeService[none].LoadModes
[MODES] Loading mode Default (0) for mode-current-id-С1.0
Unloading 41 Unused Serialized files (Serialized files now loaded: 0)
Unloading 7565 unused Assets / (10.2 MB). Loaded Objects now: 8464.
Memory consumption went from 252.2 MB to 242.0 MB.
Total: 16.979200 ms (FindLiveObjects: 1.087500 ms CreateObjectMapping: 1.902400 ms MarkObjects: 8.096600 ms  DeleteObjects: 5.891500 ms)

Start importing Assets/C1/Prefabs/NPC/Bandits/Base/Bandit_Junior_Raider_Base.prefab using Guid(508ed574458c5c74b8361fdb9926d8c4) (PrefabImporter) -> (artifact id: '31c312e6eb58bb9fa5d203d62350fc69') in 0.012773 seconds
Refreshing native plugins compatible for Editor in 1.84 ms, found 5 plugins.
Preloading 0 native plugins for Editor in 0.00 ms.
Asset Pipeline Refresh (id=57e5d08b3f5bdd148a2ce878896f5fe6): Total: 0.144 seconds - Initiated by StopAssetImportingV2(NoUpdateAssetOptions)
Start importing Assets/C1/Prefabs/NPC/Bandits/Base/Bandit_Middle_WolfHunter_Base.prefab using Guid(50eba1bf808f75548a0ccb2d4394eb11) (PrefabImporter) -> (artifact id: '676ebc8768a44b4994e7200d545b8225') in 0.0060798 seconds
Refreshing native plugins compatible for Editor in 1.69 ms, found 5 plugins.
Preloading 0 native plugins for Editor in 0.00 ms.
Asset Pipeline Refresh (id=3658502e0e1b50d499b833454117f4d1): Total: 0.061 seconds - Initiated by StopAssetImportingV2(NoUpdateAssetOptions)
Start importing Assets/C1/Prefabs/NPC/Bandits/Base/Bandit_Senior_Ambusher_Base.prefab using Guid(23255bbc7a3141b40b217ccefe117475) (PrefabImporter) -> (artifact id: '852b6c0d6bc65d90bbe1e6f8b9c4b2fc') in 0.0060961 seconds
Refreshing native plugins compatible for Editor in 1.66 ms, found 5 plugins.
Preloading 0 native plugins for Editor in 0.00 ms.
Asset Pipeline Refresh (id=5b8fb4e7cc43e2d4b8d4cea119ad1517): Total: 0.062 seconds - Initiated by StopAssetImportingV2(NoUpdateAssetOptions)
Start importing Assets/C1/Prefabs/NPC/Bandits/Base/Bandit_Suicide_FireShip_Base.prefab using Guid(d1b437364ef98d24f9bd7a0e0969a5b3) (PrefabImporter) -> (artifact id: 'ffbf62f93b080b49282d06b5b465e510') in 0.0053902 seconds
Refreshing native plugins compatible for Editor in 1.67 ms, found 5 plugins.
Preloading 0 native plugins for Editor in 0.00 ms.
Asset Pipeline Refresh (id=35c90b771f66638449c879acddca922f): Total: 0.060 seconds - Initiated by StopAssetImportingV2(NoUpdateAssetOptions)
Start importing Assets/C1/Prefabs/NPC/Bandits/Base/Configs/Bandit_Middle_WolfHunter_Base/Bandit_Middle_WolfHunter_Base_Shooting.asset using Guid(10cb21faa7e1ef44d974fa7ce7c4c170) (NativeFormatImporter) -> (artifact id: 'f97931397fdeaa48adc23b0a279dc272') in 0.0028489 seconds
Start importing Assets/C1/Prefabs/NPC/Bandits/Base/Configs/Bandit_Suicide_FireShip_Base/Bandit_Suicide_FireShip_Base_Movement.asset using Guid(5045cf4c1763b3045b8c4d6ea4f5d3c8) (NativeFormatImporter) -> (artifact id: 'd0f0531073ab25e91cb2811b4f674186') in 0.0013458 seconds
Start importing Assets/C1/Prefabs/NPC/Bandits/Base/Configs/Bandit_Junior_Raider_Base/Bandit_Junior_Raider_Base_BanditType.asset using Guid(41f7be5208abea74c9f5458845b4049d) (NativeFormatImporter) -> (artifact id: 'efc85272c2b258773ece37d8e4ceea19') in 0.0013696 seconds
Start importing Assets/C1/Prefabs/NPC/Bandits/Base/Configs/Bandit_Suicide_FireShip_Base/Bandit_Suicide_FireShip_Base_Behavior.asset using Guid(41de438aaa68b614ab9274e2ec03a2e6) (NativeFormatImporter) -> (artifact id: '0099a18734e003227d4b952e219c6cd4') in 0.0011544 seconds
Start importing Assets/C1/Prefabs/NPC/Bandits/Base/Configs/Bandit_Suicide_FireShip_Base/Bandit_Suicide_FireShip_Base_BanditType.asset using Guid(e2a1896a17f4ca740ba86ea5aede368e) (NativeFormatImporter) -> (artifact id: '793c0b792fd5a5a42e642d4944fccc38') in 0.0012588 seconds
Start importing Assets/C1/Prefabs/NPC/Bandits/Base/Configs/Bandit_Middle_WolfHunter_Base/Bandit_Middle_WolfHunter_Base_Patrol.asset using Guid(04ca5aeb12a51fe41af9b4325f5dc386) (NativeFormatImporter) -> (artifact id: 'ab87fd84b1647dd71e7aa81c7083e213') in 0.0012895 seconds
Start importing Assets/C1/Prefabs/NPC/Bandits/Base/Configs/Bandit_Senior_Ambusher_Base/Bandit_Senior_Ambusher_Base_BanditType.asset using Guid(350378e3a3070124aa37e7da7d1e05fb) (NativeFormatImporter) -> (artifact id: '549ea8ca40bcff6887cb5f8495185f50') in 0.0017978 seconds
Start importing Assets/C1/Prefabs/NPC/Bandits/Base/Configs/Bandit_Middle_WolfHunter_Base/Bandit_Middle_WolfHunter_Base_Movement.asset using Guid(35e84a8c241afb24c988bbba16889053) (NativeFormatImporter) -> (artifact id: '0c16b42d1ca8ca81d41fa59fc0760eb1') in 0.0016165 seconds
Start importing Assets/C1/Prefabs/NPC/Bandits/Base/Configs/Bandit_Junior_Raider_Base/Bandit_Junior_Raider_Base_Patrol.asset using Guid(7538396ccb6f8b646b71a78242d6f75b) (NativeFormatImporter) -> (artifact id: 'd7be92ce83300bcecb728bb190df7024') in 0.0014162 seconds
Start importing Assets/C1/Prefabs/NPC/Bandits/Base/Configs/Bandit_Suicide_FireShip_Base/Bandit_Suicide_FireShip_Base_Health.asset using Guid(d5b0cfc5f668e7e40b5d843c612b0f2b) (NativeFormatImporter) -> (artifact id: '99d2b0755efa96830e6ddbccaf49b3b6') in 0.001275 seconds
Start importing Assets/C1/Prefabs/NPC/Bandits/Base/Configs/Bandit_Senior_Ambusher_Base/Bandit_Senior_Ambusher_Base_Movement.asset using Guid(d5d712bc004d6dc48bacdfc22fa5fb36) (NativeFormatImporter) -> (artifact id: '4a04e45ddaf89eddd46a111761fc3c93') in 0.0015697 seconds
Start importing Assets/C1/Prefabs/NPC/Bandits/Base/Configs/Bandit_Middle_WolfHunter_Base/Bandit_Middle_WolfHunter_Base_Ram.asset using Guid(f5943e1774f0e1e49808985c35c0c807) (NativeFormatImporter) -> (artifact id: 'f0a2ac54350cfba7661c79492a3b857d') in 0.0013349 seconds
Start importing Assets/C1/Prefabs/NPC/Bandits/Base/Configs/Bandit_Senior_Ambusher_Base/Bandit_Senior_Ambusher_Base_Behavior.asset using Guid(06b0767edc3dd374586ee01f23efae98) (NativeFormatImporter) -> (artifact id: '5a6220d04078e553265032670f4c35d2') in 0.0012289 seconds
Start importing Assets/C1/Prefabs/NPC/Bandits/Base/Configs/Bandit_Junior_Raider_Base/Bandit_Junior_Raider_Base_Health.asset using Guid(66199dbcffe2fe441958488592c12b7b) (NativeFormatImporter) -> (artifact id: '058d771ee4f8fbe17e07026ae88048a3') in 0.0012635 seconds
Start importing Assets/C1/Prefabs/NPC/Bandits/Base/Configs/Bandit_Senior_Ambusher_Base/Bandit_Senior_Ambusher_Base_Shooting.asset using Guid(f6b73819bcbdc5e47b83af03cdaa7773) (NativeFormatImporter) -> (artifact id: '36f85909ed813a14838103897e5dd572') in 0.0013352 seconds
Start importing Assets/C1/Prefabs/NPC/Bandits/Base/Configs/Bandit_Suicide_FireShip_Base/Bandit_Suicide_FireShip_Base_Ram.asset using Guid(175a52d3c1ea6f346aa343bdac55e38c) (NativeFormatImporter) -> (artifact id: '713855b998db938b05ba525573242533') in 0.0015645 seconds
Start importing Assets/C1/Prefabs/NPC/Bandits/Base/Configs/Bandit_Senior_Ambusher_Base/Bandit_Senior_Ambusher_Base_Patrol.asset using Guid(a7a0f3bd98d44864fbdcf827d0f7bded) (NativeFormatImporter) -> (artifact id: '08f9a35bd02556e39986e2be08df4312') in 0.0013121 seconds
Start importing Assets/C1/Prefabs/NPC/Bandits/Base/Configs/Bandit_Middle_WolfHunter_Base/Bandit_Middle_WolfHunter_Base_Behavior.asset using Guid(b7f805e34ad054345b1c8057f9c06bf1) (NativeFormatImporter) -> (artifact id: 'dc663c9d450a71acd592b46dff7007c2') in 0.0011319 seconds
Start importing Assets/C1/Prefabs/NPC/Bandits/Base/Configs/Bandit_Suicide_FireShip_Base/Bandit_Suicide_FireShip_Base_Patrol.asset using Guid(38567b0bd9cc00540b6c8cbd0e5dab5c) (NativeFormatImporter) -> (artifact id: '38dbe6d99a10822e383b53ab314ae2d0') in 0.0011964 seconds
Start importing Assets/C1/Prefabs/NPC/Bandits/Base/Configs/Bandit_Junior_Raider_Base/Bandit_Junior_Raider_Base_Shooting.asset using Guid(88f7400e6233bea4fa28dbb52b34a7b9) (NativeFormatImporter) -> (artifact id: '3304babbfd1d0ea977beed65349b96e9') in 0.0011304 seconds
Start importing Assets/C1/Prefabs/NPC/Bandits/Base/Configs/Bandit_Junior_Raider_Base/Bandit_Junior_Raider_Base_Movement.asset using Guid(98f10faa821259940afe7ce45127978e) (NativeFormatImporter) -> (artifact id: 'fb9919c513b9b28d249b0fb7bd98dcaa') in 0.0011922 seconds
Start importing Assets/C1/Prefabs/NPC/Bandits/Base/Configs/Bandit_Suicide_FireShip_Base/Bandit_Suicide_FireShip_Base_Shooting.asset using Guid(5a66f7dd42cc0354385a6784bdd13a82) (NativeFormatImporter) -> (artifact id: '0dcd241c696994af028b88d538a0abe1') in 0.0013684 seconds
Start importing Assets/C1/Prefabs/NPC/Bandits/Base/Configs/Bandit_Junior_Raider_Base/Bandit_Junior_Raider_Base_Behavior.asset using Guid(da0cfecab029e9249a38052e3f3c8173) (NativeFormatImporter) -> (artifact id: 'ab55fa5a880e7bfe95950a5f0c6b4a38') in 0.001147 seconds
Start importing Assets/C1/Prefabs/NPC/Bandits/Base/Configs/Bandit_Senior_Ambusher_Base/Bandit_Senior_Ambusher_Base_Ram.asset using Guid(2b82d39c707f8de488b7da64db54c0c3) (NativeFormatImporter) -> (artifact id: '344adcc01e7d09884bdb24f411c137be') in 0.0011099 seconds
Start importing Assets/C1/Prefabs/NPC/Bandits/Base/Configs/Bandit_Middle_WolfHunter_Base/Bandit_Middle_WolfHunter_Base_BanditType.asset using Guid(bb3ad3c0406a0724aae6b82b843f3109) (NativeFormatImporter) -> (artifact id: '1fef1d3e789af9240286eaca53574738') in 0.0011052 seconds
Start importing Assets/C1/Prefabs/NPC/Bandits/Base/Configs/Bandit_Senior_Ambusher_Base/Bandit_Senior_Ambusher_Base_Health.asset using Guid(7c08a51f611fbe448a950bc7df145a79) (NativeFormatImporter) -> (artifact id: 'ad00a2707e9ff86c23a08e751e4c3a02') in 0.0011778 seconds
Start importing Assets/C1/Prefabs/NPC/Bandits/Base/Configs/Bandit_Middle_WolfHunter_Base/Bandit_Middle_WolfHunter_Base_Health.asset using Guid(bc7bb7bfe8538934c9a443be3b7149a6) (NativeFormatImporter) -> (artifact id: 'f64dcd9dbdf71d251d76fb0f56e4b938') in 0.0015619 seconds
Start importing Assets/C1/Prefabs/NPC/Bandits/Base/Configs/Bandit_Junior_Raider_Base/Bandit_Junior_Raider_Base_Ram.asset using Guid(bf3d0fe43363f3144921340b9503e265) (NativeFormatImporter) -> (artifact id: 'b4763e72a4953414b8f721afd9879edc') in 0.0013875 seconds
Refreshing native plugins compatible for Editor in 2.13 ms, found 5 plugins.
Preloading 0 native plugins for Editor in 0.00 ms.
Asset Pipeline Refresh (id=5e303b1a25fdda64788e536341b76ea6): Total: 0.093 seconds - Initiated by StopAssetImportingV2(NoUpdateAssetOptions)
Asset Pipeline Refresh (id=6b94968963b9af846b2167863eaf6018): Total: 0.008 seconds - Initiated by RefreshV2(NoUpdateAssetOptions)
Batchmode quit successfully invoked - shutting down!
[Physics::Module] Cleanup current backend.
[Physics::Module] Id: 0xf2b8ea05
Input System module state changed to: ShutdownInProgress.
Input System polling thread exited.
Input System module state changed to: Shutdown.
[Licensing::IpcConnector] LicenseClient-DSkvaer-notifications channel disconnected successfully.
[Licensing::IpcConnector] LicenseClient-DSkvaer channel disconnected successfully.
AcceleratorClientConnectionCallback - disconnected - :0
Cleanup mono
Exiting batchmode successfully now!
Exiting without the bug reporter. Application will terminate with return code 0