[Licensing::Module] Trying to connect to existing licensing client channel...
Built from '6000.3/staging' branch; Version is '6000.3.14f1 (d68c3f99a318) revision 14060607'; Using compiler version '194234433'; Build Type 'Release'
OS: 'Windows 10  (10.0.19045) 64bit Professional' Language: 'ru' Physical Memory: 32677 MB
[Licensing::IpcConnector] Successfully connected to: "LicenseClient-DSkvaer" at "2026-06-07T20:54:52.6154937Z"
BatchMode: 1, IsHumanControllingUs: 0, StartBugReporterOnCrash: 0, Is64bit: 1
System  architecture: x64
Process architecture: x64
Date: 2026-06-07T20:54:52Z

COMMAND LINE ARGUMENTS:
H:\Unity\6.1\6000.3.14f1\Editor\Unity.exe
-batchmode
-projectPath
H:\Unity\Project\C1_DSkvaer_Game\C1_DSkvaer_Game
-executeMethod
C1.EditorTools.TopDownSceneHealthBarCleanup.CleanupEmptyTopDownHealthBars
-quit
-logFile
H:\Unity\Project\C1_DSkvaer_Game\unity-healthbar-cleanup.log
Successfully changed project path to: H:\Unity\Project\C1_DSkvaer_Game\C1_DSkvaer_Game
H:/Unity/Project/C1_DSkvaer_Game/C1_DSkvaer_Game
[UnityMemory] Configuration Parameters - Can be set up in boot.config
    "memorysetup-temp-allocator-size-nav-mesh-worker=65536"
    "memorysetup-temp-allocator-size-audio-worker=65536"
    "memorysetup-temp-allocator-size-gfx=262144"
    "memorysetup-allocator-temp-initial-block-size-main=262144"
    "memorysetup-allocator-temp-initial-block-size-worker=262144"
    "memorysetup-temp-allocator-size-background-worker=32768"
    "memorysetup-temp-allocator-size-job-worker=262144"
    "memorysetup-temp-allocator-size-preload-manager=33554432"
    "memorysetup-temp-allocator-size-gi-baking-worker=262144"
    "memorysetup-temp-allocator-size-gi-baking-worker=262144"
    "memorysetup-temp-allocator-size-gi-baking-worker=262144"
    "memorysetup-temp-allocator-size-gi-baking-worker=262144"
    "memorysetup-temp-allocator-size-gi-baking-worker=262144"
    "memorysetup-bucket-allocator-granularity=16"
    "memorysetup-bucket-allocator-bucket-count=8"
    "memorysetup-bucket-allocator-block-size=33554432"
    "memorysetup-bucket-allocator-block-count=8"
    "memorysetup-main-allocator-block-size=16777216"
    "memorysetup-thread-allocator-block-size=16777216"
    "memorysetup-gfx-main-allocator-block-size=16777216"
    "memorysetup-gfx-thread-allocator-block-size=16777216"
    "memorysetup-cache-allocator-block-size=4194304"
    "memorysetup-typetree-allocator-block-size=2097152"
    "memorysetup-profiler-bucket-allocator-granularity=16"
    "memorysetup-profiler-bucket-allocator-bucket-count=8"
    "memorysetup-profiler-bucket-allocator-block-size=33554432"
    "memorysetup-profiler-bucket-allocator-block-count=8"
    "memorysetup-profiler-allocator-block-size=16777216"
    "memorysetup-profiler-editor-allocator-block-size=1048576"
    "memorysetup-temp-allocator-size-main=16777216"
    "memorysetup-job-temp-allocator-block-size=2097152"
    "memorysetup-job-temp-allocator-block-size-background=1048576"
    "memorysetup-job-temp-allocator-reduction-small-platforms=262144"
    "memorysetup-temp-allocator-size-cloud-worker=32768"
Player connection [15296]  Target information:

Player connection [15296]  * "[IP] 192.168.31.115 [Port] 55504 [Flags] 2 [Guid] 1129765790 [EditorId] 1129765790 [Version] 1048832 [Id] WindowsEditor(7,DESKTOP-CQA9PKC) [Debug] 1 [PackageName] WindowsEditor [ProjectName] Editor" 

Player connection [15296] Host joined multi-casting on [225.0.0.222:54997]...
Player connection [15296] Host joined alternative multi-casting on [225.0.0.222:34997]...
Input System module state changed to: Initialized.
[Physics::Module] Initialized fallback backend.
[Physics::Module] Id: 0xdecafbad
[Package Manager] Connected to IPC stream "Upm-14804" after 0.4 seconds.
[Licensing::Module] Licensing is not yet initialized.
[Licensing::Client] Error: HandshakeResponse reported an error:
	ResponseCode: 505
	ResponseStatus: Unsupported protocol version '1.18.1'.
[Licensing::Module] Error: Failed to handshake to channel: "LicenseClient-DSkvaer"
[Licensing::IpcConnector] LicenseClient-DSkvaer channel disconnected successfully.
[Licensing::IpcConnector] Channel LicenseClient-DSkvaer-6000.3.14 doesn't exist
[Licensing::Module] Successfully launched the LicensingClient (PId: 15088)
[Licensing::IpcConnector] Successfully connected to: "LicenseClient-DSkvaer-6000.3.14" at "2026-06-07T20:54:54.1909947Z"
[Licensing::Client] Handshaking with LicensingClient:
  Version:                 1.18.1+9fbee8e
  Session Id:              94fce26085e54f6181a367c808c3e83c
  Correlation Id:          45c96f45a3c7ff31fd66ff27ff5d666a
  External correlation Id: 906182182374913590
  Machine Id:              1BZhsaqfCEPia+won1Da4r0w1vE=
[Licensing::Module] Successfully connected to LicensingClient on channel: "LicenseClient-DSkvaer-6000.3.14" (connect: 0.25s, validation: 0.07s, handshake: 1.36s)
[Licensing::IpcConnector] Successfully connected to: "LicenseClient-DSkvaer-6000.3.14-notifications" at "2026-06-07T20:54:55.6208953Z"
[Licensing::Module] Connected to LicensingClient (PId: 15088, launch time: 0.00, total connection time: 1.68s)
[Licensing::Module] Error: Access token is unavailable; failed to update
[Licensing::Client] Successfully resolved entitlement details
[Licensing::Module] License group:
  Id: 7972077664244-UnityPersXXXX
  Product: Unity Personal
  Type: Assigned
  Expiration: Unlimited
[Licensing::Client] Successfully updated license, isAsync: True, time: 0.03
[Licensing::Client] Successfully resolved entitlement details
[Licensing::Module] Licensing Background thread has ended after 3.06s
[Licensing::Module] Licensing is initialized (took 2.57s).
[Licensing::Client] Successfully resolved entitlement details
Library Redirect Path: Library/
[Physics::Module] Selected backend.
[Physics::Module] Name: PhysX
[Physics::Module] Id: 0xf2b8ea05
[Physics::Module] SDK Version: 4.1.2
[Physics::Module] Integration Version: 1.0.0
[Physics::Module] Threading Mode: Multi-Threaded
Refreshing native plugins compatible for Editor in 0.56 ms, found 0 plugins.
Preloading 0 native plugins for Editor in 0.00 ms.
Initialize engine version: 6000.3.14f1 (d68c3f99a318)
[Subsystems] Discovering subsystems at path H:/Unity/6.1/6000.3.14f1/Editor/Data/Resources/UnitySubsystems
[Subsystems] Discovering subsystems at path H:/Unity/Project/C1_DSkvaer_Game/C1_DSkvaer_Game/Assets
GfxDevice: creating device client; kGfxThreadingModeNonThreaded
Direct3D:
    Version:  Direct3D 11.0 [level 11.1]
    Renderer: NVIDIA GeForce GTX 1070 (ID=0x1b81)
    Vendor:   NVIDIA
    VRAM:     8067 MB
    Driver:   32.0.15.8157
Initialize mono
Mono path[0] = 'H:/Unity/6.1/6000.3.14f1/Editor/Data/Managed'
Mono path[1] = 'H:/Unity/6.1/6000.3.14f1/Editor/Data/MonoBleedingEdge/lib/mono/unityjit-win32'
Mono config path = 'H:/Unity/6.1/6000.3.14f1/Editor/Data/MonoBleedingEdge/etc'
Using monoOptions --debugger-agent=transport=dt_socket,embedding=1,server=y,suspend=n,address=127.0.0.1:56804
Using cacheserver namespaces - metadata:defaultmetadata, artifacts:defaultartifacts
Using cacheserver namespaces - metadata:defaultmetadata, artifacts:defaultartifacts
ImportWorker Server TCP listen port: 0
AcceleratorClientConnectionCallback - disconnected - :0
Begin MonoManager ReloadAssembly
Registering precompiled unity dll's ...
Register platform support module: H:/Unity/6.1/6000.3.14f1/Editor/Data/PlaybackEngines/WindowsStandaloneSupport/UnityEditor.WindowsStandalone.Extensions.dll
Registered in 0.001590 seconds.
- Loaded All Assemblies, in  0.495 seconds
Native extension for WindowsStandalone target not found
Package Manager log level set to [2]
ScheduleIndexationOnStartup MainProcess:False IndexOnStartup:True
Mono: successfully reloaded assembly
- Finished resetting the current domain, in  0.482 seconds
Domain Reload Profiling: 977ms
	BeginReloadAssembly (179ms)
		ExecutionOrderSort (0ms)
		DisableScriptedObjects (0ms)
		BackupInstance (0ms)
		ReleaseScriptingObjects (0ms)
		CreateAndSetChildDomain (13ms)
	RebuildCommonClasses (52ms)
	RebuildNativeTypeToScriptingClass (17ms)
	initialDomainReloadingComplete (49ms)
	LoadAllAssembliesAndSetupDomain (198ms)
		LoadAssemblies (165ms)
		RebuildTransferFunctionScriptingTraits (0ms)
		AnalyzeDomain (195ms)
			TypeCache.Refresh (193ms)
				TypeCache.ScanAssembly (176ms)
			BuildScriptInfoCaches (0ms)
			ResolveRequiredComponents (1ms)
	FinalizeReload (483ms)
		ReleaseScriptCaches (0ms)
		RebuildScriptCaches (0ms)
		SetupLoadedEditorAssemblies (435ms)
			LogAssemblyErrors (0ms)
			InitializePlatformSupportModulesInManaged (56ms)
			SetLoadedEditorAssemblies (6ms)
			BeforeProcessingInitializeOnLoad (112ms)
			ProcessInitializeOnLoadAttributes (165ms)
			ProcessInitializeOnLoadMethodAttributes (96ms)
			AfterProcessingInitializeOnLoad (0ms)
			EditorAssembliesLoaded (0ms)
		ExecutionOrderSort2 (0ms)
		AwakeInstancesAfterBackupRestoration (0ms)
[Licensing::Client] Successfully resolved entitlement details
Application.AssetDatabase Initial Refresh Start
[Package Manager] Restoring resolved packages state from cache
[Licensing::Client] Successfully resolved entitlement details
[Package Manager] Registered 67 packages:
  Packages from [https://packages.unity.com]:
    com.unity.2d.animation@13.0.4 (location: H:\Unity\Project\C1_DSkvaer_Game\C1_DSkvaer_Game\Library\PackageCache\com.unity.2d.animation@7396d8477ca9)
    com.unity.2d.aseprite@3.0.1 (location: H:\Unity\Project\C1_DSkvaer_Game\C1_DSkvaer_Game\Library\PackageCache\com.unity.2d.aseprite@809e3a168ff7)
    com.unity.2d.psdimporter@12.0.1 (location: H:\Unity\Project\C1_DSkvaer_Game\C1_DSkvaer_Game\Library\PackageCache\com.unity.2d.psdimporter@9abe0f7cac7e)
    com.unity.2d.spriteshape@13.0.0 (location: H:\Unity\Project\C1_DSkvaer_Game\C1_DSkvaer_Game\Library\PackageCache\com.unity.2d.spriteshape@0738bab11647)
    com.unity.2d.tilemap.extras@6.0.1 (location: H:\Unity\Project\C1_DSkvaer_Game\C1_DSkvaer_Game\Library\PackageCache\com.unity.2d.tilemap.extras@3dde84bf3867)
    com.unity.collab-proxy@2.12.4 (location: H:\Unity\Project\C1_DSkvaer_Game\C1_DSkvaer_Game\Library\PackageCache\com.unity.collab-proxy@0b1559bcd34e)
    com.unity.ide.rider@3.0.39 (location: H:\Unity\Project\C1_DSkvaer_Game\C1_DSkvaer_Game\Library\PackageCache\com.unity.ide.rider@4504839d03f7)
    com.unity.ide.visualstudio@2.0.26 (location: H:\Unity\Project\C1_DSkvaer_Game\C1_DSkvaer_Game\Library\PackageCache\com.unity.ide.visualstudio@a99d56dec63f)
    com.unity.inputsystem@1.19.0 (location: H:\Unity\Project\C1_DSkvaer_Game\C1_DSkvaer_Game\Library\PackageCache\com.unity.inputsystem@21a28c3a6c83)
    com.unity.timeline@1.8.12 (location: H:\Unity\Project\C1_DSkvaer_Game\C1_DSkvaer_Game\Library\PackageCache\com.unity.timeline@8cd8509afae5)
    com.unity.visualscripting@1.9.11 (location: H:\Unity\Project\C1_DSkvaer_Game\C1_DSkvaer_Game\Library\PackageCache\com.unity.visualscripting@8bed5ad90189)
    com.unity.2d.common@12.0.2 (location: H:\Unity\Project\C1_DSkvaer_Game\C1_DSkvaer_Game\Library\PackageCache\com.unity.2d.common@800085e896ad)
    com.unity.mathematics@1.3.3 (location: H:\Unity\Project\C1_DSkvaer_Game\C1_DSkvaer_Game\Library\PackageCache\com.unity.mathematics@19a9377c4ffa)
    com.unity.collections@2.6.5 (location: H:\Unity\Project\C1_DSkvaer_Game\C1_DSkvaer_Game\Library\PackageCache\com.unity.collections@12999e356c23)
    com.unity.searcher@4.9.4 (location: H:\Unity\Project\C1_DSkvaer_Game\C1_DSkvaer_Game\Library\PackageCache\com.unity.searcher@d45a78918735)
    com.unity.burst@1.8.29 (location: H:\Unity\Project\C1_DSkvaer_Game\C1_DSkvaer_Game\Library\PackageCache\com.unity.burst@6bb9aca3ef38)
    com.unity.nuget.mono-cecil@1.11.6 (location: H:\Unity\Project\C1_DSkvaer_Game\C1_DSkvaer_Game\Library\PackageCache\com.unity.nuget.mono-cecil@ecb9724e46ff)
    com.unity.test-framework.performance@3.4.0 (location: H:\Unity\Project\C1_DSkvaer_Game\C1_DSkvaer_Game\Library\PackageCache\com.unity.test-framework.performance@aa81a99c4a75)
  Built-in packages:
    com.unity.2d.sprite@1.0.0 (location: H:\Unity\Project\C1_DSkvaer_Game\C1_DSkvaer_Game\Library\PackageCache\com.unity.2d.sprite@d14b9d497a24)
    com.unity.2d.tilemap@1.0.0 (location: H:\Unity\Project\C1_DSkvaer_Game\C1_DSkvaer_Game\Library\PackageCache\com.unity.2d.tilemap@43eb9b2da17d)
    com.unity.multiplayer.center@1.0.1 (location: H:\Unity\Project\C1_DSkvaer_Game\C1_DSkvaer_Game\Library\PackageCache\com.unity.multiplayer.center@f01f4ba8d00a)
    com.unity.render-pipelines.universal@17.3.0 (location: H:\Unity\Project\C1_DSkvaer_Game\C1_DSkvaer_Game\Library\PackageCache\com.unity.render-pipelines.universal@3b809f23691d)
    com.unity.test-framework@1.6.0 (location: H:\Unity\Project\C1_DSkvaer_Game\C1_DSkvaer_Game\Library\PackageCache\com.unity.test-framework@aebcb98460c6)
    com.unity.ugui@2.0.0 (location: H:\Unity\Project\C1_DSkvaer_Game\C1_DSkvaer_Game\Library\PackageCache\com.unity.ugui@8ccc29d23a79)
    com.unity.modules.accessibility@1.0.0 (location: H:\Unity\Project\C1_DSkvaer_Game\C1_DSkvaer_Game\Library\PackageCache\com.unity.modules.accessibility)
    com.unity.modules.adaptiveperformance@1.0.0 (location: H:\Unity\Project\C1_DSkvaer_Game\C1_DSkvaer_Game\Library\PackageCache\com.unity.modules.adaptiveperformance)
    com.unity.modules.ai@1.0.0 (location: H:\Unity\Project\C1_DSkvaer_Game\C1_DSkvaer_Game\Library\PackageCache\com.unity.modules.ai)
    com.unity.modules.androidjni@1.0.0 (location: H:\Unity\Project\C1_DSkvaer_Game\C1_DSkvaer_Game\Library\PackageCache\com.unity.modules.androidjni)
    com.unity.modules.animation@1.0.0 (location: H:\Unity\Project\C1_DSkvaer_Game\C1_DSkvaer_Game\Library\PackageCache\com.unity.modules.animation)
    com.unity.modules.assetbundle@1.0.0 (location: H:\Unity\Project\C1_DSkvaer_Game\C1_DSkvaer_Game\Library\PackageCache\com.unity.modules.assetbundle)
    com.unity.modules.audio@1.0.0 (location: H:\Unity\Project\C1_DSkvaer_Game\C1_DSkvaer_Game\Library\PackageCache\com.unity.modules.audio)
    com.unity.modules.cloth@1.0.0 (location: H:\Unity\Project\C1_DSkvaer_Game\C1_DSkvaer_Game\Library\PackageCache\com.unity.modules.cloth)
    com.unity.modules.director@1.0.0 (location: H:\Unity\Project\C1_DSkvaer_Game\C1_DSkvaer_Game\Library\PackageCache\com.unity.modules.director)
    com.unity.modules.imageconversion@1.0.0 (location: H:\Unity\Project\C1_DSkvaer_Game\C1_DSkvaer_Game\Library\PackageCache\com.unity.modules.imageconversion)
    com.unity.modules.imgui@1.0.0 (location: H:\Unity\Project\C1_DSkvaer_Game\C1_DSkvaer_Game\Library\PackageCache\com.unity.modules.imgui)
    com.unity.modules.jsonserialize@1.0.0 (location: H:\Unity\Project\C1_DSkvaer_Game\C1_DSkvaer_Game\Library\PackageCache\com.unity.modules.jsonserialize)
    com.unity.modules.particlesystem@1.0.0 (location: H:\Unity\Project\C1_DSkvaer_Game\C1_DSkvaer_Game\Library\PackageCache\com.unity.modules.particlesystem)
    com.unity.modules.physics@1.0.0 (location: H:\Unity\Project\C1_DSkvaer_Game\C1_DSkvaer_Game\Library\PackageCache\com.unity.modules.physics)
    com.unity.modules.physics2d@1.0.0 (location: H:\Unity\Project\C1_DSkvaer_Game\C1_DSkvaer_Game\Library\PackageCache\com.unity.modules.physics2d)
    com.unity.modules.screencapture@1.0.0 (location: H:\Unity\Project\C1_DSkvaer_Game\C1_DSkvaer_Game\Library\PackageCache\com.unity.modules.screencapture)
    com.unity.modules.terrain@1.0.0 (location: H:\Unity\Project\C1_DSkvaer_Game\C1_DSkvaer_Game\Library\PackageCache\com.unity.modules.terrain)
    com.unity.modules.terrainphysics@1.0.0 (location: H:\Unity\Project\C1_DSkvaer_Game\C1_DSkvaer_Game\Library\PackageCache\com.unity.modules.terrainphysics)
    com.unity.modules.tilemap@1.0.0 (location: H:\Unity\Project\C1_DSkvaer_Game\C1_DSkvaer_Game\Library\PackageCache\com.unity.modules.tilemap)
    com.unity.modules.ui@1.0.0 (location: H:\Unity\Project\C1_DSkvaer_Game\C1_DSkvaer_Game\Library\PackageCache\com.unity.modules.ui)
    com.unity.modules.uielements@1.0.0 (location: H:\Unity\Project\C1_DSkvaer_Game\C1_DSkvaer_Game\Library\PackageCache\com.unity.modules.uielements)
    com.unity.modules.umbra@1.0.0 (location: H:\Unity\Project\C1_DSkvaer_Game\C1_DSkvaer_Game\Library\PackageCache\com.unity.modules.umbra)
    com.unity.modules.unityanalytics@1.0.0 (location: H:\Unity\Project\C1_DSkvaer_Game\C1_DSkvaer_Game\Library\PackageCache\com.unity.modules.unityanalytics)
    com.unity.modules.unitywebrequest@1.0.0 (location: H:\Unity\Project\C1_DSkvaer_Game\C1_DSkvaer_Game\Library\PackageCache\com.unity.modules.unitywebrequest)
    com.unity.modules.unitywebrequestassetbundle@1.0.0 (location: H:\Unity\Project\C1_DSkvaer_Game\C1_DSkvaer_Game\Library\PackageCache\com.unity.modules.unitywebrequestassetbundle)
    com.unity.modules.unitywebrequestaudio@1.0.0 (location: H:\Unity\Project\C1_DSkvaer_Game\C1_DSkvaer_Game\Library\PackageCache\com.unity.modules.unitywebrequestaudio)
    com.unity.modules.unitywebrequesttexture@1.0.0 (location: H:\Unity\Project\C1_DSkvaer_Game\C1_DSkvaer_Game\Library\PackageCache\com.unity.modules.unitywebrequesttexture)
    com.unity.modules.unitywebrequestwww@1.0.0 (location: H:\Unity\Project\C1_DSkvaer_Game\C1_DSkvaer_Game\Library\PackageCache\com.unity.modules.unitywebrequestwww)
    com.unity.modules.vectorgraphics@1.0.0 (location: H:\Unity\Project\C1_DSkvaer_Game\C1_DSkvaer_Game\Library\PackageCache\com.unity.modules.vectorgraphics)
    com.unity.modules.vehicles@1.0.0 (location: H:\Unity\Project\C1_DSkvaer_Game\C1_DSkvaer_Game\Library\PackageCache\com.unity.modules.vehicles)
    com.unity.modules.video@1.0.0 (location: H:\Unity\Project\C1_DSkvaer_Game\C1_DSkvaer_Game\Library\PackageCache\com.unity.modules.video)
    com.unity.modules.vr@1.0.0 (location: H:\Unity\Project\C1_DSkvaer_Game\C1_DSkvaer_Game\Library\PackageCache\com.unity.modules.vr)
    com.unity.modules.wind@1.0.0 (location: H:\Unity\Project\C1_DSkvaer_Game\C1_DSkvaer_Game\Library\PackageCache\com.unity.modules.wind)
    com.unity.modules.xr@1.0.0 (location: H:\Unity\Project\C1_DSkvaer_Game\C1_DSkvaer_Game\Library\PackageCache\com.unity.modules.xr)
    com.unity.modules.subsystems@1.0.0 (location: H:\Unity\Project\C1_DSkvaer_Game\C1_DSkvaer_Game\Library\PackageCache\com.unity.modules.subsystems)
    com.unity.modules.hierarchycore@1.0.0 (location: H:\Unity\Project\C1_DSkvaer_Game\C1_DSkvaer_Game\Library\PackageCache\com.unity.modules.hierarchycore)
    com.unity.ext.nunit@2.0.5 (location: H:\Unity\Project\C1_DSkvaer_Game\C1_DSkvaer_Game\Library\PackageCache\com.unity.ext.nunit@d8c07649098d)
    com.unity.render-pipelines.core@17.3.0 (location: H:\Unity\Project\C1_DSkvaer_Game\C1_DSkvaer_Game\Library\PackageCache\com.unity.render-pipelines.core@02dfbe8e43de)
    com.unity.shadergraph@17.3.0 (location: H:\Unity\Project\C1_DSkvaer_Game\C1_DSkvaer_Game\Library\PackageCache\com.unity.shadergraph@28ee1cc75774)
    com.unity.render-pipelines.universal-config@17.0.3 (location: H:\Unity\Project\C1_DSkvaer_Game\C1_DSkvaer_Game\Library\PackageCache\com.unity.render-pipelines.universal-config@8dc1aab4af1d)
  Git packages:
    com.esotericsoftware.spine.spine-csharp@https://github.com/EsotericSoftware/spine-runtimes.git?path=spine-csharp/src#4.2 (location: H:\Unity\Project\C1_DSkvaer_Game\C1_DSkvaer_Game\Library\PackageCache\com.esotericsoftware.spine.spine-csharp@37cd8452689e)
    com.esotericsoftware.spine.spine-unity@https://github.com/EsotericSoftware/spine-runtimes.git?path=spine-unity/Assets/Spine#4.2 (location: H:\Unity\Project\C1_DSkvaer_Game\C1_DSkvaer_Game\Library\PackageCache\com.esotericsoftware.spine.spine-unity@40ef011498d2)
    com.esotericsoftware.spine.urp-shaders@https://github.com/EsotericSoftware/spine-runtimes.git?path=spine-unity/Modules/com.esotericsoftware.spine.urp-shaders#4.2 (location: H:\Unity\Project\C1_DSkvaer_Game\C1_DSkvaer_Game\Library\PackageCache\com.esotericsoftware.spine.urp-shaders@775af2d7ea49)
[Subsystems] No new subsystems found in resolved package list.
[Package Manager] Done registering packages in 0.02 seconds
[ScriptCompilation] Requested script compilation because: Assetdatabase observed changes in script compilation related files
Starting: H:\Unity\6.1\6000.3.14f1\Editor\Data\Tools\BuildPipeline\bee_backend.exe --ipc --defer-dag-verification --dagfile="Library/Bee/1900b0aEDbg.dag" --continue-on-failure --profile="Library/Bee/backend1.traceevents" ScriptAssemblies
WorkingDir: H:/Unity/Project/C1_DSkvaer_Game/C1_DSkvaer_Game
DisplayProgressbar: Compiling Scripts
Starting: H:\Unity\6.1\6000.3.14f1\Editor\Data\netcorerun\netcorerun.exe "H:\Unity\6.1\6000.3.14f1\Editor\Data\Tools\BuildPipeline\ScriptCompilationBuildProgram.exe" "Library/Bee/1900b0aEDbg.dag.json" "Library/Bee/1900b0aEDbg-inputdata.json" "Library\Bee\buildprogram0.traceevents"
WorkingDir: H:/Unity/Project/C1_DSkvaer_Game/C1_DSkvaer_Game
ExitCode: 4 Duration: 2s123ms
[ 821/1061  0s] ILPP-Configuration Library/ilpp-configuration.nevergeneratedoutput
Rebuilding DAG because FileSignature timestamp changed: Library/Bee/1900b0aEDbg-inputdata.json
[1053/1061  1s] Csc Library/Bee/artifacts/1900b0aEDbg.dag/Assembly-CSharp.dll (+2 others)
Assets\LeanTween\Examples\Scripts\TestingUnitTests.cs(526,35): warning CS0618: 'Object.FindObjectsOfType(Type)' is obsolete: 'Object.FindObjectsOfType has been deprecated. Use Object.FindObjectsByType instead which lets you decide whether you need the results sorted or not.  FindObjectsOfType sorts the results by InstanceID, but if you do not need this using FindObjectSortMode.None is considerably faster.'
*** Tundra requires additional run (2.08 seconds), 2 items updated, 1052 evaluated
ExitCode: 0 Duration: 0s883ms
Starting: H:\Unity\6.1\6000.3.14f1\Editor\Data\Tools\BuildPipeline\bee_backend.exe --ipc --defer-dag-verification --dagfile="Library/Bee/1900b0aEDbg.dag" --continue-on-failure --dagfilejson="Library\Bee\1900b0aEDbg.dag.json" --profile="Library/Bee/backend2.traceevents" ScriptAssemblies
WorkingDir: H:/Unity/Project/C1_DSkvaer_Game/C1_DSkvaer_Game
ExitCode: 0 Duration: 1s166ms
Finished compiling graph: 1065 nodes, 20462 flattened edges (16762 ToBuild, 170 ToUse), maximum node priority 1202
[ 573/1061  0s] WriteText Library/Bee/artifacts/1900b0aEDbg.dag/Assembly-CSharp-Editor.rsp
[ 822/1061  0s] ILPP-Configuration Library/ilpp-configuration.nevergeneratedoutput
[1054/1061  0s] Csc Library/Bee/artifacts/1900b0aEDbg.dag/Assembly-CSharp-Editor.dll (+2 others)
[1055/1061  0s] ILPostProcess Library/Bee/artifacts/1900b0aEDbg.dag/post-processed/Assembly-CSharp-Editor.dll (+pdb)
Processing assembly Library/Bee/artifacts/1900b0aEDbg.dag/Assembly-CSharp-Editor.dll, with 135 defines and 353 references

processors: Unity.Jobs.CodeGen.JobsILPostProcessor, zzzUnity.Burst.CodeGen.BurstILPostProcessor

running Unity.Jobs.CodeGen.JobsILPostProcessor

running zzzUnity.Burst.CodeGen.BurstILPostProcessor
[1056/1061  0s] CopyFiles Library/ScriptAssemblies/Assembly-CSharp-Editor.pdb
[1057/1061  0s] ILPostProcess Library/Bee/artifacts/1900b0aEDbg.dag/post-processed/Assembly-CSharp.dll (+pdb)
Processing assembly Library/Bee/artifacts/1900b0aEDbg.dag/Assembly-CSharp.dll, with 137 defines and 331 references

processors: Unity.Jobs.CodeGen.JobsILPostProcessor, zzzUnity.Burst.CodeGen.BurstILPostProcessor

running Unity.Jobs.CodeGen.JobsILPostProcessor

running zzzUnity.Burst.CodeGen.BurstILPostProcessor
[1058/1061  0s] CopyFiles Library/ScriptAssemblies/Assembly-CSharp.pdb
[1059/1061  0s] CopyFiles Library/ScriptAssemblies/Assembly-CSharp-Editor.dll
[1060/1061  0s] CopyFiles Library/ScriptAssemblies/Assembly-CSharp.dll
*** Tundra build success (1.14 seconds), 9 items updated, 1061 evaluated
AssetDatabase: script compilation time: 4.749131s
Begin MonoManager ReloadAssembly
- Loaded All Assemblies, in  1.688 seconds
Refreshing native plugins compatible for Editor in 1.71 ms, found 5 plugins.
Native extension for WindowsStandalone target not found
Refreshing native plugins compatible for Editor in 1.89 ms, found 5 plugins.
ScheduleIndexationOnStartup MainProcess:True IndexOnStartup:True
Mono: successfully reloaded assembly
- Finished resetting the current domain, in  6.934 seconds
Domain Reload Profiling: 8620ms
	BeginReloadAssembly (349ms)
		ExecutionOrderSort (0ms)
		DisableScriptedObjects (26ms)
		BackupInstance (0ms)
		ReleaseScriptingObjects (0ms)
		CreateAndSetChildDomain (159ms)
	RebuildCommonClasses (42ms)
	RebuildNativeTypeToScriptingClass (16ms)
	initialDomainReloadingComplete (34ms)
	LoadAllAssembliesAndSetupDomain (1245ms)
		LoadAssemblies (961ms)
		RebuildTransferFunctionScriptingTraits (0ms)
		AnalyzeDomain (393ms)
			TypeCache.Refresh (247ms)
				TypeCache.ScanAssembly (233ms)
			BuildScriptInfoCaches (124ms)
			ResolveRequiredComponents (16ms)
	FinalizeReload (6934ms)
		ReleaseScriptCaches (0ms)
		RebuildScriptCaches (0ms)
		SetupLoadedEditorAssemblies (6699ms)
			LogAssemblyErrors (0ms)
			InitializePlatformSupportModulesInManaged (22ms)
			SetLoadedEditorAssemblies (6ms)
			BeforeProcessingInitializeOnLoad (371ms)
			ProcessInitializeOnLoadAttributes (6087ms)
			ProcessInitializeOnLoadMethodAttributes (210ms)
			AfterProcessingInitializeOnLoad (2ms)
			EditorAssembliesLoaded (0ms)
		ExecutionOrderSort2 (0ms)
		AwakeInstancesAfterBackupRestoration (26ms)
Start importing Assets/C1/Prefabs/UI/journal_menu/LootContainer_Small.prefab using Guid(aad90e72d24a753449790d5b27042057) (PrefabImporter) -> (artifact id: '03879e0d8f8b2427649b36d32d35a264') in 0.1178537 seconds
Refreshing native plugins compatible for Editor in 2.35 ms, found 5 plugins.
Preloading 0 native plugins for Editor in 0.00 ms.
Asset Pipeline Refresh (id=cb6358d1b362567438f5d37092e06662): Total: 15.238 seconds - Initiated by InitialRefreshV2(ForceSynchronousImport)
	Summary:
		Imports: total=1 (actual=1, local cache=0, cache server=0)
		Asset DB Process Time: managed=7 ms, native=7814 ms
		Asset DB Callback time: managed=791 ms, native=28 ms
		Scripting: domain reloads=1, domain reload time=1688 ms, compile time=4750 ms, other=156 ms
		Project Asset Count: scripts=1743, non-scripts=3876
		Asset File Changes: new=1, changed=3, moved=0, deleted=0
		Scan Filter Count: 0
	InvokeCustomDependenciesCallbacks: 0.001ms
	InvokePackagesCallback: 24.291ms
	ApplyChangesToAssetFolders: 0.772ms
	Scan: 182.941ms
	OnSourceAssetsModified: 0.875ms
	CategorizeAssetsWithTransientArtifact: 74.766ms
	ProcessAssetsWithTransientArtifactChanges: 104.510ms
	CategorizeAssets: 92.997ms
	ImportOutOfDateAssets: 7069.831ms (2196.262ms without children)
		ImportManagerImport: 120.115ms (1.882ms without children)
			ImportInProcess: 118.197ms
			UpdateCategorizedAssets: 0.035ms
		CompileScripts: 4750.378ms
		ReloadNativeAssets: 0.026ms
		UnloadImportedAssets: 0.717ms
		ReloadImportedAssets: 0.000ms
		EnsureUptoDateAssetsAreRegisteredWithGuidPM: 1.114ms
		InitializingProgressBar: 0.007ms
		PostProcessAllAssetNotificationsAddChangedAssets: 0.001ms
		OnDemandSchedulerStart: 1.212ms
	PostProcessAllAssets: 791.015ms
	Hotreload: 5.335ms
	GatherAllCurrentPrimaryArtifactRevisions: 0.002ms
	UnloadStreamsBegin: 4.921ms
	PersistCurrentRevisions: 0.515ms
	UnloadStreamsEnd: 0.002ms
	GenerateScriptTypeHashes: 6.500ms
	Untracked: 6884.769ms

Application.AssetDatabase Initial Refresh End
Launched and connected shader compiler UnityShaderCompiler.exe after 0.01 seconds
Scanning for USB devices : 2.054ms
Initializing Unity extensions:
[MODES] ModeService[none].Initialize
[MODES] ModeService[none].LoadModes
[MODES] Loading mode Default (0) for mode-current-id-С1.0
GetVirtualKey: Could not map char: z (122) to any virtual key
GetVirtualKey: Could not map char: y (121) to any virtual key
GetVirtualKey: Could not map char: x (120) to any virtual key
GetVirtualKey: Could not map char: c (99) to any virtual key
GetVirtualKey: Could not map char: v (118) to any virtual key
GetVirtualKey: Could not map char: V (86) to any virtual key
GetVirtualKey: Could not map char: d (100) to any virtual key
GetVirtualKey: Could not map char: f (102) to any virtual key
GetVirtualKey: Could not map char: f (102) to any virtual key
GetVirtualKey: Could not map char: a (97) to any virtual key
GetVirtualKey: Could not map char: d (100) to any virtual key
GetVirtualKey: Could not map char: c (99) to any virtual key
GetVirtualKey: Could not map char: r (114) to any virtual key
GetVirtualKey: Could not map char: i (105) to any virtual key
GetVirtualKey: Could not map char: l (108) to any virtual key
GetVirtualKey: Could not map char: f (102) to any virtual key
GetVirtualKey: Could not map char: k (107) to any virtual key
GetVirtualKey: Could not map char: p (112) to any virtual key
GetVirtualKey: Could not map char: p (112) to any virtual key
GetVirtualKey: Could not map char: p (112) to any virtual key
GetVirtualKey: Could not map char: c (99) to any virtual key
GetVirtualKey: Could not map char: r (114) to any virtual key
GetVirtualKey: Could not map char: P (80) to any virtual key
GetVirtualKey: Could not map char: n (110) to any virtual key
GetVirtualKey: Could not map char: n (110) to any virtual key
GetVirtualKey: Could not map char: g (103) to any virtual key
GetVirtualKey: Could not map char: f (102) to any virtual key
GetVirtualKey: Could not map char: f (102) to any virtual key
GetVirtualKey: Could not map char: a (97) to any virtual key
GetVirtualKey: Could not map char: a (97) to any virtual key
GetVirtualKey: Could not map char: n (110) to any virtual key
GetVirtualKey: Could not map char: o (111) to any virtual key
GetVirtualKey: Could not map char: s (115) to any virtual key
GetVirtualKey: Could not map char: s (115) to any virtual key
GetVirtualKey: Could not map char: b (98) to any virtual key
GetVirtualKey: Could not map char: b (98) to any virtual key
GetVirtualKey: Could not map char: c (99) to any virtual key
GetVirtualKey: Could not map char: u (117) to any virtual key
Unloading 35 Unused Serialized files (Serialized files now loaded: 0)
Unloading 7511 unused Assets / (9.5 MB). Loaded Objects now: 8422.
Memory consumption went from 251.1 MB to 241.7 MB.
Total: 16.163000 ms (FindLiveObjects: 0.987700 ms CreateObjectMapping: 1.958700 ms MarkObjects: 7.902600 ms  DeleteObjects: 5.312400 ms)

GetVirtualKey: Could not map char: z (122) to any virtual key
GetVirtualKey: Could not map char: y (121) to any virtual key
GetVirtualKey: Could not map char: x (120) to any virtual key
GetVirtualKey: Could not map char: c (99) to any virtual key
GetVirtualKey: Could not map char: v (118) to any virtual key
GetVirtualKey: Could not map char: V (86) to any virtual key
GetVirtualKey: Could not map char: d (100) to any virtual key
GetVirtualKey: Could not map char: f (102) to any virtual key
GetVirtualKey: Could not map char: f (102) to any virtual key
GetVirtualKey: Could not map char: a (97) to any virtual key
GetVirtualKey: Could not map char: d (100) to any virtual key
GetVirtualKey: Could not map char: c (99) to any virtual key
GetVirtualKey: Could not map char: r (114) to any virtual key
GetVirtualKey: Could not map char: i (105) to any virtual key
GetVirtualKey: Could not map char: l (108) to any virtual key
GetVirtualKey: Could not map char: f (102) to any virtual key
GetVirtualKey: Could not map char: k (107) to any virtual key
GetVirtualKey: Could not map char: p (112) to any virtual key
GetVirtualKey: Could not map char: p (112) to any virtual key
GetVirtualKey: Could not map char: p (112) to any virtual key
GetVirtualKey: Could not map char: c (99) to any virtual key
GetVirtualKey: Could not map char: r (114) to any virtual key
GetVirtualKey: Could not map char: P (80) to any virtual key
GetVirtualKey: Could not map char: n (110) to any virtual key
GetVirtualKey: Could not map char: n (110) to any virtual key
GetVirtualKey: Could not map char: g (103) to any virtual key
GetVirtualKey: Could not map char: f (102) to any virtual key
GetVirtualKey: Could not map char: f (102) to any virtual key
GetVirtualKey: Could not map char: a (97) to any virtual key
GetVirtualKey: Could not map char: a (97) to any virtual key
GetVirtualKey: Could not map char: n (110) to any virtual key
GetVirtualKey: Could not map char: o (111) to any virtual key
GetVirtualKey: Could not map char: s (115) to any virtual key
GetVirtualKey: Could not map char: s (115) to any virtual key
GetVirtualKey: Could not map char: b (98) to any virtual key
GetVirtualKey: Could not map char: b (98) to any virtual key
GetVirtualKey: Could not map char: c (99) to any virtual key
GetVirtualKey: Could not map char: u (117) to any virtual key
Opening scene 'Assets/C1/Scenes/Levels_Sea/DEMO_SEA.unity'
Unloading 16 Unused Serialized files (Serialized files now loaded: 0)
Loaded scene 'Assets/C1/Scenes/Levels_Sea/DEMO_SEA.unity'
	Deserialize:            69.920 ms
	Integration:            1215.049 ms
	Integration of assets:  3.027 ms
	Thread Wait Time:       0.040 ms
	Total Operation Time:   1288.035 ms
Unloading 2 unused Assets / (Unknown). Loaded Objects now: 10869.
Memory consumption went from 283.6 MB to 283.6 MB.
Total: 10.896800 ms (FindLiveObjects: 0.930400 ms CreateObjectMapping: 0.942300 ms MarkObjects: 8.970300 ms  DeleteObjects: 0.052600 ms)

Start importing Assets/C1/Fonts/tangak SDF.asset using Guid(7603cc1be30880842ae0e52c8fdc1439) (NativeFormatImporter) -> (artifact id: 'a76fd57cf21f5ccfbe038e5dbc227937') in 0.0193462 seconds
Refreshing native plugins compatible for Editor in 2.02 ms, found 5 plugins.
Preloading 0 native plugins for Editor in 0.00 ms.
Asset Pipeline Refresh (id=4e1f649d0b56d2c4b8183d234d22c85c): Total: 0.132 seconds - Initiated by StopAssetImportingV2(NoUpdateAssetOptions)
Start importing Assets/C1/Scenes/Levels_Sea/DEMO_SEA.unity using Guid(5e300caf6c2e7a144b49e46979c75fac) (DefaultImporter) -> (artifact id: 'd07ff6af4ea1019855fed05c4720752a') in 0.0079185 seconds
Refreshing native plugins compatible for Editor in 1.70 ms, found 5 plugins.
Preloading 0 native plugins for Editor in 0.00 ms.
Asset Pipeline Refresh (id=616e2de1a5c9f984d8427450e58efe61): Total: 0.063 seconds - Initiated by StopAssetImportingV2(NoUpdateAssetOptions)
[TopDownSceneHealthBarCleanup] Removed empty health bars: 2
UnityEngine.Debug:ExtractStackTraceNoAlloc (byte*,int,string)
UnityEngine.StackTraceUtility:ExtractStackTrace ()
UnityEngine.DebugLogHandler:Internal_Log (UnityEngine.LogType,UnityEngine.LogOption,string,UnityEngine.Object)
UnityEngine.DebugLogHandler:LogFormat (UnityEngine.LogType,UnityEngine.Object,string,object[])
UnityEngine.Logger:Log (UnityEngine.LogType,object)
UnityEngine.Debug:Log (object)
C1.EditorTools.TopDownSceneHealthBarCleanup:CleanupEmptyTopDownHealthBars () (at Assets/C1/Scripts/Editor/TopDownSceneHealthBarCleanup.cs:33)

(Filename: Assets/C1/Scripts/Editor/TopDownSceneHealthBarCleanup.cs Line: 33)

Batchmode quit successfully invoked - shutting down!
Clearing [tangak SDF] dynamic font asset data.
UnityEngine.Debug:ExtractStackTraceNoAlloc (byte*,int,string)
UnityEngine.StackTraceUtility:ExtractStackTrace ()
UnityEngine.DebugLogHandler:Internal_Log (UnityEngine.LogType,UnityEngine.LogOption,string,UnityEngine.Object)
UnityEngine.DebugLogHandler:LogFormat (UnityEngine.LogType,UnityEngine.Object,string,object[])
UnityEngine.Logger:Log (UnityEngine.LogType,object)
UnityEngine.Debug:Log (object)
TMPro.EditorEventCallbacks/<>c:<InitializeFontAssetResourceChangeCallBacks>b__0_0 () (at ./Library/PackageCache/com.unity.ugui@8ccc29d23a79/Editor/TMP/TMP_EditorResourceManager.cs:36)
UnityEditor.EditorApplication:Internal_EditorApplicationQuit ()

(Filename: ./Library/PackageCache/com.unity.ugui@8ccc29d23a79/Editor/TMP/TMP_EditorResourceManager.cs Line: 36)

Start importing Assets/C1/Fonts/tangak SDF.asset using Guid(7603cc1be30880842ae0e52c8fdc1439) (NativeFormatImporter) -> (artifact id: '6731d3ea7b03ea0dc79dace5cfbf3885') in 0.0046201 seconds
Refreshing native plugins compatible for Editor in 2.20 ms, found 5 plugins.
Preloading 0 native plugins for Editor in 0.00 ms.
Asset Pipeline Refresh (id=d386058632757bf4cabd1bf4a932158c): Total: 0.061 seconds - Initiated by StopAssetImportingV2(NoUpdateAssetOptions)
[Physics::Module] Cleanup current backend.
[Physics::Module] Id: 0xf2b8ea05
Input System module state changed to: ShutdownInProgress.
Input System polling thread exited.
Input System module state changed to: Shutdown.
[Licensing::IpcConnector] LicenseClient-DSkvaer-6000.3.14-notifications channel disconnected successfully.
[Licensing::IpcConnector] LicenseClient-DSkvaer-6000.3.14 channel disconnected successfully.
AcceleratorClientConnectionCallback - disconnected - :0
Cleanup mono
Exiting batchmode successfully now!
Exiting without the bug reporter. Application will terminate with return code 0