[Licensing::Module] Trying to connect to existing licensing client channel...
Built from '6000.3/staging' branch; Version is '6000.3.14f1 (d68c3f99a318) revision 14060607'; Using compiler version '194234433'; Build Type 'Release'
[Licensing::IpcConnector] Channel LicenseClient-DSkvaer doesn't exist
OS: 'Windows 10  (10.0.19045) 64bit Professional' Language: 'ru' Physical Memory: 32677 MB
BatchMode: 1, IsHumanControllingUs: 0, StartBugReporterOnCrash: 0, Is64bit: 1
System  architecture: x64
Process architecture: x64
Date: 2026-05-17T19:19:20Z
[Licensing::Module] Successfully launched the LicensingClient (PId: 1164)

COMMAND LINE ARGUMENTS:
H:\Unity\6.1\6000.3.14f1\Editor\Unity.exe
-batchmode
-quit
-projectPath
H:\Unity\Project\C1_DSkvaer_Game\C1_DSkvaer_Game
-executeMethod
C1.EditorTools.BanditEnemyPrefabBuilder.CreateBaseBanditPrefabs
-logFile
H:\Unity\Project\C1_DSkvaer_Game\unity-bandit-prefabs.log
Successfully changed project path to: H:\Unity\Project\C1_DSkvaer_Game\C1_DSkvaer_Game
H:/Unity/Project/C1_DSkvaer_Game/C1_DSkvaer_Game
[UnityMemory] Configuration Parameters - Can be set up in boot.config
    "memorysetup-temp-allocator-size-nav-mesh-worker=65536"
    "memorysetup-temp-allocator-size-audio-worker=65536"
    "memorysetup-temp-allocator-size-gfx=262144"
    "memorysetup-allocator-temp-initial-block-size-main=262144"
    "memorysetup-allocator-temp-initial-block-size-worker=262144"
    "memorysetup-temp-allocator-size-background-worker=32768"
    "memorysetup-temp-allocator-size-job-worker=262144"
    "memorysetup-temp-allocator-size-preload-manager=33554432"
    "memorysetup-temp-allocator-size-gi-baking-worker=262144"
    "memorysetup-temp-allocator-size-gi-baking-worker=262144"
    "memorysetup-temp-allocator-size-gi-baking-worker=262144"
    "memorysetup-temp-allocator-size-gi-baking-worker=262144"
    "memorysetup-temp-allocator-size-gi-baking-worker=262144"
    "memorysetup-bucket-allocator-granularity=16"
    "memorysetup-bucket-allocator-bucket-count=8"
    "memorysetup-bucket-allocator-block-size=33554432"
    "memorysetup-bucket-allocator-block-count=8"
    "memorysetup-main-allocator-block-size=16777216"
    "memorysetup-thread-allocator-block-size=16777216"
    "memorysetup-gfx-main-allocator-block-size=16777216"
    "memorysetup-gfx-thread-allocator-block-size=16777216"
    "memorysetup-cache-allocator-block-size=4194304"
    "memorysetup-typetree-allocator-block-size=2097152"
    "memorysetup-profiler-bucket-allocator-granularity=16"
    "memorysetup-profiler-bucket-allocator-bucket-count=8"
    "memorysetup-profiler-bucket-allocator-block-size=33554432"
    "memorysetup-profiler-bucket-allocator-block-count=8"
    "memorysetup-profiler-allocator-block-size=16777216"
    "memorysetup-profiler-editor-allocator-block-size=1048576"
    "memorysetup-temp-allocator-size-main=16777216"
    "memorysetup-job-temp-allocator-block-size=2097152"
    "memorysetup-job-temp-allocator-block-size-background=1048576"
    "memorysetup-job-temp-allocator-reduction-small-platforms=262144"
    "memorysetup-temp-allocator-size-cloud-worker=32768"
Player connection [13068]  Target information:

Player connection [13068]  * "[IP] 192.168.31.115 [Port] 55504 [Flags] 2 [Guid] 3341255757 [EditorId] 3341255757 [Version] 1048832 [Id] WindowsEditor(7,DESKTOP-CQA9PKC) [Debug] 1 [PackageName] WindowsEditor [ProjectName] Editor" 

Player connection [13068] Host joined multi-casting on [225.0.0.222:54997]...
Player connection [13068] Host joined alternative multi-casting on [225.0.0.222:34997]...
Input System module state changed to: Initialized.
[Physics::Module] Initialized fallback backend.
[Physics::Module] Id: 0xdecafbad
[Licensing::IpcConnector] Successfully connected to: "LicenseClient-DSkvaer" at "2026-05-17T19:19:20.47685Z"
[Package Manager] Connected to IPC stream "Upm-13580" after 0.4 seconds.
[Licensing::Module] Licensing is not yet initialized.
[Licensing::Client] Handshaking with LicensingClient:
  Version:                 1.18.1+9fbee8e
  Session Id:              69dc82c6944e4fb3a2c921cbc0c14e47
  Correlation Id:          e56c0d3a134fb8b0818ebc67a7b5e235
  External correlation Id: 2340194736123971309
  Machine Id:              1BZhsaqfCEPia+won1Da4r0w1vE=
[Licensing::Module] Successfully connected to LicensingClient on channel: "LicenseClient-DSkvaer" (connect: 0.37s, validation: 0.04s, handshake: 1.30s)
[Licensing::IpcConnector] Successfully connected to: "LicenseClient-DSkvaer-notifications" at "2026-05-17T19:19:21.8156894Z"
[Licensing::Module] Connected to LicensingClient (PId: 1164, launch time: 0.00, total connection time: 1.71s)
[Licensing::Module] Error: Access token is unavailable; failed to update
[Licensing::Client] Successfully resolved entitlement details
[Licensing::Module] License group:
  Id: 7972077664244-UnityPersXXXX
  Product: Unity Personal
  Type: Assigned
  Expiration: Unlimited
[Licensing::Client] Successfully updated license, isAsync: True, time: 0.01
[Licensing::Client] Successfully resolved entitlement details
[Licensing::Module] Licensing Background thread has ended after 1.74s
[Licensing::Module] Licensing is initialized (took 1.26s).
[Licensing::Client] Successfully resolved entitlement details
Library Redirect Path: Library/
[Physics::Module] Selected backend.
[Physics::Module] Name: PhysX
[Physics::Module] Id: 0xf2b8ea05
[Physics::Module] SDK Version: 4.1.2
[Physics::Module] Integration Version: 1.0.0
[Physics::Module] Threading Mode: Multi-Threaded
Refreshing native plugins compatible for Editor in 0.38 ms, found 0 plugins.
Preloading 0 native plugins for Editor in 0.00 ms.
Initialize engine version: 6000.3.14f1 (d68c3f99a318)
[Subsystems] Discovering subsystems at path H:/Unity/6.1/6000.3.14f1/Editor/Data/Resources/UnitySubsystems
[Subsystems] Discovering subsystems at path H:/Unity/Project/C1_DSkvaer_Game/C1_DSkvaer_Game/Assets
GfxDevice: creating device client; kGfxThreadingModeNonThreaded
Direct3D:
    Version:  Direct3D 11.0 [level 11.1]
    Renderer: NVIDIA GeForce GTX 1070 (ID=0x1b81)
    Vendor:   NVIDIA
    VRAM:     8067 MB
    Driver:   32.0.15.8157
Initialize mono
Mono path[0] = 'H:/Unity/6.1/6000.3.14f1/Editor/Data/Managed'
Mono path[1] = 'H:/Unity/6.1/6000.3.14f1/Editor/Data/MonoBleedingEdge/lib/mono/unityjit-win32'
Mono config path = 'H:/Unity/6.1/6000.3.14f1/Editor/Data/MonoBleedingEdge/etc'
Using monoOptions --debugger-agent=transport=dt_socket,embedding=1,server=y,suspend=n,address=127.0.0.1:56580
Using cacheserver namespaces - metadata:defaultmetadata, artifacts:defaultartifacts
Using cacheserver namespaces - metadata:defaultmetadata, artifacts:defaultartifacts
ImportWorker Server TCP listen port: 0
AcceleratorClientConnectionCallback - disconnected - :0
Begin MonoManager ReloadAssembly
Registering precompiled unity dll's ...
Register platform support module: H:/Unity/6.1/6000.3.14f1/Editor/Data/PlaybackEngines/WindowsStandaloneSupport/UnityEditor.WindowsStandalone.Extensions.dll
Registered in 0.001193 seconds.
- Loaded All Assemblies, in  0.460 seconds
Native extension for WindowsStandalone target not found
Package Manager log level set to [2]
ScheduleIndexationOnStartup MainProcess:False IndexOnStartup:True
Mono: successfully reloaded assembly
- Finished resetting the current domain, in  0.507 seconds
Domain Reload Profiling: 968ms
	BeginReloadAssembly (157ms)
		ExecutionOrderSort (0ms)
		DisableScriptedObjects (0ms)
		BackupInstance (0ms)
		ReleaseScriptingObjects (0ms)
		CreateAndSetChildDomain (17ms)
	RebuildCommonClasses (42ms)
	RebuildNativeTypeToScriptingClass (16ms)
	initialDomainReloadingComplete (48ms)
	LoadAllAssembliesAndSetupDomain (196ms)
		LoadAssemblies (140ms)
		RebuildTransferFunctionScriptingTraits (0ms)
		AnalyzeDomain (193ms)
			TypeCache.Refresh (191ms)
				TypeCache.ScanAssembly (173ms)
			BuildScriptInfoCaches (0ms)
			ResolveRequiredComponents (1ms)
	FinalizeReload (508ms)
		ReleaseScriptCaches (0ms)
		RebuildScriptCaches (0ms)
		SetupLoadedEditorAssemblies (455ms)
			LogAssemblyErrors (0ms)
			InitializePlatformSupportModulesInManaged (56ms)
			SetLoadedEditorAssemblies (6ms)
			BeforeProcessingInitializeOnLoad (109ms)
			ProcessInitializeOnLoadAttributes (169ms)
			ProcessInitializeOnLoadMethodAttributes (114ms)
			AfterProcessingInitializeOnLoad (0ms)
			EditorAssembliesLoaded (0ms)
		ExecutionOrderSort2 (0ms)
		AwakeInstancesAfterBackupRestoration (0ms)
[Licensing::Client] Successfully resolved entitlement details
Application.AssetDatabase Initial Refresh Start
[Package Manager] Restoring resolved packages state from cache
[Licensing::Client] Successfully resolved entitlement details
[Package Manager] Registered 67 packages:
  Packages from [https://packages.unity.com]:
    com.unity.2d.animation@13.0.4 (location: H:\Unity\Project\C1_DSkvaer_Game\C1_DSkvaer_Game\Library\PackageCache\com.unity.2d.animation@7396d8477ca9)
    com.unity.2d.aseprite@3.0.1 (location: H:\Unity\Project\C1_DSkvaer_Game\C1_DSkvaer_Game\Library\PackageCache\com.unity.2d.aseprite@809e3a168ff7)
    com.unity.2d.psdimporter@12.0.1 (location: H:\Unity\Project\C1_DSkvaer_Game\C1_DSkvaer_Game\Library\PackageCache\com.unity.2d.psdimporter@9abe0f7cac7e)
    com.unity.2d.spriteshape@13.0.0 (location: H:\Unity\Project\C1_DSkvaer_Game\C1_DSkvaer_Game\Library\PackageCache\com.unity.2d.spriteshape@0738bab11647)
    com.unity.2d.tilemap.extras@6.0.1 (location: H:\Unity\Project\C1_DSkvaer_Game\C1_DSkvaer_Game\Library\PackageCache\com.unity.2d.tilemap.extras@3dde84bf3867)
    com.unity.collab-proxy@2.12.4 (location: H:\Unity\Project\C1_DSkvaer_Game\C1_DSkvaer_Game\Library\PackageCache\com.unity.collab-proxy@0b1559bcd34e)
    com.unity.ide.rider@3.0.39 (location: H:\Unity\Project\C1_DSkvaer_Game\C1_DSkvaer_Game\Library\PackageCache\com.unity.ide.rider@4504839d03f7)
    com.unity.ide.visualstudio@2.0.26 (location: H:\Unity\Project\C1_DSkvaer_Game\C1_DSkvaer_Game\Library\PackageCache\com.unity.ide.visualstudio@a99d56dec63f)
    com.unity.inputsystem@1.19.0 (location: H:\Unity\Project\C1_DSkvaer_Game\C1_DSkvaer_Game\Library\PackageCache\com.unity.inputsystem@21a28c3a6c83)
    com.unity.timeline@1.8.12 (location: H:\Unity\Project\C1_DSkvaer_Game\C1_DSkvaer_Game\Library\PackageCache\com.unity.timeline@8cd8509afae5)
    com.unity.visualscripting@1.9.11 (location: H:\Unity\Project\C1_DSkvaer_Game\C1_DSkvaer_Game\Library\PackageCache\com.unity.visualscripting@8bed5ad90189)
    com.unity.2d.common@12.0.2 (location: H:\Unity\Project\C1_DSkvaer_Game\C1_DSkvaer_Game\Library\PackageCache\com.unity.2d.common@800085e896ad)
    com.unity.mathematics@1.3.3 (location: H:\Unity\Project\C1_DSkvaer_Game\C1_DSkvaer_Game\Library\PackageCache\com.unity.mathematics@19a9377c4ffa)
    com.unity.collections@2.6.5 (location: H:\Unity\Project\C1_DSkvaer_Game\C1_DSkvaer_Game\Library\PackageCache\com.unity.collections@12999e356c23)
    com.unity.searcher@4.9.4 (location: H:\Unity\Project\C1_DSkvaer_Game\C1_DSkvaer_Game\Library\PackageCache\com.unity.searcher@d45a78918735)
    com.unity.burst@1.8.29 (location: H:\Unity\Project\C1_DSkvaer_Game\C1_DSkvaer_Game\Library\PackageCache\com.unity.burst@6bb9aca3ef38)
    com.unity.nuget.mono-cecil@1.11.6 (location: H:\Unity\Project\C1_DSkvaer_Game\C1_DSkvaer_Game\Library\PackageCache\com.unity.nuget.mono-cecil@ecb9724e46ff)
    com.unity.test-framework.performance@3.4.0 (location: H:\Unity\Project\C1_DSkvaer_Game\C1_DSkvaer_Game\Library\PackageCache\com.unity.test-framework.performance@aa81a99c4a75)
  Built-in packages:
    com.unity.2d.sprite@1.0.0 (location: H:\Unity\Project\C1_DSkvaer_Game\C1_DSkvaer_Game\Library\PackageCache\com.unity.2d.sprite@d14b9d497a24)
    com.unity.2d.tilemap@1.0.0 (location: H:\Unity\Project\C1_DSkvaer_Game\C1_DSkvaer_Game\Library\PackageCache\com.unity.2d.tilemap@43eb9b2da17d)
    com.unity.multiplayer.center@1.0.1 (location: H:\Unity\Project\C1_DSkvaer_Game\C1_DSkvaer_Game\Library\PackageCache\com.unity.multiplayer.center@f01f4ba8d00a)
    com.unity.render-pipelines.universal@17.3.0 (location: H:\Unity\Project\C1_DSkvaer_Game\C1_DSkvaer_Game\Library\PackageCache\com.unity.render-pipelines.universal@3b809f23691d)
    com.unity.test-framework@1.6.0 (location: H:\Unity\Project\C1_DSkvaer_Game\C1_DSkvaer_Game\Library\PackageCache\com.unity.test-framework@aebcb98460c6)
    com.unity.ugui@2.0.0 (location: H:\Unity\Project\C1_DSkvaer_Game\C1_DSkvaer_Game\Library\PackageCache\com.unity.ugui@8ccc29d23a79)
    com.unity.modules.accessibility@1.0.0 (location: H:\Unity\Project\C1_DSkvaer_Game\C1_DSkvaer_Game\Library\PackageCache\com.unity.modules.accessibility)
    com.unity.modules.adaptiveperformance@1.0.0 (location: H:\Unity\Project\C1_DSkvaer_Game\C1_DSkvaer_Game\Library\PackageCache\com.unity.modules.adaptiveperformance)
    com.unity.modules.ai@1.0.0 (location: H:\Unity\Project\C1_DSkvaer_Game\C1_DSkvaer_Game\Library\PackageCache\com.unity.modules.ai)
    com.unity.modules.androidjni@1.0.0 (location: H:\Unity\Project\C1_DSkvaer_Game\C1_DSkvaer_Game\Library\PackageCache\com.unity.modules.androidjni)
    com.unity.modules.animation@1.0.0 (location: H:\Unity\Project\C1_DSkvaer_Game\C1_DSkvaer_Game\Library\PackageCache\com.unity.modules.animation)
    com.unity.modules.assetbundle@1.0.0 (location: H:\Unity\Project\C1_DSkvaer_Game\C1_DSkvaer_Game\Library\PackageCache\com.unity.modules.assetbundle)
    com.unity.modules.audio@1.0.0 (location: H:\Unity\Project\C1_DSkvaer_Game\C1_DSkvaer_Game\Library\PackageCache\com.unity.modules.audio)
    com.unity.modules.cloth@1.0.0 (location: H:\Unity\Project\C1_DSkvaer_Game\C1_DSkvaer_Game\Library\PackageCache\com.unity.modules.cloth)
    com.unity.modules.director@1.0.0 (location: H:\Unity\Project\C1_DSkvaer_Game\C1_DSkvaer_Game\Library\PackageCache\com.unity.modules.director)
    com.unity.modules.imageconversion@1.0.0 (location: H:\Unity\Project\C1_DSkvaer_Game\C1_DSkvaer_Game\Library\PackageCache\com.unity.modules.imageconversion)
    com.unity.modules.imgui@1.0.0 (location: H:\Unity\Project\C1_DSkvaer_Game\C1_DSkvaer_Game\Library\PackageCache\com.unity.modules.imgui)
    com.unity.modules.jsonserialize@1.0.0 (location: H:\Unity\Project\C1_DSkvaer_Game\C1_DSkvaer_Game\Library\PackageCache\com.unity.modules.jsonserialize)
    com.unity.modules.particlesystem@1.0.0 (location: H:\Unity\Project\C1_DSkvaer_Game\C1_DSkvaer_Game\Library\PackageCache\com.unity.modules.particlesystem)
    com.unity.modules.physics@1.0.0 (location: H:\Unity\Project\C1_DSkvaer_Game\C1_DSkvaer_Game\Library\PackageCache\com.unity.modules.physics)
    com.unity.modules.physics2d@1.0.0 (location: H:\Unity\Project\C1_DSkvaer_Game\C1_DSkvaer_Game\Library\PackageCache\com.unity.modules.physics2d)
    com.unity.modules.screencapture@1.0.0 (location: H:\Unity\Project\C1_DSkvaer_Game\C1_DSkvaer_Game\Library\PackageCache\com.unity.modules.screencapture)
    com.unity.modules.terrain@1.0.0 (location: H:\Unity\Project\C1_DSkvaer_Game\C1_DSkvaer_Game\Library\PackageCache\com.unity.modules.terrain)
    com.unity.modules.terrainphysics@1.0.0 (location: H:\Unity\Project\C1_DSkvaer_Game\C1_DSkvaer_Game\Library\PackageCache\com.unity.modules.terrainphysics)
    com.unity.modules.tilemap@1.0.0 (location: H:\Unity\Project\C1_DSkvaer_Game\C1_DSkvaer_Game\Library\PackageCache\com.unity.modules.tilemap)
    com.unity.modules.ui@1.0.0 (location: H:\Unity\Project\C1_DSkvaer_Game\C1_DSkvaer_Game\Library\PackageCache\com.unity.modules.ui)
    com.unity.modules.uielements@1.0.0 (location: H:\Unity\Project\C1_DSkvaer_Game\C1_DSkvaer_Game\Library\PackageCache\com.unity.modules.uielements)
    com.unity.modules.umbra@1.0.0 (location: H:\Unity\Project\C1_DSkvaer_Game\C1_DSkvaer_Game\Library\PackageCache\com.unity.modules.umbra)
    com.unity.modules.unityanalytics@1.0.0 (location: H:\Unity\Project\C1_DSkvaer_Game\C1_DSkvaer_Game\Library\PackageCache\com.unity.modules.unityanalytics)
    com.unity.modules.unitywebrequest@1.0.0 (location: H:\Unity\Project\C1_DSkvaer_Game\C1_DSkvaer_Game\Library\PackageCache\com.unity.modules.unitywebrequest)
    com.unity.modules.unitywebrequestassetbundle@1.0.0 (location: H:\Unity\Project\C1_DSkvaer_Game\C1_DSkvaer_Game\Library\PackageCache\com.unity.modules.unitywebrequestassetbundle)
    com.unity.modules.unitywebrequestaudio@1.0.0 (location: H:\Unity\Project\C1_DSkvaer_Game\C1_DSkvaer_Game\Library\PackageCache\com.unity.modules.unitywebrequestaudio)
    com.unity.modules.unitywebrequesttexture@1.0.0 (location: H:\Unity\Project\C1_DSkvaer_Game\C1_DSkvaer_Game\Library\PackageCache\com.unity.modules.unitywebrequesttexture)
    com.unity.modules.unitywebrequestwww@1.0.0 (location: H:\Unity\Project\C1_DSkvaer_Game\C1_DSkvaer_Game\Library\PackageCache\com.unity.modules.unitywebrequestwww)
    com.unity.modules.vectorgraphics@1.0.0 (location: H:\Unity\Project\C1_DSkvaer_Game\C1_DSkvaer_Game\Library\PackageCache\com.unity.modules.vectorgraphics)
    com.unity.modules.vehicles@1.0.0 (location: H:\Unity\Project\C1_DSkvaer_Game\C1_DSkvaer_Game\Library\PackageCache\com.unity.modules.vehicles)
    com.unity.modules.video@1.0.0 (location: H:\Unity\Project\C1_DSkvaer_Game\C1_DSkvaer_Game\Library\PackageCache\com.unity.modules.video)
    com.unity.modules.vr@1.0.0 (location: H:\Unity\Project\C1_DSkvaer_Game\C1_DSkvaer_Game\Library\PackageCache\com.unity.modules.vr)
    com.unity.modules.wind@1.0.0 (location: H:\Unity\Project\C1_DSkvaer_Game\C1_DSkvaer_Game\Library\PackageCache\com.unity.modules.wind)
    com.unity.modules.xr@1.0.0 (location: H:\Unity\Project\C1_DSkvaer_Game\C1_DSkvaer_Game\Library\PackageCache\com.unity.modules.xr)
    com.unity.modules.subsystems@1.0.0 (location: H:\Unity\Project\C1_DSkvaer_Game\C1_DSkvaer_Game\Library\PackageCache\com.unity.modules.subsystems)
    com.unity.modules.hierarchycore@1.0.0 (location: H:\Unity\Project\C1_DSkvaer_Game\C1_DSkvaer_Game\Library\PackageCache\com.unity.modules.hierarchycore)
    com.unity.ext.nunit@2.0.5 (location: H:\Unity\Project\C1_DSkvaer_Game\C1_DSkvaer_Game\Library\PackageCache\com.unity.ext.nunit@d8c07649098d)
    com.unity.render-pipelines.core@17.3.0 (location: H:\Unity\Project\C1_DSkvaer_Game\C1_DSkvaer_Game\Library\PackageCache\com.unity.render-pipelines.core@02dfbe8e43de)
    com.unity.shadergraph@17.3.0 (location: H:\Unity\Project\C1_DSkvaer_Game\C1_DSkvaer_Game\Library\PackageCache\com.unity.shadergraph@28ee1cc75774)
    com.unity.render-pipelines.universal-config@17.0.3 (location: H:\Unity\Project\C1_DSkvaer_Game\C1_DSkvaer_Game\Library\PackageCache\com.unity.render-pipelines.universal-config@8dc1aab4af1d)
  Git packages:
    com.esotericsoftware.spine.spine-csharp@https://github.com/EsotericSoftware/spine-runtimes.git?path=spine-csharp/src#4.2 (location: H:\Unity\Project\C1_DSkvaer_Game\C1_DSkvaer_Game\Library\PackageCache\com.esotericsoftware.spine.spine-csharp@37cd8452689e)
    com.esotericsoftware.spine.spine-unity@https://github.com/EsotericSoftware/spine-runtimes.git?path=spine-unity/Assets/Spine#4.2 (location: H:\Unity\Project\C1_DSkvaer_Game\C1_DSkvaer_Game\Library\PackageCache\com.esotericsoftware.spine.spine-unity@40ef011498d2)
    com.esotericsoftware.spine.urp-shaders@https://github.com/EsotericSoftware/spine-runtimes.git?path=spine-unity/Modules/com.esotericsoftware.spine.urp-shaders#4.2 (location: H:\Unity\Project\C1_DSkvaer_Game\C1_DSkvaer_Game\Library\PackageCache\com.esotericsoftware.spine.urp-shaders@775af2d7ea49)
[Subsystems] No new subsystems found in resolved package list.
[Package Manager] Done registering packages in 0.02 seconds
Starting: H:\Unity\6.1\6000.3.14f1\Editor\Data\Tools\BuildPipeline\bee_backend.exe --ipc --defer-dag-verification --dagfile="Library/Bee/1900b0aEDbg.dag" --continue-on-failure --profile="Library/Bee/backend1.traceevents" ScriptAssemblies
WorkingDir: H:/Unity/Project/C1_DSkvaer_Game/C1_DSkvaer_Game
DisplayProgressbar: Compiling Scripts
ExitCode: 0 Duration: 0s360ms
[ 823/1061  0s] ILPP-Configuration Library/ilpp-configuration.nevergeneratedoutput
*** Tundra build success (0.33 seconds), 1 items updated, 1061 evaluated
AssetDatabase: script compilation time: 0.898812s
Begin MonoManager ReloadAssembly
- Loaded All Assemblies, in 10.511 seconds
Start importing Assets/C1/Scripts/Editor using Guid(48fec3d8e3075b34ba311ffb09b04d30) (DefaultImporter) -> (artifact id: 'a51d61d1088b4b5bb90e65d34aeb5bb6') in 0.0323256 seconds
Refreshing native plugins compatible for Editor in 91.79 ms, found 5 plugins.
Native extension for WindowsStandalone target not found
Refreshing native plugins compatible for Editor in 1.68 ms, found 5 plugins.
ScheduleIndexationOnStartup MainProcess:True IndexOnStartup:True
Mono: successfully reloaded assembly
- Finished resetting the current domain, in  7.745 seconds
Domain Reload Profiling: 18255ms
	BeginReloadAssembly (316ms)
		ExecutionOrderSort (0ms)
		DisableScriptedObjects (20ms)
		BackupInstance (0ms)
		ReleaseScriptingObjects (0ms)
		CreateAndSetChildDomain (152ms)
	RebuildCommonClasses (43ms)
	RebuildNativeTypeToScriptingClass (16ms)
	initialDomainReloadingComplete (28ms)
	LoadAllAssembliesAndSetupDomain (10106ms)
		LoadAssemblies (9480ms)
		RebuildTransferFunctionScriptingTraits (0ms)
		AnalyzeDomain (734ms)
			TypeCache.Refresh (614ms)
				TypeCache.ScanAssembly (600ms)
			BuildScriptInfoCaches (99ms)
			ResolveRequiredComponents (16ms)
	FinalizeReload (7746ms)
		ReleaseScriptCaches (0ms)
		RebuildScriptCaches (0ms)
		SetupLoadedEditorAssemblies (7230ms)
			LogAssemblyErrors (0ms)
			InitializePlatformSupportModulesInManaged (21ms)
			SetLoadedEditorAssemblies (6ms)
			BeforeProcessingInitializeOnLoad (283ms)
			ProcessInitializeOnLoadAttributes (6363ms)
			ProcessInitializeOnLoadMethodAttributes (551ms)
			AfterProcessingInitializeOnLoad (5ms)
			EditorAssembliesLoaded (0ms)
		ExecutionOrderSort2 (0ms)
		AwakeInstancesAfterBackupRestoration (26ms)
Start importing Packages/com.unity.render-pipelines.core/Tests/Editor/UnifiedRayTracing/TraceRays.urtshader using Guid(1142bbad8b9e8c44c83a9775ff120d37) (ScriptedImporter)Launched and connected shader compiler UnityShaderCompiler.exe after 0.03 seconds

Compiling Ray Tracing Shader "TraceRays.urtshader", keywords = <no keywords>
    finished in 0.45 seconds. Local cache hits 1, remote cache hits 0, compiled 0 platform variants
 -> (artifact id: '711be5bd2aec212bc7f52fe41408d171') in 0.7009285 seconds
Start importing Packages/com.unity.render-pipelines.universal/Runtime/RendererFeatures/SurfaceCacheGI/SurfaceCacheCore/RisEstimation.urtshader using Guid(713f6141bd66a134383b787f2eaa7c11) (ScriptedImporter)
Compiling Ray Tracing Shader "RisEstimation.urtshader", keywords = <no keywords>
    finished in 0.01 seconds. Local cache hits 1, remote cache hits 0, compiled 0 platform variants
 -> (artifact id: '138b6ddd809598ee99efeedbba515d5d') in 0.1739379 seconds
Start importing Packages/com.unity.render-pipelines.core/Editor/Lighting/ProbeVolume/RenderingLayerMask/TraceRenderingLayerMask.urtshader using Guid(94a070d33e408384bafc1dea4a565df9) (ScriptedImporter)
Compiling Ray Tracing Shader "TraceRenderingLayerMask.urtshader", keywords = <no keywords>
    finished in 0.01 seconds. Local cache hits 1, remote cache hits 0, compiled 0 platform variants
 -> (artifact id: 'ae9ed0d17c428fa5d475a19beb4b638b') in 0.0992091 seconds
Start importing Packages/com.unity.render-pipelines.universal/Runtime/RendererFeatures/SurfaceCacheGI/SurfaceCacheCore/UniformEstimation.urtshader using Guid(94a39d12848d8d64ca962a72b74e7c50) (ScriptedImporter)
Compiling Ray Tracing Shader "UniformEstimation.urtshader", keywords = <no keywords>
    finished in 0.01 seconds. Local cache hits 1, remote cache hits 0, compiled 0 platform variants
 -> (artifact id: 'd3dc4aa72a88bdf174f365f7399c830a') in 0.0348497 seconds
Start importing Packages/com.unity.render-pipelines.core/Tests/Editor/UnifiedRayTracing/TraceTransparentRays.urtshader using Guid(6513c3b892e933c4f8d00c19d5c47532) (ScriptedImporter)
Compiling Ray Tracing Shader "TraceTransparentRays.urtshader", keywords = <no keywords>
    finished in 0.01 seconds. Local cache hits 1, remote cache hits 0, compiled 0 platform variants
 -> (artifact id: '134aed3489688c5d7443737a8b82ef4a') in 0.0249 seconds
Start importing Packages/com.unity.render-pipelines.core/Editor/Lighting/ProbeVolume/DynamicGI/DynamicGISkyOcclusion.urtshader using Guid(5a2a534753fbdb44e96c3c78b5a6999d) (ScriptedImporter)
Compiling Ray Tracing Shader "DynamicGISkyOcclusion.urtshader", keywords = <no keywords>
    finished in 0.01 seconds. Local cache hits 1, remote cache hits 0, compiled 0 platform variants
 -> (artifact id: '3304725932783239d2b74bd62ca6b8f7') in 0.0276131 seconds
Start importing Packages/com.unity.render-pipelines.core/Tests/Editor/UnifiedRayTracing/TraceRaysAndFetchAttributes.urtshader using Guid(fbc59f55df2416344b008dc23753cae2) (ScriptedImporter)
Compiling Ray Tracing Shader "TraceRaysAndFetchAttributes.urtshader", keywords = <no keywords>
    finished in 0.01 seconds. Local cache hits 1, remote cache hits 0, compiled 0 platform variants
 -> (artifact id: '67e914a91375aed09bcd09d6732c8b3c') in 0.0288982 seconds
Start importing Packages/com.unity.render-pipelines.universal/Runtime/RendererFeatures/SurfaceCacheGI/SurfaceCacheCore/RestirCandidateTemporal.urtshader using Guid(ad3a9f9982f8c4f4a839a78955e78458) (ScriptedImporter)
Compiling Ray Tracing Shader "RestirCandidateTemporal.urtshader", keywords = <no keywords>
    finished in 0.01 seconds. Local cache hits 1, remote cache hits 0, compiled 0 platform variants
 -> (artifact id: '9c5f82b1bec7d1e113aa7d907a3587c5') in 0.0400722 seconds
Start importing Packages/com.unity.render-pipelines.core/Editor/Lighting/ProbeVolume/VirtualOffset/TraceVirtualOffset.urtshader using Guid(ff2cbab5da58bf04d82c5f34037ed123) (ScriptedImporter)
Compiling Ray Tracing Shader "TraceVirtualOffset.urtshader", keywords = <no keywords>
    finished in 0.00 seconds. Local cache hits 1, remote cache hits 0, compiled 0 platform variants
 -> (artifact id: '6a26cbc95662ba5a0a572b51348960cd') in 0.0510065 seconds
Refreshing native plugins compatible for Editor in 1.96 ms, found 5 plugins.
Preloading 0 native plugins for Editor in 0.00 ms.
Asset Pipeline Refresh (id=70a8491b24d884146aabafed168cb3ad): Total: 21.778 seconds - Initiated by InitialRefreshV2(ForceSynchronousImport)
	Summary:
		Imports: total=10 (actual=10, local cache=0, cache server=0)
		Asset DB Process Time: managed=8 ms, native=9766 ms
		Asset DB Callback time: managed=350 ms, native=92 ms
		Scripting: domain reloads=1, domain reload time=10511 ms, compile time=900 ms, other=148 ms
		Project Asset Count: scripts=1746, non-scripts=3845
		Asset File Changes: new=0, changed=0, moved=0, deleted=0
		Scan Filter Count: 0
	InvokeCustomDependenciesCallbacks: 0.001ms
	InvokePackagesCallback: 25.160ms
	ApplyChangesToAssetFolders: 0.754ms
	Scan: 174.266ms
	OnSourceAssetsModified: 0.004ms
	CategorizeAssetsWithTransientArtifact: 67.396ms
	ProcessAssetsWithTransientArtifactChanges: 107.087ms
	CategorizeAssets: 76.769ms
	ImportOutOfDateAssets: 9093.126ms (6936.952ms without children)
		ImportManagerImport: 1236.379ms (19.558ms without children)
			ImportInProcess: 1216.237ms
			UpdateCategorizedAssets: 0.584ms
		CompileScripts: 900.001ms
		ReloadNativeAssets: 0.024ms
		UnloadImportedAssets: 0.871ms
		ReloadImportedAssets: 16.666ms
		EnsureUptoDateAssetsAreRegisteredWithGuidPM: 0.954ms
		InitializingProgressBar: 0.006ms
		PostProcessAllAssetNotificationsAddChangedAssets: 0.001ms
		OnDemandSchedulerStart: 1.273ms
	PostProcessAllAssets: 414.723ms
	Hotreload: 4.434ms
	GatherAllCurrentPrimaryArtifactRevisions: 0.002ms
	UnloadStreamsBegin: 4.487ms
	PersistCurrentRevisions: 0.322ms
	UnloadStreamsEnd: 0.001ms
	GenerateScriptTypeHashes: 4.487ms
	Untracked: 11809.241ms

Application.AssetDatabase Initial Refresh End
Scanning for USB devices : 1.879ms
Initializing Unity extensions:
[MODES] ModeService[none].Initialize
[MODES] ModeService[none].LoadModes
[MODES] Loading mode Default (0) for mode-current-id-С1.0
GetVirtualKey: Could not map char: z (122) to any virtual key
GetVirtualKey: Could not map char: y (121) to any virtual key
GetVirtualKey: Could not map char: x (120) to any virtual key
GetVirtualKey: Could not map char: c (99) to any virtual key
GetVirtualKey: Could not map char: v (118) to any virtual key
GetVirtualKey: Could not map char: V (86) to any virtual key
GetVirtualKey: Could not map char: d (100) to any virtual key
GetVirtualKey: Could not map char: f (102) to any virtual key
GetVirtualKey: Could not map char: f (102) to any virtual key
GetVirtualKey: Could not map char: a (97) to any virtual key
GetVirtualKey: Could not map char: d (100) to any virtual key
GetVirtualKey: Could not map char: c (99) to any virtual key
GetVirtualKey: Could not map char: r (114) to any virtual key
GetVirtualKey: Could not map char: i (105) to any virtual key
GetVirtualKey: Could not map char: l (108) to any virtual key
GetVirtualKey: Could not map char: f (102) to any virtual key
GetVirtualKey: Could not map char: k (107) to any virtual key
GetVirtualKey: Could not map char: p (112) to any virtual key
GetVirtualKey: Could not map char: p (112) to any virtual key
GetVirtualKey: Could not map char: p (112) to any virtual key
GetVirtualKey: Could not map char: c (99) to any virtual key
GetVirtualKey: Could not map char: r (114) to any virtual key
GetVirtualKey: Could not map char: P (80) to any virtual key
GetVirtualKey: Could not map char: n (110) to any virtual key
GetVirtualKey: Could not map char: n (110) to any virtual key
GetVirtualKey: Could not map char: g (103) to any virtual key
GetVirtualKey: Could not map char: f (102) to any virtual key
GetVirtualKey: Could not map char: f (102) to any virtual key
GetVirtualKey: Could not map char: a (97) to any virtual key
GetVirtualKey: Could not map char: a (97) to any virtual key
GetVirtualKey: Could not map char: n (110) to any virtual key
GetVirtualKey: Could not map char: o (111) to any virtual key
GetVirtualKey: Could not map char: s (115) to any virtual key
GetVirtualKey: Could not map char: s (115) to any virtual key
GetVirtualKey: Could not map char: b (98) to any virtual key
GetVirtualKey: Could not map char: b (98) to any virtual key
GetVirtualKey: Could not map char: c (99) to any virtual key
GetVirtualKey: Could not map char: u (117) to any virtual key
Unloading 41 Unused Serialized files (Serialized files now loaded: 0)
Unloading 7557 unused Assets / (9.6 MB). Loaded Objects now: 8456.
Memory consumption went from 248.4 MB to 238.8 MB.
Total: 15.373700 ms (FindLiveObjects: 0.992200 ms CreateObjectMapping: 1.930400 ms MarkObjects: 7.526000 ms  DeleteObjects: 4.923800 ms)

GetVirtualKey: Could not map char: z (122) to any virtual key
GetVirtualKey: Could not map char: y (121) to any virtual key
GetVirtualKey: Could not map char: x (120) to any virtual key
GetVirtualKey: Could not map char: c (99) to any virtual key
GetVirtualKey: Could not map char: v (118) to any virtual key
GetVirtualKey: Could not map char: V (86) to any virtual key
GetVirtualKey: Could not map char: d (100) to any virtual key
GetVirtualKey: Could not map char: f (102) to any virtual key
GetVirtualKey: Could not map char: f (102) to any virtual key
GetVirtualKey: Could not map char: a (97) to any virtual key
GetVirtualKey: Could not map char: d (100) to any virtual key
GetVirtualKey: Could not map char: c (99) to any virtual key
GetVirtualKey: Could not map char: r (114) to any virtual key
GetVirtualKey: Could not map char: i (105) to any virtual key
GetVirtualKey: Could not map char: l (108) to any virtual key
GetVirtualKey: Could not map char: f (102) to any virtual key
GetVirtualKey: Could not map char: k (107) to any virtual key
GetVirtualKey: Could not map char: p (112) to any virtual key
GetVirtualKey: Could not map char: p (112) to any virtual key
GetVirtualKey: Could not map char: p (112) to any virtual key
GetVirtualKey: Could not map char: c (99) to any virtual key
GetVirtualKey: Could not map char: r (114) to any virtual key
GetVirtualKey: Could not map char: P (80) to any virtual key
GetVirtualKey: Could not map char: n (110) to any virtual key
GetVirtualKey: Could not map char: n (110) to any virtual key
GetVirtualKey: Could not map char: g (103) to any virtual key
GetVirtualKey: Could not map char: f (102) to any virtual key
GetVirtualKey: Could not map char: f (102) to any virtual key
GetVirtualKey: Could not map char: a (97) to any virtual key
GetVirtualKey: Could not map char: a (97) to any virtual key
GetVirtualKey: Could not map char: n (110) to any virtual key
GetVirtualKey: Could not map char: o (111) to any virtual key
GetVirtualKey: Could not map char: s (115) to any virtual key
GetVirtualKey: Could not map char: s (115) to any virtual key
GetVirtualKey: Could not map char: b (98) to any virtual key
GetVirtualKey: Could not map char: b (98) to any virtual key
GetVirtualKey: Could not map char: c (99) to any virtual key
GetVirtualKey: Could not map char: u (117) to any virtual key
Start importing Assets/C1/Prefabs/NPC/Bandits using Guid(4eff9709b1b6ec64991f437e02b19166) (DefaultImporter) -> (artifact id: 'cfc238591dc12e832c95a5570e9a6206') in 0.0073087 seconds
Refreshing native plugins compatible for Editor in 1.66 ms, found 5 plugins.
Preloading 0 native plugins for Editor in 0.00 ms.
Asset Pipeline Refresh (id=aa9749a8f44f2e940910f0e8c671d8ff): Total: 0.092 seconds - Initiated by StopAssetImportingV2(NoUpdateAssetOptions)
Start importing Assets/C1/Prefabs/NPC/Bandits/Base using Guid(939b1a30862b417448db370c3c3efa43) (DefaultImporter) -> (artifact id: 'cdca051e241ec1aa52470eec004b0b52') in 0.0099572 seconds
Refreshing native plugins compatible for Editor in 1.74 ms, found 5 plugins.
Preloading 0 native plugins for Editor in 0.00 ms.
Asset Pipeline Refresh (id=0eae4c099d919514caf4aea3be2f0692): Total: 0.056 seconds - Initiated by StopAssetImportingV2(NoUpdateAssetOptions)
Start importing Assets/C1/Prefabs/NPC/Bandits/Base/Configs using Guid(b47357392a340074eb0dd1be005eee7e) (DefaultImporter) -> (artifact id: 'cbac0f4ad8720992865f76dc4337ee17') in 0.0126676 seconds
Refreshing native plugins compatible for Editor in 1.78 ms, found 5 plugins.
Preloading 0 native plugins for Editor in 0.00 ms.
Asset Pipeline Refresh (id=24d793beb924e4e44a54e9fa98da4133): Total: 0.066 seconds - Initiated by StopAssetImportingV2(NoUpdateAssetOptions)
Start importing Assets/C1/Prefabs/NPC/Bandits/Base/Configs/Bandit_Junior_Raider_Base using Guid(3aa3c7360eb6a704b814031da9a838d1) (DefaultImporter) -> (artifact id: 'd58c150cde5d1e772a214e15de97cb9e') in 0.0081737 seconds
Refreshing native plugins compatible for Editor in 1.75 ms, found 5 plugins.
Preloading 0 native plugins for Editor in 0.00 ms.
Asset Pipeline Refresh (id=4c40f89209703224885c9b4c0cb35da9): Total: 0.049 seconds - Initiated by StopAssetImportingV2(NoUpdateAssetOptions)
Start importing Assets/C1/Prefabs/NPC/Bandits/Base/Configs/Bandit_Junior_Raider_Base/Bandit_Junior_Raider_Base_Movement.asset using Guid(98f10faa821259940afe7ce45127978e) (NativeFormatImporter) -> (artifact id: 'b9f55dd639e796ac17f1411bd016c7a7') in 0.0015726 seconds
Refreshing native plugins compatible for Editor in 2.50 ms, found 5 plugins.
Preloading 0 native plugins for Editor in 0.00 ms.
Asset Pipeline Refresh (id=fada593e32456674a9baca203619f76c): Total: 0.052 seconds - Initiated by StopAssetImportingV2(NoUpdateAssetOptions)
Start importing Assets/C1/Prefabs/NPC/Bandits/Base/Configs/Bandit_Junior_Raider_Base/Bandit_Junior_Raider_Base_Health.asset using Guid(66199dbcffe2fe441958488592c12b7b) (NativeFormatImporter) -> (artifact id: '1e5f46e5b38a8ab77f241b697f9dd00b') in 0.0018534 seconds
Refreshing native plugins compatible for Editor in 2.32 ms, found 5 plugins.
Preloading 0 native plugins for Editor in 0.00 ms.
Asset Pipeline Refresh (id=f2aa52b0587c67b4c9904b5772f3eb33): Total: 0.058 seconds - Initiated by StopAssetImportingV2(NoUpdateAssetOptions)
Start importing Assets/C1/Prefabs/NPC/Bandits/Base/Configs/Bandit_Junior_Raider_Base/Bandit_Junior_Raider_Base_Ram.asset using Guid(bf3d0fe43363f3144921340b9503e265) (NativeFormatImporter) -> (artifact id: '2dd28793ceef45677e96aa62d499f5f0') in 0.0016842 seconds
Refreshing native plugins compatible for Editor in 1.97 ms, found 5 plugins.
Preloading 0 native plugins for Editor in 0.00 ms.
Asset Pipeline Refresh (id=f6c9dd281e957a64ba9adf36154e58a8): Total: 0.053 seconds - Initiated by StopAssetImportingV2(NoUpdateAssetOptions)
Start importing Assets/C1/Prefabs/NPC/Bandits/Base/Configs/Bandit_Junior_Raider_Base/Bandit_Junior_Raider_Base_Shooting.asset using Guid(88f7400e6233bea4fa28dbb52b34a7b9) (NativeFormatImporter) -> (artifact id: '570c6b1e02eaadf359f267c25c483350') in 0.0014668 seconds
Refreshing native plugins compatible for Editor in 1.75 ms, found 5 plugins.
Preloading 0 native plugins for Editor in 0.00 ms.
Asset Pipeline Refresh (id=75f4baef70d15d4448d5c45d8826de87): Total: 0.046 seconds - Initiated by StopAssetImportingV2(NoUpdateAssetOptions)
Start importing Assets/C1/Prefabs/NPC/Bandits/Base/Configs/Bandit_Junior_Raider_Base/Bandit_Junior_Raider_Base_Patrol.asset using Guid(7538396ccb6f8b646b71a78242d6f75b) (NativeFormatImporter) -> (artifact id: 'fdab1557405350cb4c1afb9c7309903e') in 0.0014542 seconds
Refreshing native plugins compatible for Editor in 1.66 ms, found 5 plugins.
Preloading 0 native plugins for Editor in 0.00 ms.
Asset Pipeline Refresh (id=3631556e026e2f0438c6162ade84bce6): Total: 0.042 seconds - Initiated by StopAssetImportingV2(NoUpdateAssetOptions)
Start importing Assets/C1/Prefabs/NPC/Bandits/Base/Configs/Bandit_Junior_Raider_Base/Bandit_Junior_Raider_Base_BanditType.asset using Guid(41f7be5208abea74c9f5458845b4049d) (NativeFormatImporter) -> (artifact id: '28e9b229386969d338a56720471426cc') in 0.0014455 seconds
Refreshing native plugins compatible for Editor in 1.67 ms, found 5 plugins.
Preloading 0 native plugins for Editor in 0.00 ms.
Asset Pipeline Refresh (id=7ba5618370526c04598f84c284104a36): Total: 0.042 seconds - Initiated by StopAssetImportingV2(NoUpdateAssetOptions)
Start importing Assets/C1/Prefabs/NPC/Bandits/Base/Configs/Bandit_Junior_Raider_Base/Bandit_Junior_Raider_Base_Behavior.asset using Guid(da0cfecab029e9249a38052e3f3c8173) (NativeFormatImporter) -> (artifact id: '9a3715cc37f0d7bd33b19c9cf2cee237') in 0.0015698 seconds
Refreshing native plugins compatible for Editor in 1.67 ms, found 5 plugins.
Preloading 0 native plugins for Editor in 0.00 ms.
Asset Pipeline Refresh (id=61e2330c659b88e4d84a5f0517baee2e): Total: 0.043 seconds - Initiated by StopAssetImportingV2(NoUpdateAssetOptions)
Start importing Assets/C1/Prefabs/NPC/Bandits/Base/Bandit_Junior_Raider_Base.prefab using Guid(508ed574458c5c74b8361fdb9926d8c4) (PrefabImporter) -> (artifact id: '3bb19b0fe7d969957ecf04f00ce236ec') in 0.0189334 seconds
Refreshing native plugins compatible for Editor in 1.64 ms, found 5 plugins.
Preloading 0 native plugins for Editor in 0.00 ms.
Asset Pipeline Refresh (id=121ad29d625f0a54eaea288f193ffc3f): Total: 0.063 seconds - Initiated by StopAssetImportingV2(NoUpdateAssetOptions)
Start importing Assets/C1/Prefabs/NPC/Bandits/Base/Configs/Bandit_Middle_WolfHunter_Base using Guid(3f0ea9468285ff541a0f68f7d24f8a3b) (DefaultImporter) -> (artifact id: '033641563ec06cc3264d3a6d0ca84ba3') in 0.0072982 seconds
Refreshing native plugins compatible for Editor in 1.65 ms, found 5 plugins.
Preloading 0 native plugins for Editor in 0.00 ms.
Asset Pipeline Refresh (id=7bddc3e683c6cf440a0fdc623d51d34e): Total: 0.043 seconds - Initiated by StopAssetImportingV2(NoUpdateAssetOptions)
Start importing Assets/C1/Prefabs/NPC/Bandits/Base/Configs/Bandit_Middle_WolfHunter_Base/Bandit_Middle_WolfHunter_Base_Movement.asset using Guid(35e84a8c241afb24c988bbba16889053) (NativeFormatImporter) -> (artifact id: 'aae440f88d1a498e69ba0a38cdf18801') in 0.0017485 seconds
Refreshing native plugins compatible for Editor in 1.63 ms, found 5 plugins.
Preloading 0 native plugins for Editor in 0.00 ms.
Asset Pipeline Refresh (id=86c28bd79642c38418b4d0b56aee67c1): Total: 0.041 seconds - Initiated by StopAssetImportingV2(NoUpdateAssetOptions)
Start importing Assets/C1/Prefabs/NPC/Bandits/Base/Configs/Bandit_Middle_WolfHunter_Base/Bandit_Middle_WolfHunter_Base_Health.asset using Guid(bc7bb7bfe8538934c9a443be3b7149a6) (NativeFormatImporter) -> (artifact id: '91445d1adae413503c15a0ccf5e31ccf') in 0.001598 seconds
Refreshing native plugins compatible for Editor in 1.61 ms, found 5 plugins.
Preloading 0 native plugins for Editor in 0.00 ms.
Asset Pipeline Refresh (id=4324391abd1258145986041e435d7c5b): Total: 0.042 seconds - Initiated by StopAssetImportingV2(NoUpdateAssetOptions)
Start importing Assets/C1/Prefabs/NPC/Bandits/Base/Configs/Bandit_Middle_WolfHunter_Base/Bandit_Middle_WolfHunter_Base_Ram.asset using Guid(f5943e1774f0e1e49808985c35c0c807) (NativeFormatImporter) -> (artifact id: '5f942a598e6324be8753cf0a2f04a309') in 0.0014455 seconds
Refreshing native plugins compatible for Editor in 1.63 ms, found 5 plugins.
Preloading 0 native plugins for Editor in 0.00 ms.
Asset Pipeline Refresh (id=af2f6c534d416854ba2f6bf7a603018a): Total: 0.041 seconds - Initiated by StopAssetImportingV2(NoUpdateAssetOptions)
Start importing Assets/C1/Prefabs/NPC/Bandits/Base/Configs/Bandit_Middle_WolfHunter_Base/Bandit_Middle_WolfHunter_Base_Shooting.asset using Guid(10cb21faa7e1ef44d974fa7ce7c4c170) (NativeFormatImporter) -> (artifact id: '778092e2be846449ab958ab9c1a66ebf') in 0.0016537 seconds
Refreshing native plugins compatible for Editor in 1.64 ms, found 5 plugins.
Preloading 0 native plugins for Editor in 0.00 ms.
Asset Pipeline Refresh (id=e8078f5bcc1e1db42b38042ced263e34): Total: 0.043 seconds - Initiated by StopAssetImportingV2(NoUpdateAssetOptions)
Start importing Assets/C1/Prefabs/NPC/Bandits/Base/Configs/Bandit_Middle_WolfHunter_Base/Bandit_Middle_WolfHunter_Base_Patrol.asset using Guid(04ca5aeb12a51fe41af9b4325f5dc386) (NativeFormatImporter) -> (artifact id: '2c3b6db11624b8316e9c7b6392af8495') in 0.0014539 seconds
Refreshing native plugins compatible for Editor in 1.62 ms, found 5 plugins.
Preloading 0 native plugins for Editor in 0.00 ms.
Asset Pipeline Refresh (id=c7bea0a847597764baa382b15d752f4d): Total: 0.041 seconds - Initiated by StopAssetImportingV2(NoUpdateAssetOptions)
Start importing Assets/C1/Prefabs/NPC/Bandits/Base/Configs/Bandit_Middle_WolfHunter_Base/Bandit_Middle_WolfHunter_Base_BanditType.asset using Guid(bb3ad3c0406a0724aae6b82b843f3109) (NativeFormatImporter) -> (artifact id: '0f32764445b9468d5b2d9f8b24f32d8d') in 0.0015149 seconds
Refreshing native plugins compatible for Editor in 1.63 ms, found 5 plugins.
Preloading 0 native plugins for Editor in 0.00 ms.
Asset Pipeline Refresh (id=f75650ffcbc32c647af04db91b7820aa): Total: 0.042 seconds - Initiated by StopAssetImportingV2(NoUpdateAssetOptions)
Start importing Assets/C1/Prefabs/NPC/Bandits/Base/Configs/Bandit_Middle_WolfHunter_Base/Bandit_Middle_WolfHunter_Base_Behavior.asset using Guid(b7f805e34ad054345b1c8057f9c06bf1) (NativeFormatImporter) -> (artifact id: '32c9d0c8c51d472b15e360a0a2442df3') in 0.0014535 seconds
Refreshing native plugins compatible for Editor in 1.59 ms, found 5 plugins.
Preloading 0 native plugins for Editor in 0.00 ms.
Asset Pipeline Refresh (id=75921c8e102de074e965558287ed883d): Total: 0.042 seconds - Initiated by StopAssetImportingV2(NoUpdateAssetOptions)
Start importing Assets/C1/Prefabs/NPC/Bandits/Base/Bandit_Middle_WolfHunter_Base.prefab using Guid(50eba1bf808f75548a0ccb2d4394eb11) (PrefabImporter) -> (artifact id: '23813226c6eaf0e1af5f05cdde8d6b5f') in 0.0125259 seconds
Refreshing native plugins compatible for Editor in 1.72 ms, found 5 plugins.
Preloading 0 native plugins for Editor in 0.00 ms.
Asset Pipeline Refresh (id=323a9b7e3f31973488e0e11004b07b78): Total: 0.057 seconds - Initiated by StopAssetImportingV2(NoUpdateAssetOptions)
Start importing Assets/C1/Prefabs/NPC/Bandits/Base/Configs/Bandit_Senior_Ambusher_Base using Guid(d9ec162b1d3fb4f4f9212442d9895557) (DefaultImporter) -> (artifact id: 'de454a757a910a828c8f56f775cbe7a7') in 0.0073742 seconds
Refreshing native plugins compatible for Editor in 1.65 ms, found 5 plugins.
Preloading 0 native plugins for Editor in 0.00 ms.
Asset Pipeline Refresh (id=aaa17e5ad10d8d847b2f5aece3d0b181): Total: 0.044 seconds - Initiated by StopAssetImportingV2(NoUpdateAssetOptions)
Start importing Assets/C1/Prefabs/NPC/Bandits/Base/Configs/Bandit_Senior_Ambusher_Base/Bandit_Senior_Ambusher_Base_Movement.asset using Guid(d5d712bc004d6dc48bacdfc22fa5fb36) (NativeFormatImporter) -> (artifact id: '66f5ee07095fbe131f1b224d99016995') in 0.0014462 seconds
Refreshing native plugins compatible for Editor in 1.61 ms, found 5 plugins.
Preloading 0 native plugins for Editor in 0.00 ms.
Asset Pipeline Refresh (id=3c86c26daa05be6448e9687bb2f5aaaf): Total: 0.041 seconds - Initiated by StopAssetImportingV2(NoUpdateAssetOptions)
Start importing Assets/C1/Prefabs/NPC/Bandits/Base/Configs/Bandit_Senior_Ambusher_Base/Bandit_Senior_Ambusher_Base_Health.asset using Guid(7c08a51f611fbe448a950bc7df145a79) (NativeFormatImporter) -> (artifact id: '21edb11c768f2b83633dadb6099519f6') in 0.0015264 seconds
Refreshing native plugins compatible for Editor in 1.74 ms, found 5 plugins.
Preloading 0 native plugins for Editor in 0.00 ms.
Asset Pipeline Refresh (id=3f70005a4f03d51439b9e751d7090d16): Total: 0.041 seconds - Initiated by StopAssetImportingV2(NoUpdateAssetOptions)
Start importing Assets/C1/Prefabs/NPC/Bandits/Base/Configs/Bandit_Senior_Ambusher_Base/Bandit_Senior_Ambusher_Base_Ram.asset using Guid(2b82d39c707f8de488b7da64db54c0c3) (NativeFormatImporter) -> (artifact id: 'ade128adf3e8096ad2580f69a5d75747') in 0.0014415 seconds
Refreshing native plugins compatible for Editor in 1.61 ms, found 5 plugins.
Preloading 0 native plugins for Editor in 0.00 ms.
Asset Pipeline Refresh (id=ff4a0c7b8a6c28446b305217d7dc83a2): Total: 0.042 seconds - Initiated by StopAssetImportingV2(NoUpdateAssetOptions)
Start importing Assets/C1/Prefabs/NPC/Bandits/Base/Configs/Bandit_Senior_Ambusher_Base/Bandit_Senior_Ambusher_Base_Shooting.asset using Guid(f6b73819bcbdc5e47b83af03cdaa7773) (NativeFormatImporter) -> (artifact id: '0d4a00ea860e43e0b1a4aa55f90bc846') in 0.0014892 seconds
Refreshing native plugins compatible for Editor in 1.63 ms, found 5 plugins.
Preloading 0 native plugins for Editor in 0.00 ms.
Asset Pipeline Refresh (id=874f9464848652043bc7a35516d4b496): Total: 0.042 seconds - Initiated by StopAssetImportingV2(NoUpdateAssetOptions)
Start importing Assets/C1/Prefabs/NPC/Bandits/Base/Configs/Bandit_Senior_Ambusher_Base/Bandit_Senior_Ambusher_Base_Patrol.asset using Guid(a7a0f3bd98d44864fbdcf827d0f7bded) (NativeFormatImporter) -> (artifact id: '452df99378d11f2ef5c533b3f85e4866') in 0.0014722 seconds
Refreshing native plugins compatible for Editor in 1.65 ms, found 5 plugins.
Preloading 0 native plugins for Editor in 0.00 ms.
Asset Pipeline Refresh (id=61491814dc3a9f54abb9f2812226b820): Total: 0.041 seconds - Initiated by StopAssetImportingV2(NoUpdateAssetOptions)
Start importing Assets/C1/Prefabs/NPC/Bandits/Base/Configs/Bandit_Senior_Ambusher_Base/Bandit_Senior_Ambusher_Base_BanditType.asset using Guid(350378e3a3070124aa37e7da7d1e05fb) (NativeFormatImporter) -> (artifact id: '6443385d2ef41aaf5f844adac757bd78') in 0.0018517 seconds
Refreshing native plugins compatible for Editor in 1.60 ms, found 5 plugins.
Preloading 0 native plugins for Editor in 0.00 ms.
Asset Pipeline Refresh (id=9f0c4e5f31ed18e4eabf49811987bc9f): Total: 0.042 seconds - Initiated by StopAssetImportingV2(NoUpdateAssetOptions)
Start importing Assets/C1/Prefabs/NPC/Bandits/Base/Configs/Bandit_Senior_Ambusher_Base/Bandit_Senior_Ambusher_Base_Behavior.asset using Guid(06b0767edc3dd374586ee01f23efae98) (NativeFormatImporter) -> (artifact id: 'c81ed9e8a7c0ddab5068cd92682a6cb2') in 0.0014471 seconds
Refreshing native plugins compatible for Editor in 1.66 ms, found 5 plugins.
Preloading 0 native plugins for Editor in 0.00 ms.
Asset Pipeline Refresh (id=a7c38cced0b38a249ad372fbcceb6f67): Total: 0.041 seconds - Initiated by StopAssetImportingV2(NoUpdateAssetOptions)
Start importing Assets/C1/Prefabs/NPC/Bandits/Base/Bandit_Senior_Ambusher_Base.prefab using Guid(23255bbc7a3141b40b217ccefe117475) (PrefabImporter) -> (artifact id: '2962b54186406adb85ea87cd4d4a87cd') in 0.0136919 seconds
Refreshing native plugins compatible for Editor in 1.67 ms, found 5 plugins.
Preloading 0 native plugins for Editor in 0.00 ms.
Asset Pipeline Refresh (id=000b3e65129678047b09625cf3249016): Total: 0.061 seconds - Initiated by StopAssetImportingV2(NoUpdateAssetOptions)
Start importing Assets/C1/Prefabs/NPC/Bandits/Base/Configs/Bandit_Suicide_FireShip_Base using Guid(dbde41da5446509418f46d1ce5b1c977) (DefaultImporter) -> (artifact id: '55ff1170cee336d171482519c2a8bc54') in 0.0076286 seconds
Refreshing native plugins compatible for Editor in 1.65 ms, found 5 plugins.
Preloading 0 native plugins for Editor in 0.00 ms.
Asset Pipeline Refresh (id=05d67ce9eca83994e8381e642bb56e3e): Total: 0.047 seconds - Initiated by StopAssetImportingV2(NoUpdateAssetOptions)
Start importing Assets/C1/Prefabs/NPC/Bandits/Base/Configs/Bandit_Suicide_FireShip_Base/Bandit_Suicide_FireShip_Base_Movement.asset using Guid(5045cf4c1763b3045b8c4d6ea4f5d3c8) (NativeFormatImporter) -> (artifact id: '5b0854c1f0992d4b2b70ff98afb3a0fd') in 0.00163 seconds
Refreshing native plugins compatible for Editor in 1.64 ms, found 5 plugins.
Preloading 0 native plugins for Editor in 0.00 ms.
Asset Pipeline Refresh (id=37408688e0a63de478189b6a2d8dc1d0): Total: 0.042 seconds - Initiated by StopAssetImportingV2(NoUpdateAssetOptions)
Start importing Assets/C1/Prefabs/NPC/Bandits/Base/Configs/Bandit_Suicide_FireShip_Base/Bandit_Suicide_FireShip_Base_Health.asset using Guid(d5b0cfc5f668e7e40b5d843c612b0f2b) (NativeFormatImporter) -> (artifact id: '5a338dc1dd10d21eb105e6f7513ecf96') in 0.0015179 seconds
Refreshing native plugins compatible for Editor in 1.64 ms, found 5 plugins.
Preloading 0 native plugins for Editor in 0.00 ms.
Asset Pipeline Refresh (id=8705ff77d41d14c48b9030dab810cfe6): Total: 0.044 seconds - Initiated by StopAssetImportingV2(NoUpdateAssetOptions)
Start importing Assets/C1/Prefabs/NPC/Bandits/Base/Configs/Bandit_Suicide_FireShip_Base/Bandit_Suicide_FireShip_Base_Ram.asset using Guid(175a52d3c1ea6f346aa343bdac55e38c) (NativeFormatImporter) -> (artifact id: 'e39af14eaa3214e5d11e0f5bf24d7298') in 0.0014376 seconds
Refreshing native plugins compatible for Editor in 1.62 ms, found 5 plugins.
Preloading 0 native plugins for Editor in 0.00 ms.
Asset Pipeline Refresh (id=4035d914da6837b49bdf2fbe1c82f15f): Total: 0.041 seconds - Initiated by StopAssetImportingV2(NoUpdateAssetOptions)
Start importing Assets/C1/Prefabs/NPC/Bandits/Base/Configs/Bandit_Suicide_FireShip_Base/Bandit_Suicide_FireShip_Base_Shooting.asset using Guid(5a66f7dd42cc0354385a6784bdd13a82) (NativeFormatImporter) -> (artifact id: '88b98f618090bd2760068ed0068947ec') in 0.0014852 seconds
Refreshing native plugins compatible for Editor in 1.65 ms, found 5 plugins.
Preloading 0 native plugins for Editor in 0.00 ms.
Asset Pipeline Refresh (id=2725188f7213ed74b868f21e4de06145): Total: 0.041 seconds - Initiated by StopAssetImportingV2(NoUpdateAssetOptions)
Start importing Assets/C1/Prefabs/NPC/Bandits/Base/Configs/Bandit_Suicide_FireShip_Base/Bandit_Suicide_FireShip_Base_Patrol.asset using Guid(38567b0bd9cc00540b6c8cbd0e5dab5c) (NativeFormatImporter) -> (artifact id: 'b53a024c4fc15ea63416814f7ea793fc') in 0.0014675 seconds
Refreshing native plugins compatible for Editor in 1.60 ms, found 5 plugins.
Preloading 0 native plugins for Editor in 0.00 ms.
Asset Pipeline Refresh (id=5bedf532c1cda3943a5d2be10559c7fb): Total: 0.041 seconds - Initiated by StopAssetImportingV2(NoUpdateAssetOptions)
Start importing Assets/C1/Prefabs/NPC/Bandits/Base/Configs/Bandit_Suicide_FireShip_Base/Bandit_Suicide_FireShip_Base_BanditType.asset using Guid(e2a1896a17f4ca740ba86ea5aede368e) (NativeFormatImporter) -> (artifact id: '6de8cbecd4133878395127ffbabdf470') in 0.0015462 seconds
Refreshing native plugins compatible for Editor in 1.61 ms, found 5 plugins.
Preloading 0 native plugins for Editor in 0.00 ms.
Asset Pipeline Refresh (id=ed05948607b9ef74c819970d5f6c8976): Total: 0.042 seconds - Initiated by StopAssetImportingV2(NoUpdateAssetOptions)
Start importing Assets/C1/Prefabs/NPC/Bandits/Base/Configs/Bandit_Suicide_FireShip_Base/Bandit_Suicide_FireShip_Base_Behavior.asset using Guid(41de438aaa68b614ab9274e2ec03a2e6) (NativeFormatImporter) -> (artifact id: '3926e6e4fe2883ca0728e89dfbfb760f') in 0.0014588 seconds
Refreshing native plugins compatible for Editor in 1.66 ms, found 5 plugins.
Preloading 0 native plugins for Editor in 0.00 ms.
Asset Pipeline Refresh (id=87e62ad3a1dc1f948b578e0477f3b91d): Total: 0.043 seconds - Initiated by StopAssetImportingV2(NoUpdateAssetOptions)
Start importing Assets/C1/Prefabs/NPC/Bandits/Base/Bandit_Suicide_FireShip_Base.prefab using Guid(d1b437364ef98d24f9bd7a0e0969a5b3) (PrefabImporter) -> (artifact id: 'f9035da828431428e2d34ce7f2601a85') in 0.0120438 seconds
Refreshing native plugins compatible for Editor in 1.65 ms, found 5 plugins.
Preloading 0 native plugins for Editor in 0.00 ms.
Asset Pipeline Refresh (id=20a8d135cc08cec408df4014cc077124): Total: 0.055 seconds - Initiated by StopAssetImportingV2(NoUpdateAssetOptions)
Start importing Assets/C1/Prefabs/NPC/Bandits/Base/Configs/Bandit_Middle_WolfHunter_Base/Bandit_Middle_WolfHunter_Base_Shooting.asset using Guid(10cb21faa7e1ef44d974fa7ce7c4c170) (NativeFormatImporter) -> (artifact id: 'f97931397fdeaa48adc23b0a279dc272') in 0.0014683 seconds
Start importing Assets/C1/Prefabs/NPC/Bandits/Base/Configs/Bandit_Suicide_FireShip_Base/Bandit_Suicide_FireShip_Base_Movement.asset using Guid(5045cf4c1763b3045b8c4d6ea4f5d3c8) (NativeFormatImporter) -> (artifact id: 'd0f0531073ab25e91cb2811b4f674186') in 0.0012229 seconds
Start importing Assets/C1/Prefabs/NPC/Bandits/Base/Configs/Bandit_Junior_Raider_Base/Bandit_Junior_Raider_Base_BanditType.asset using Guid(41f7be5208abea74c9f5458845b4049d) (NativeFormatImporter) -> (artifact id: 'efc85272c2b258773ece37d8e4ceea19') in 0.0011304 seconds
Start importing Assets/C1/Prefabs/NPC/Bandits/Base/Configs/Bandit_Suicide_FireShip_Base/Bandit_Suicide_FireShip_Base_Behavior.asset using Guid(41de438aaa68b614ab9274e2ec03a2e6) (NativeFormatImporter) -> (artifact id: '0099a18734e003227d4b952e219c6cd4') in 0.0011105 seconds
Start importing Assets/C1/Prefabs/NPC/Bandits/Base/Configs/Bandit_Suicide_FireShip_Base/Bandit_Suicide_FireShip_Base_BanditType.asset using Guid(e2a1896a17f4ca740ba86ea5aede368e) (NativeFormatImporter) -> (artifact id: '793c0b792fd5a5a42e642d4944fccc38') in 0.0010508 seconds
Start importing Assets/C1/Prefabs/NPC/Bandits/Base/Configs/Bandit_Middle_WolfHunter_Base/Bandit_Middle_WolfHunter_Base_Patrol.asset using Guid(04ca5aeb12a51fe41af9b4325f5dc386) (NativeFormatImporter) -> (artifact id: 'ab87fd84b1647dd71e7aa81c7083e213') in 0.0010807 seconds
Start importing Assets/C1/Prefabs/NPC/Bandits/Base/Configs/Bandit_Senior_Ambusher_Base/Bandit_Senior_Ambusher_Base_BanditType.asset using Guid(350378e3a3070124aa37e7da7d1e05fb) (NativeFormatImporter) -> (artifact id: '549ea8ca40bcff6887cb5f8495185f50') in 0.0012424 seconds
Start importing Assets/C1/Prefabs/NPC/Bandits/Base/Configs/Bandit_Middle_WolfHunter_Base/Bandit_Middle_WolfHunter_Base_Movement.asset using Guid(35e84a8c241afb24c988bbba16889053) (NativeFormatImporter) -> (artifact id: '0c16b42d1ca8ca81d41fa59fc0760eb1') in 0.0010744 seconds
Start importing Assets/C1/Prefabs/NPC/Bandits/Base/Configs/Bandit_Junior_Raider_Base/Bandit_Junior_Raider_Base_Patrol.asset using Guid(7538396ccb6f8b646b71a78242d6f75b) (NativeFormatImporter) -> (artifact id: 'd7be92ce83300bcecb728bb190df7024') in 0.001033 seconds
Start importing Assets/C1/Prefabs/NPC/Bandits/Base/Configs/Bandit_Suicide_FireShip_Base/Bandit_Suicide_FireShip_Base_Health.asset using Guid(d5b0cfc5f668e7e40b5d843c612b0f2b) (NativeFormatImporter) -> (artifact id: '99d2b0755efa96830e6ddbccaf49b3b6') in 0.0009925 seconds
Start importing Assets/C1/Prefabs/NPC/Bandits/Base/Configs/Bandit_Senior_Ambusher_Base/Bandit_Senior_Ambusher_Base_Movement.asset using Guid(d5d712bc004d6dc48bacdfc22fa5fb36) (NativeFormatImporter) -> (artifact id: '4a04e45ddaf89eddd46a111761fc3c93') in 0.0010581 seconds
Start importing Assets/C1/Prefabs/NPC/Bandits/Base/Configs/Bandit_Middle_WolfHunter_Base/Bandit_Middle_WolfHunter_Base_Ram.asset using Guid(f5943e1774f0e1e49808985c35c0c807) (NativeFormatImporter) -> (artifact id: 'f0a2ac54350cfba7661c79492a3b857d') in 0.0010025 seconds
Start importing Assets/C1/Prefabs/NPC/Bandits/Base/Configs/Bandit_Senior_Ambusher_Base/Bandit_Senior_Ambusher_Base_Behavior.asset using Guid(06b0767edc3dd374586ee01f23efae98) (NativeFormatImporter) -> (artifact id: '5a6220d04078e553265032670f4c35d2') in 0.0010625 seconds
Start importing Assets/C1/Prefabs/NPC/Bandits/Base/Configs/Bandit_Junior_Raider_Base/Bandit_Junior_Raider_Base_Health.asset using Guid(66199dbcffe2fe441958488592c12b7b) (NativeFormatImporter) -> (artifact id: '058d771ee4f8fbe17e07026ae88048a3') in 0.0011733 seconds
Start importing Assets/C1/Prefabs/NPC/Bandits/Base/Configs/Bandit_Senior_Ambusher_Base/Bandit_Senior_Ambusher_Base_Shooting.asset using Guid(f6b73819bcbdc5e47b83af03cdaa7773) (NativeFormatImporter) -> (artifact id: '36f85909ed813a14838103897e5dd572') in 0.0011292 seconds
Start importing Assets/C1/Prefabs/NPC/Bandits/Base/Configs/Bandit_Suicide_FireShip_Base/Bandit_Suicide_FireShip_Base_Ram.asset using Guid(175a52d3c1ea6f346aa343bdac55e38c) (NativeFormatImporter) -> (artifact id: '713855b998db938b05ba525573242533') in 0.0010537 seconds
Start importing Assets/C1/Prefabs/NPC/Bandits/Base/Configs/Bandit_Senior_Ambusher_Base/Bandit_Senior_Ambusher_Base_Patrol.asset using Guid(a7a0f3bd98d44864fbdcf827d0f7bded) (NativeFormatImporter) -> (artifact id: '08f9a35bd02556e39986e2be08df4312') in 0.0010463 seconds
Start importing Assets/C1/Prefabs/NPC/Bandits/Base/Configs/Bandit_Middle_WolfHunter_Base/Bandit_Middle_WolfHunter_Base_Behavior.asset using Guid(b7f805e34ad054345b1c8057f9c06bf1) (NativeFormatImporter) -> (artifact id: 'dc663c9d450a71acd592b46dff7007c2') in 0.0010874 seconds
Start importing Assets/C1/Prefabs/NPC/Bandits/Base/Configs/Bandit_Suicide_FireShip_Base/Bandit_Suicide_FireShip_Base_Patrol.asset using Guid(38567b0bd9cc00540b6c8cbd0e5dab5c) (NativeFormatImporter) -> (artifact id: '38dbe6d99a10822e383b53ab314ae2d0') in 0.0014831 seconds
Start importing Assets/C1/Prefabs/NPC/Bandits/Base/Configs/Bandit_Junior_Raider_Base/Bandit_Junior_Raider_Base_Shooting.asset using Guid(88f7400e6233bea4fa28dbb52b34a7b9) (NativeFormatImporter) -> (artifact id: '3304babbfd1d0ea977beed65349b96e9') in 0.0011926 seconds
Start importing Assets/C1/Prefabs/NPC/Bandits/Base/Configs/Bandit_Junior_Raider_Base/Bandit_Junior_Raider_Base_Movement.asset using Guid(98f10faa821259940afe7ce45127978e) (NativeFormatImporter) -> (artifact id: 'fb9919c513b9b28d249b0fb7bd98dcaa') in 0.0010988 seconds
Start importing Assets/C1/Prefabs/NPC/Bandits/Base/Configs/Bandit_Suicide_FireShip_Base/Bandit_Suicide_FireShip_Base_Shooting.asset using Guid(5a66f7dd42cc0354385a6784bdd13a82) (NativeFormatImporter) -> (artifact id: '0dcd241c696994af028b88d538a0abe1') in 0.0013683 seconds
Start importing Assets/C1/Prefabs/NPC/Bandits/Base/Configs/Bandit_Junior_Raider_Base/Bandit_Junior_Raider_Base_Behavior.asset using Guid(da0cfecab029e9249a38052e3f3c8173) (NativeFormatImporter) -> (artifact id: 'ab55fa5a880e7bfe95950a5f0c6b4a38') in 0.0013223 seconds
Start importing Assets/C1/Prefabs/NPC/Bandits/Base/Configs/Bandit_Senior_Ambusher_Base/Bandit_Senior_Ambusher_Base_Ram.asset using Guid(2b82d39c707f8de488b7da64db54c0c3) (NativeFormatImporter) -> (artifact id: '344adcc01e7d09884bdb24f411c137be') in 0.0010546 seconds
Start importing Assets/C1/Prefabs/NPC/Bandits/Base/Configs/Bandit_Middle_WolfHunter_Base/Bandit_Middle_WolfHunter_Base_BanditType.asset using Guid(bb3ad3c0406a0724aae6b82b843f3109) (NativeFormatImporter) -> (artifact id: '1fef1d3e789af9240286eaca53574738') in 0.0010203 seconds
Start importing Assets/C1/Prefabs/NPC/Bandits/Base/Configs/Bandit_Senior_Ambusher_Base/Bandit_Senior_Ambusher_Base_Health.asset using Guid(7c08a51f611fbe448a950bc7df145a79) (NativeFormatImporter) -> (artifact id: 'ad00a2707e9ff86c23a08e751e4c3a02') in 0.0012148 seconds
Start importing Assets/C1/Prefabs/NPC/Bandits/Base/Configs/Bandit_Middle_WolfHunter_Base/Bandit_Middle_WolfHunter_Base_Health.asset using Guid(bc7bb7bfe8538934c9a443be3b7149a6) (NativeFormatImporter) -> (artifact id: 'f64dcd9dbdf71d251d76fb0f56e4b938') in 0.0011489 seconds
Start importing Assets/C1/Prefabs/NPC/Bandits/Base/Configs/Bandit_Junior_Raider_Base/Bandit_Junior_Raider_Base_Ram.asset using Guid(bf3d0fe43363f3144921340b9503e265) (NativeFormatImporter) -> (artifact id: 'b4763e72a4953414b8f721afd9879edc') in 0.0011103 seconds
Refreshing native plugins compatible for Editor in 1.63 ms, found 5 plugins.
Preloading 0 native plugins for Editor in 0.00 ms.
Asset Pipeline Refresh (id=967d09949fe683f45a307f5e6b2b883c): Total: 0.085 seconds - Initiated by StopAssetImportingV2(NoUpdateAssetOptions)
Asset Pipeline Refresh (id=5672f551536f2c045bacda4942b06bdc): Total: 0.008 seconds - Initiated by RefreshV2(NoUpdateAssetOptions)
Batchmode quit successfully invoked - shutting down!
[Physics::Module] Cleanup current backend.
[Physics::Module] Id: 0xf2b8ea05
Input System module state changed to: ShutdownInProgress.
Input System polling thread exited.
Input System module state changed to: Shutdown.
[Licensing::IpcConnector] LicenseClient-DSkvaer-notifications channel disconnected successfully.
[Licensing::IpcConnector] LicenseClient-DSkvaer channel disconnected successfully.
AcceleratorClientConnectionCallback - disconnected - :0
Cleanup mono
Exiting batchmode successfully now!
Exiting without the bug reporter. Application will terminate with return code 0