[Licensing::Module] Trying to connect to existing licensing client channel...
Built from '6000.3/staging' branch; Version is '6000.3.14f1 (d68c3f99a318) revision 14060607'; Using compiler version '194234433'; Build Type 'Release'
OS: 'Windows 10  (10.0.19045) 64bit Professional' Language: 'ru' Physical Memory: 32677 MB
[Licensing::IpcConnector] Channel LicenseClient-DSkvaer doesn't exist
BatchMode: 1, IsHumanControllingUs: 0, StartBugReporterOnCrash: 0, Is64bit: 1
System  architecture: x64
Process architecture: x64
Date: 2026-05-17T19:44:22Z
[Licensing::Module] Successfully launched the LicensingClient (PId: 20136)

COMMAND LINE ARGUMENTS:
H:\Unity\6.1\6000.3.14f1\Editor\Unity.exe
-batchmode
-quit
-projectPath
H:\Unity\Project\C1_DSkvaer_Game\C1_DSkvaer_Game
-executeMethod
C1.EditorTools.InventoryLootDropSetupBuilder.CreateInventoryDeathDropSetup
-logFile
H:\Unity\Project\C1_DSkvaer_Game\unity-inventory-system.log
Successfully changed project path to: H:\Unity\Project\C1_DSkvaer_Game\C1_DSkvaer_Game
H:/Unity/Project/C1_DSkvaer_Game/C1_DSkvaer_Game
[UnityMemory] Configuration Parameters - Can be set up in boot.config
    "memorysetup-temp-allocator-size-nav-mesh-worker=65536"
    "memorysetup-temp-allocator-size-audio-worker=65536"
    "memorysetup-temp-allocator-size-gfx=262144"
    "memorysetup-allocator-temp-initial-block-size-main=262144"
    "memorysetup-allocator-temp-initial-block-size-worker=262144"
    "memorysetup-temp-allocator-size-background-worker=32768"
    "memorysetup-temp-allocator-size-job-worker=262144"
    "memorysetup-temp-allocator-size-preload-manager=33554432"
    "memorysetup-temp-allocator-size-gi-baking-worker=262144"
    "memorysetup-temp-allocator-size-gi-baking-worker=262144"
    "memorysetup-temp-allocator-size-gi-baking-worker=262144"
    "memorysetup-temp-allocator-size-gi-baking-worker=262144"
    "memorysetup-temp-allocator-size-gi-baking-worker=262144"
    "memorysetup-bucket-allocator-granularity=16"
    "memorysetup-bucket-allocator-bucket-count=8"
    "memorysetup-bucket-allocator-block-size=33554432"
    "memorysetup-bucket-allocator-block-count=8"
    "memorysetup-main-allocator-block-size=16777216"
    "memorysetup-thread-allocator-block-size=16777216"
    "memorysetup-gfx-main-allocator-block-size=16777216"
    "memorysetup-gfx-thread-allocator-block-size=16777216"
    "memorysetup-cache-allocator-block-size=4194304"
    "memorysetup-typetree-allocator-block-size=2097152"
    "memorysetup-profiler-bucket-allocator-granularity=16"
    "memorysetup-profiler-bucket-allocator-bucket-count=8"
    "memorysetup-profiler-bucket-allocator-block-size=33554432"
    "memorysetup-profiler-bucket-allocator-block-count=8"
    "memorysetup-profiler-allocator-block-size=16777216"
    "memorysetup-profiler-editor-allocator-block-size=1048576"
    "memorysetup-temp-allocator-size-main=16777216"
    "memorysetup-job-temp-allocator-block-size=2097152"
    "memorysetup-job-temp-allocator-block-size-background=1048576"
    "memorysetup-job-temp-allocator-reduction-small-platforms=262144"
    "memorysetup-temp-allocator-size-cloud-worker=32768"
Player connection [7732]  Target information:

Player connection [7732]  * "[IP] 192.168.31.115 [Port] 55504 [Flags] 2 [Guid] 134026116 [EditorId] 134026116 [Version] 1048832 [Id] WindowsEditor(7,DESKTOP-CQA9PKC) [Debug] 1 [PackageName] WindowsEditor [ProjectName] Editor" 

Player connection [7732] Host joined multi-casting on [225.0.0.222:54997]...
Player connection [7732] Host joined alternative multi-casting on [225.0.0.222:34997]...
Input System module state changed to: Initialized.
[Physics::Module] Initialized fallback backend.
[Physics::Module] Id: 0xdecafbad
[Licensing::IpcConnector] Successfully connected to: "LicenseClient-DSkvaer" at "2026-05-17T19:44:22.9248802Z"
[Package Manager] Connected to IPC stream "Upm-19924" after 0.4 seconds.
[Licensing::Module] Licensing is not yet initialized.
[Licensing::Client] Handshaking with LicensingClient:
  Version:                 1.18.1+9fbee8e
  Session Id:              f0f38cc968b44a8287171f73a800ec9c
  Correlation Id:          b7ccd0bf08459910de3136a840d0b724
  External correlation Id: 8240029328877184644
  Machine Id:              1BZhsaqfCEPia+won1Da4r0w1vE=
[Licensing::Module] Successfully connected to LicensingClient on channel: "LicenseClient-DSkvaer" (connect: 0.37s, validation: 0.05s, handshake: 1.21s)
[Licensing::IpcConnector] Successfully connected to: "LicenseClient-DSkvaer-notifications" at "2026-05-17T19:44:24.1851792Z"
[Licensing::Module] Connected to LicensingClient (PId: 20136, launch time: 0.00, total connection time: 1.63s)
[Licensing::Module] Error: Access token is unavailable; failed to update
[Licensing::Client] Successfully resolved entitlement details
[Licensing::Module] License group:
  Id: 7972077664244-UnityPersXXXX
  Product: Unity Personal
  Type: Assigned
  Expiration: Unlimited
[Licensing::Client] Successfully updated license, isAsync: True, time: 0.02
[Licensing::Client] Successfully resolved entitlement details
[Licensing::Module] Licensing Background thread has ended after 1.68s
[Licensing::Module] Licensing is initialized (took 1.17s).
[Licensing::Client] Successfully resolved entitlement details
Library Redirect Path: Library/
[Physics::Module] Selected backend.
[Physics::Module] Name: PhysX
[Physics::Module] Id: 0xf2b8ea05
[Physics::Module] SDK Version: 4.1.2
[Physics::Module] Integration Version: 1.0.0
[Physics::Module] Threading Mode: Multi-Threaded
Artifact Garbage Collection - Removed 7 unused hashed content files
Refreshing native plugins compatible for Editor in 0.56 ms, found 0 plugins.
Preloading 0 native plugins for Editor in 0.00 ms.
Initialize engine version: 6000.3.14f1 (d68c3f99a318)
[Subsystems] Discovering subsystems at path H:/Unity/6.1/6000.3.14f1/Editor/Data/Resources/UnitySubsystems
[Subsystems] Discovering subsystems at path H:/Unity/Project/C1_DSkvaer_Game/C1_DSkvaer_Game/Assets
GfxDevice: creating device client; kGfxThreadingModeNonThreaded
Direct3D:
    Version:  Direct3D 11.0 [level 11.1]
    Renderer: NVIDIA GeForce GTX 1070 (ID=0x1b81)
    Vendor:   NVIDIA
    VRAM:     8067 MB
    Driver:   32.0.15.8157
Initialize mono
Mono path[0] = 'H:/Unity/6.1/6000.3.14f1/Editor/Data/Managed'
Mono path[1] = 'H:/Unity/6.1/6000.3.14f1/Editor/Data/MonoBleedingEdge/lib/mono/unityjit-win32'
Mono config path = 'H:/Unity/6.1/6000.3.14f1/Editor/Data/MonoBleedingEdge/etc'
Using monoOptions --debugger-agent=transport=dt_socket,embedding=1,server=y,suspend=n,address=127.0.0.1:56924
Using cacheserver namespaces - metadata:defaultmetadata, artifacts:defaultartifacts
Using cacheserver namespaces - metadata:defaultmetadata, artifacts:defaultartifacts
ImportWorker Server TCP listen port: 0
AcceleratorClientConnectionCallback - disconnected - :0
Begin MonoManager ReloadAssembly
Registering precompiled unity dll's ...
Register platform support module: H:/Unity/6.1/6000.3.14f1/Editor/Data/PlaybackEngines/WindowsStandaloneSupport/UnityEditor.WindowsStandalone.Extensions.dll
Registered in 0.001141 seconds.
- Loaded All Assemblies, in  0.454 seconds
Native extension for WindowsStandalone target not found
Package Manager log level set to [2]
ScheduleIndexationOnStartup MainProcess:False IndexOnStartup:True
Mono: successfully reloaded assembly
- Finished resetting the current domain, in  0.469 seconds
Domain Reload Profiling: 922ms
	BeginReloadAssembly (155ms)
		ExecutionOrderSort (0ms)
		DisableScriptedObjects (0ms)
		BackupInstance (0ms)
		ReleaseScriptingObjects (0ms)
		CreateAndSetChildDomain (20ms)
	RebuildCommonClasses (42ms)
	RebuildNativeTypeToScriptingClass (16ms)
	initialDomainReloadingComplete (47ms)
	LoadAllAssembliesAndSetupDomain (193ms)
		LoadAssemblies (135ms)
		RebuildTransferFunctionScriptingTraits (0ms)
		AnalyzeDomain (190ms)
			TypeCache.Refresh (188ms)
				TypeCache.ScanAssembly (171ms)
			BuildScriptInfoCaches (0ms)
			ResolveRequiredComponents (1ms)
	FinalizeReload (469ms)
		ReleaseScriptCaches (0ms)
		RebuildScriptCaches (0ms)
		SetupLoadedEditorAssemblies (421ms)
			LogAssemblyErrors (0ms)
			InitializePlatformSupportModulesInManaged (55ms)
			SetLoadedEditorAssemblies (6ms)
			BeforeProcessingInitializeOnLoad (103ms)
			ProcessInitializeOnLoadAttributes (160ms)
			ProcessInitializeOnLoadMethodAttributes (97ms)
			AfterProcessingInitializeOnLoad (0ms)
			EditorAssembliesLoaded (0ms)
		ExecutionOrderSort2 (0ms)
		AwakeInstancesAfterBackupRestoration (0ms)
[Licensing::Client] Successfully resolved entitlement details
Application.AssetDatabase Initial Refresh Start
[Package Manager] Restoring resolved packages state from cache
[Licensing::Client] Successfully resolved entitlement details
[Package Manager] Registered 67 packages:
  Packages from [https://packages.unity.com]:
    com.unity.2d.animation@13.0.4 (location: H:\Unity\Project\C1_DSkvaer_Game\C1_DSkvaer_Game\Library\PackageCache\com.unity.2d.animation@7396d8477ca9)
    com.unity.2d.aseprite@3.0.1 (location: H:\Unity\Project\C1_DSkvaer_Game\C1_DSkvaer_Game\Library\PackageCache\com.unity.2d.aseprite@809e3a168ff7)
    com.unity.2d.psdimporter@12.0.1 (location: H:\Unity\Project\C1_DSkvaer_Game\C1_DSkvaer_Game\Library\PackageCache\com.unity.2d.psdimporter@9abe0f7cac7e)
    com.unity.2d.spriteshape@13.0.0 (location: H:\Unity\Project\C1_DSkvaer_Game\C1_DSkvaer_Game\Library\PackageCache\com.unity.2d.spriteshape@0738bab11647)
    com.unity.2d.tilemap.extras@6.0.1 (location: H:\Unity\Project\C1_DSkvaer_Game\C1_DSkvaer_Game\Library\PackageCache\com.unity.2d.tilemap.extras@3dde84bf3867)
    com.unity.collab-proxy@2.12.4 (location: H:\Unity\Project\C1_DSkvaer_Game\C1_DSkvaer_Game\Library\PackageCache\com.unity.collab-proxy@0b1559bcd34e)
    com.unity.ide.rider@3.0.39 (location: H:\Unity\Project\C1_DSkvaer_Game\C1_DSkvaer_Game\Library\PackageCache\com.unity.ide.rider@4504839d03f7)
    com.unity.ide.visualstudio@2.0.26 (location: H:\Unity\Project\C1_DSkvaer_Game\C1_DSkvaer_Game\Library\PackageCache\com.unity.ide.visualstudio@a99d56dec63f)
    com.unity.inputsystem@1.19.0 (location: H:\Unity\Project\C1_DSkvaer_Game\C1_DSkvaer_Game\Library\PackageCache\com.unity.inputsystem@21a28c3a6c83)
    com.unity.timeline@1.8.12 (location: H:\Unity\Project\C1_DSkvaer_Game\C1_DSkvaer_Game\Library\PackageCache\com.unity.timeline@8cd8509afae5)
    com.unity.visualscripting@1.9.11 (location: H:\Unity\Project\C1_DSkvaer_Game\C1_DSkvaer_Game\Library\PackageCache\com.unity.visualscripting@8bed5ad90189)
    com.unity.2d.common@12.0.2 (location: H:\Unity\Project\C1_DSkvaer_Game\C1_DSkvaer_Game\Library\PackageCache\com.unity.2d.common@800085e896ad)
    com.unity.mathematics@1.3.3 (location: H:\Unity\Project\C1_DSkvaer_Game\C1_DSkvaer_Game\Library\PackageCache\com.unity.mathematics@19a9377c4ffa)
    com.unity.collections@2.6.5 (location: H:\Unity\Project\C1_DSkvaer_Game\C1_DSkvaer_Game\Library\PackageCache\com.unity.collections@12999e356c23)
    com.unity.searcher@4.9.4 (location: H:\Unity\Project\C1_DSkvaer_Game\C1_DSkvaer_Game\Library\PackageCache\com.unity.searcher@d45a78918735)
    com.unity.burst@1.8.29 (location: H:\Unity\Project\C1_DSkvaer_Game\C1_DSkvaer_Game\Library\PackageCache\com.unity.burst@6bb9aca3ef38)
    com.unity.nuget.mono-cecil@1.11.6 (location: H:\Unity\Project\C1_DSkvaer_Game\C1_DSkvaer_Game\Library\PackageCache\com.unity.nuget.mono-cecil@ecb9724e46ff)
    com.unity.test-framework.performance@3.4.0 (location: H:\Unity\Project\C1_DSkvaer_Game\C1_DSkvaer_Game\Library\PackageCache\com.unity.test-framework.performance@aa81a99c4a75)
  Built-in packages:
    com.unity.2d.sprite@1.0.0 (location: H:\Unity\Project\C1_DSkvaer_Game\C1_DSkvaer_Game\Library\PackageCache\com.unity.2d.sprite@d14b9d497a24)
    com.unity.2d.tilemap@1.0.0 (location: H:\Unity\Project\C1_DSkvaer_Game\C1_DSkvaer_Game\Library\PackageCache\com.unity.2d.tilemap@43eb9b2da17d)
    com.unity.multiplayer.center@1.0.1 (location: H:\Unity\Project\C1_DSkvaer_Game\C1_DSkvaer_Game\Library\PackageCache\com.unity.multiplayer.center@f01f4ba8d00a)
    com.unity.render-pipelines.universal@17.3.0 (location: H:\Unity\Project\C1_DSkvaer_Game\C1_DSkvaer_Game\Library\PackageCache\com.unity.render-pipelines.universal@3b809f23691d)
    com.unity.test-framework@1.6.0 (location: H:\Unity\Project\C1_DSkvaer_Game\C1_DSkvaer_Game\Library\PackageCache\com.unity.test-framework@aebcb98460c6)
    com.unity.ugui@2.0.0 (location: H:\Unity\Project\C1_DSkvaer_Game\C1_DSkvaer_Game\Library\PackageCache\com.unity.ugui@8ccc29d23a79)
    com.unity.modules.accessibility@1.0.0 (location: H:\Unity\Project\C1_DSkvaer_Game\C1_DSkvaer_Game\Library\PackageCache\com.unity.modules.accessibility)
    com.unity.modules.adaptiveperformance@1.0.0 (location: H:\Unity\Project\C1_DSkvaer_Game\C1_DSkvaer_Game\Library\PackageCache\com.unity.modules.adaptiveperformance)
    com.unity.modules.ai@1.0.0 (location: H:\Unity\Project\C1_DSkvaer_Game\C1_DSkvaer_Game\Library\PackageCache\com.unity.modules.ai)
    com.unity.modules.androidjni@1.0.0 (location: H:\Unity\Project\C1_DSkvaer_Game\C1_DSkvaer_Game\Library\PackageCache\com.unity.modules.androidjni)
    com.unity.modules.animation@1.0.0 (location: H:\Unity\Project\C1_DSkvaer_Game\C1_DSkvaer_Game\Library\PackageCache\com.unity.modules.animation)
    com.unity.modules.assetbundle@1.0.0 (location: H:\Unity\Project\C1_DSkvaer_Game\C1_DSkvaer_Game\Library\PackageCache\com.unity.modules.assetbundle)
    com.unity.modules.audio@1.0.0 (location: H:\Unity\Project\C1_DSkvaer_Game\C1_DSkvaer_Game\Library\PackageCache\com.unity.modules.audio)
    com.unity.modules.cloth@1.0.0 (location: H:\Unity\Project\C1_DSkvaer_Game\C1_DSkvaer_Game\Library\PackageCache\com.unity.modules.cloth)
    com.unity.modules.director@1.0.0 (location: H:\Unity\Project\C1_DSkvaer_Game\C1_DSkvaer_Game\Library\PackageCache\com.unity.modules.director)
    com.unity.modules.imageconversion@1.0.0 (location: H:\Unity\Project\C1_DSkvaer_Game\C1_DSkvaer_Game\Library\PackageCache\com.unity.modules.imageconversion)
    com.unity.modules.imgui@1.0.0 (location: H:\Unity\Project\C1_DSkvaer_Game\C1_DSkvaer_Game\Library\PackageCache\com.unity.modules.imgui)
    com.unity.modules.jsonserialize@1.0.0 (location: H:\Unity\Project\C1_DSkvaer_Game\C1_DSkvaer_Game\Library\PackageCache\com.unity.modules.jsonserialize)
    com.unity.modules.particlesystem@1.0.0 (location: H:\Unity\Project\C1_DSkvaer_Game\C1_DSkvaer_Game\Library\PackageCache\com.unity.modules.particlesystem)
    com.unity.modules.physics@1.0.0 (location: H:\Unity\Project\C1_DSkvaer_Game\C1_DSkvaer_Game\Library\PackageCache\com.unity.modules.physics)
    com.unity.modules.physics2d@1.0.0 (location: H:\Unity\Project\C1_DSkvaer_Game\C1_DSkvaer_Game\Library\PackageCache\com.unity.modules.physics2d)
    com.unity.modules.screencapture@1.0.0 (location: H:\Unity\Project\C1_DSkvaer_Game\C1_DSkvaer_Game\Library\PackageCache\com.unity.modules.screencapture)
    com.unity.modules.terrain@1.0.0 (location: H:\Unity\Project\C1_DSkvaer_Game\C1_DSkvaer_Game\Library\PackageCache\com.unity.modules.terrain)
    com.unity.modules.terrainphysics@1.0.0 (location: H:\Unity\Project\C1_DSkvaer_Game\C1_DSkvaer_Game\Library\PackageCache\com.unity.modules.terrainphysics)
    com.unity.modules.tilemap@1.0.0 (location: H:\Unity\Project\C1_DSkvaer_Game\C1_DSkvaer_Game\Library\PackageCache\com.unity.modules.tilemap)
    com.unity.modules.ui@1.0.0 (location: H:\Unity\Project\C1_DSkvaer_Game\C1_DSkvaer_Game\Library\PackageCache\com.unity.modules.ui)
    com.unity.modules.uielements@1.0.0 (location: H:\Unity\Project\C1_DSkvaer_Game\C1_DSkvaer_Game\Library\PackageCache\com.unity.modules.uielements)
    com.unity.modules.umbra@1.0.0 (location: H:\Unity\Project\C1_DSkvaer_Game\C1_DSkvaer_Game\Library\PackageCache\com.unity.modules.umbra)
    com.unity.modules.unityanalytics@1.0.0 (location: H:\Unity\Project\C1_DSkvaer_Game\C1_DSkvaer_Game\Library\PackageCache\com.unity.modules.unityanalytics)
    com.unity.modules.unitywebrequest@1.0.0 (location: H:\Unity\Project\C1_DSkvaer_Game\C1_DSkvaer_Game\Library\PackageCache\com.unity.modules.unitywebrequest)
    com.unity.modules.unitywebrequestassetbundle@1.0.0 (location: H:\Unity\Project\C1_DSkvaer_Game\C1_DSkvaer_Game\Library\PackageCache\com.unity.modules.unitywebrequestassetbundle)
    com.unity.modules.unitywebrequestaudio@1.0.0 (location: H:\Unity\Project\C1_DSkvaer_Game\C1_DSkvaer_Game\Library\PackageCache\com.unity.modules.unitywebrequestaudio)
    com.unity.modules.unitywebrequesttexture@1.0.0 (location: H:\Unity\Project\C1_DSkvaer_Game\C1_DSkvaer_Game\Library\PackageCache\com.unity.modules.unitywebrequesttexture)
    com.unity.modules.unitywebrequestwww@1.0.0 (location: H:\Unity\Project\C1_DSkvaer_Game\C1_DSkvaer_Game\Library\PackageCache\com.unity.modules.unitywebrequestwww)
    com.unity.modules.vectorgraphics@1.0.0 (location: H:\Unity\Project\C1_DSkvaer_Game\C1_DSkvaer_Game\Library\PackageCache\com.unity.modules.vectorgraphics)
    com.unity.modules.vehicles@1.0.0 (location: H:\Unity\Project\C1_DSkvaer_Game\C1_DSkvaer_Game\Library\PackageCache\com.unity.modules.vehicles)
    com.unity.modules.video@1.0.0 (location: H:\Unity\Project\C1_DSkvaer_Game\C1_DSkvaer_Game\Library\PackageCache\com.unity.modules.video)
    com.unity.modules.vr@1.0.0 (location: H:\Unity\Project\C1_DSkvaer_Game\C1_DSkvaer_Game\Library\PackageCache\com.unity.modules.vr)
    com.unity.modules.wind@1.0.0 (location: H:\Unity\Project\C1_DSkvaer_Game\C1_DSkvaer_Game\Library\PackageCache\com.unity.modules.wind)
    com.unity.modules.xr@1.0.0 (location: H:\Unity\Project\C1_DSkvaer_Game\C1_DSkvaer_Game\Library\PackageCache\com.unity.modules.xr)
    com.unity.modules.subsystems@1.0.0 (location: H:\Unity\Project\C1_DSkvaer_Game\C1_DSkvaer_Game\Library\PackageCache\com.unity.modules.subsystems)
    com.unity.modules.hierarchycore@1.0.0 (location: H:\Unity\Project\C1_DSkvaer_Game\C1_DSkvaer_Game\Library\PackageCache\com.unity.modules.hierarchycore)
    com.unity.ext.nunit@2.0.5 (location: H:\Unity\Project\C1_DSkvaer_Game\C1_DSkvaer_Game\Library\PackageCache\com.unity.ext.nunit@d8c07649098d)
    com.unity.render-pipelines.core@17.3.0 (location: H:\Unity\Project\C1_DSkvaer_Game\C1_DSkvaer_Game\Library\PackageCache\com.unity.render-pipelines.core@02dfbe8e43de)
    com.unity.shadergraph@17.3.0 (location: H:\Unity\Project\C1_DSkvaer_Game\C1_DSkvaer_Game\Library\PackageCache\com.unity.shadergraph@28ee1cc75774)
    com.unity.render-pipelines.universal-config@17.0.3 (location: H:\Unity\Project\C1_DSkvaer_Game\C1_DSkvaer_Game\Library\PackageCache\com.unity.render-pipelines.universal-config@8dc1aab4af1d)
  Git packages:
    com.esotericsoftware.spine.spine-csharp@https://github.com/EsotericSoftware/spine-runtimes.git?path=spine-csharp/src#4.2 (location: H:\Unity\Project\C1_DSkvaer_Game\C1_DSkvaer_Game\Library\PackageCache\com.esotericsoftware.spine.spine-csharp@37cd8452689e)
    com.esotericsoftware.spine.spine-unity@https://github.com/EsotericSoftware/spine-runtimes.git?path=spine-unity/Assets/Spine#4.2 (location: H:\Unity\Project\C1_DSkvaer_Game\C1_DSkvaer_Game\Library\PackageCache\com.esotericsoftware.spine.spine-unity@40ef011498d2)
    com.esotericsoftware.spine.urp-shaders@https://github.com/EsotericSoftware/spine-runtimes.git?path=spine-unity/Modules/com.esotericsoftware.spine.urp-shaders#4.2 (location: H:\Unity\Project\C1_DSkvaer_Game\C1_DSkvaer_Game\Library\PackageCache\com.esotericsoftware.spine.urp-shaders@775af2d7ea49)
[Subsystems] No new subsystems found in resolved package list.
[Package Manager] Done registering packages in 0.02 seconds
[ScriptCompilation] Requested script compilation because: Assetdatabase observed changes in script compilation related files
Starting: H:\Unity\6.1\6000.3.14f1\Editor\Data\Tools\BuildPipeline\bee_backend.exe --ipc --defer-dag-verification --dagfile="Library/Bee/1900b0aEDbg.dag" --continue-on-failure --profile="Library/Bee/backend1.traceevents" ScriptAssemblies
WorkingDir: H:/Unity/Project/C1_DSkvaer_Game/C1_DSkvaer_Game
DisplayProgressbar: Compiling Scripts
Starting: H:\Unity\6.1\6000.3.14f1\Editor\Data\netcorerun\netcorerun.exe "H:\Unity\6.1\6000.3.14f1\Editor\Data\Tools\BuildPipeline\ScriptCompilationBuildProgram.exe" "Library/Bee/1900b0aEDbg.dag.json" "Library/Bee/1900b0aEDbg-inputdata.json" "Library\Bee\buildprogram0.traceevents"
WorkingDir: H:/Unity/Project/C1_DSkvaer_Game/C1_DSkvaer_Game
ExitCode: 4 Duration: 1s758ms
[ 821/1061  0s] ILPP-Configuration Library/ilpp-configuration.nevergeneratedoutput
Rebuilding DAG because FileSignature timestamp changed: Library/Bee/1900b0aEDbg-inputdata.json
*** Tundra requires additional run (1.73 seconds), 2 items updated, 1052 evaluated
ExitCode: 0 Duration: 0s777ms
Starting: H:\Unity\6.1\6000.3.14f1\Editor\Data\Tools\BuildPipeline\bee_backend.exe --ipc --defer-dag-verification --dagfile="Library/Bee/1900b0aEDbg.dag" --continue-on-failure --dagfilejson="Library\Bee\1900b0aEDbg.dag.json" --profile="Library/Bee/backend2.traceevents" ScriptAssemblies
WorkingDir: H:/Unity/Project/C1_DSkvaer_Game/C1_DSkvaer_Game
ExitCode: 3 Duration: 0s899ms
Finished compiling graph: 1065 nodes, 20462 flattened edges (16762 ToBuild, 170 ToUse), maximum node priority 1202
[ 573/1061  0s] WriteText Library/Bee/artifacts/1900b0aEDbg.dag/Assembly-CSharp.rsp
[ 821/1061  0s] ILPP-Configuration Library/ilpp-configuration.nevergeneratedoutput
[1053/1061  0s] Csc Library/Bee/artifacts/1900b0aEDbg.dag/Assembly-CSharp.dll (+2 others)
##### CommandLine
"H:\Unity\6.1\6000.3.14f1\Editor\Data\NetCoreRuntime\dotnet.exe" exec "H:/Unity/6.1/6000.3.14f1/Editor/Data/DotNetSdkRoslyn/csc.dll" /nostdlib /noconfig /shared "@Library/Bee/artifacts/1900b0aEDbg.dag/Assembly-CSharp.rsp" "@Library/Bee/artifacts/1900b0aEDbg.dag/Assembly-CSharp.rsp2"
##### Contents of Library\Bee\artifacts\1900b0aEDbg.dag\Assembly-CSharp.rsp
-target:library
-out:"Library/Bee/artifacts/1900b0aEDbg.dag/Assembly-CSharp.dll"
-refout:"Library/Bee/artifacts/1900b0aEDbg.dag/Assembly-CSharp.ref.dll"
-define:UNITY_6000_3_14
-define:UNITY_6000_3
-define:UNITY_6000
-define:UNITY_5_3_OR_NEWER
-define:UNITY_5_4_OR_NEWER
-define:UNITY_5_5_OR_NEWER
-define:UNITY_5_6_OR_NEWER
-define:UNITY_2017_1_OR_NEWER
-define:UNITY_2017_2_OR_NEWER
-define:UNITY_2017_3_OR_NEWER
-define:UNITY_2017_4_OR_NEWER
-define:UNITY_2018_1_OR_NEWER
-define:UNITY_2018_2_OR_NEWER
-define:UNITY_2018_3_OR_NEWER
-define:UNITY_2018_4_OR_NEWER
-define:UNITY_2019_1_OR_NEWER
-define:UNITY_2019_2_OR_NEWER
-define:UNITY_2019_3_OR_NEWER
-define:UNITY_2019_4_OR_NEWER
-define:UNITY_2020_1_OR_NEWER
-define:UNITY_2020_2_OR_NEWER
-define:UNITY_2020_3_OR_NEWER
-define:UNITY_2021_1_OR_NEWER
-define:UNITY_2021_2_OR_NEWER
-define:UNITY_2021_3_OR_NEWER
-define:UNITY_2022_1_OR_NEWER
-define:UNITY_2022_2_OR_NEWER
-define:UNITY_2022_3_OR_NEWER
-define:UNITY_2023_1_OR_NEWER
-define:UNITY_2023_2_OR_NEWER
-define:UNITY_2023_3_OR_NEWER
-define:UNITY_6000_0_OR_NEWER
-define:UNITY_6000_1_OR_NEWER
-define:UNITY_6000_2_OR_NEWER
-define:UNITY_6000_3_OR_NEWER
-define:PLATFORM_ARCH_64
-define:UNITY_64
-define:UNITY_INCLUDE_TESTS
-define:ENABLE_AR
-define:ENABLE_AUDIO
-define:ENABLE_AUDIO_SCRIPTABLE_PIPELINE
-define:ENABLE_CACHING
-define:ENABLE_CLOTH
-define:ENABLE_EVENT_QUEUE
-define:ENABLE_MICROPHONE
-define:ENABLE_MULTIPLE_DISPLAYS
-define:ENABLE_PHYSICS
-define:ENABLE_TEXTURE_STREAMING
-define:ENABLE_VIRTUALTEXTURING
-define:ENABLE_LZMA
-define:ENABLE_UNITYEVENTS
-define:ENABLE_VR
-define:ENABLE_WEBCAM
-define:ENABLE_UNITYWEBREQUEST
-define:ENABLE_WWW
-define:ENABLE_CLOUD_SERVICES
-define:ENABLE_CLOUD_SERVICES_ADS
-define:ENABLE_CLOUD_SERVICES_USE_WEBREQUEST
-define:ENABLE_UNITY_CONSENT
-define:ENABLE_UNITY_CLOUD_IDENTIFIERS
-define:ENABLE_CLOUD_SERVICES_CRASH_REPORTING
-define:ENABLE_CLOUD_SERVICES_NATIVE_CRASH_REPORTING
-define:ENABLE_CLOUD_SERVICES_PURCHASING
-define:ENABLE_CLOUD_SERVICES_ANALYTICS
-define:ENABLE_CLOUD_SERVICES_BUILD
-define:ENABLE_EDITOR_GAME_SERVICES
-define:ENABLE_UNITY_GAME_SERVICES_ANALYTICS_SUPPORT
-define:ENABLE_CLOUD_LICENSE
-define:ENABLE_EDITOR_HUB_LICENSE
-define:ENABLE_WEBSOCKET_CLIENT
-define:ENABLE_GENERATE_NATIVE_PLUGINS_FOR_ASSEMBLIES_API
-define:ENABLE_DIRECTOR_AUDIO
-define:ENABLE_DIRECTOR_TEXTURE
-define:ENABLE_MANAGED_JOBS
-define:ENABLE_MANAGED_TRANSFORM_JOBS
-define:ENABLE_MANAGED_ANIMATION_JOBS
-define:ENABLE_MANAGED_AUDIO_JOBS
-define:ENABLE_MANAGED_UNITYTLS
-define:INCLUDE_DYNAMIC_GI
-define:ENABLE_SCRIPTING_GC_WBARRIERS
-define:PLATFORM_SUPPORTS_MONO
-define:RENDER_SOFTWARE_CURSOR
-define:ENABLE_MARSHALLING_TESTS
-define:ENABLE_VIDEO
-define:ENABLE_NAVIGATION_OFFMESHLINK_TO_NAVMESHLINK
-define:ENABLE_ACCELERATOR_CLIENT_DEBUGGING
-define:ENABLE_ACCESSIBILITY_SCREEN_READER
-define:TEXTCORE_1_0_OR_NEWER
-define:EDITOR_ONLY_NAVMESH_BUILDER_DEPRECATED
-define:PLATFORM_STANDALONE_WIN
-define:PLATFORM_STANDALONE
-define:UNITY_STANDALONE_WIN
-define:UNITY_STANDALONE
-define:ENABLE_RUNTIME_GI
-define:ENABLE_MOVIES
-define:ENABLE_NETWORK
-define:ENABLE_NVIDIA
-define:ENABLE_AMD
-define:ENABLE_CRUNCH_TEXTURE_COMPRESSION
-define:ENABLE_CLOUD_SERVICES_ENGINE_DIAGNOSTICS
-define:ENABLE_OUT_OF_PROCESS_CRASH_HANDLER
-define:ENABLE_CLUSTER_SYNC
-define:ENABLE_CLUSTERINPUT
-define:PLATFORM_UPDATES_TIME_OUTSIDE_OF_PLAYER_LOOP
-define:GFXDEVICE_WAITFOREVENT_MESSAGEPUMP
-define:PLATFORM_USES_EXPLICIT_MEMORY_MANAGER_INITIALIZER
-define:PLATFORM_SUPPORTS_WAIT_FOR_PRESENTATION
-define:PLATFORM_SUPPORTS_SPLIT_GRAPHICS_JOBS
-define:ENABLE_MONO
-define:NET_STANDARD_2_0
-define:NET_STANDARD
-define:NET_STANDARD_2_1
-define:NETSTANDARD
-define:NETSTANDARD2_1
-define:ENABLE_PROFILER
-define:DEBUG
-define:TRACE
-define:UNITY_ASSERTIONS
-define:UNITY_EDITOR
-define:UNITY_EDITOR_64
-define:UNITY_EDITOR_WIN
-define:ENABLE_UNITY_COLLECTIONS_CHECKS
-define:ENABLE_BURST_AOT
-define:UNITY_TEAM_LICENSE
-define:ENABLE_CUSTOM_RENDER_TEXTURE
-define:ENABLE_DIRECTOR
-define:ENABLE_LOCALIZATION
-define:ENABLE_SPRITES
-define:ENABLE_TERRAIN
-define:ENABLE_TILEMAP
-define:ENABLE_TIMELINE
-define:ENABLE_INPUT_SYSTEM
-define:TEXTCORE_FONT_ENGINE_1_5_OR_NEWER
-define:TEXTCORE_TEXT_ENGINE_1_5_OR_NEWER
-define:TEXTCORE_FONT_ENGINE_1_6_OR_NEWER
-define:CSHARP_7_OR_LATER
-define:CSHARP_7_3_OR_NEWER
-r:"H:/Unity/6.1/6000.3.14f1/Editor/Data/Managed/UnityEngine/UnityEditor.AccessibilityModule.dll"
-r:"H:/Unity/6.1/6000.3.14f1/Editor/Data/Managed/UnityEngine/UnityEditor.AdaptivePerformanceModule.dll"
-r:"H:/Unity/6.1/6000.3.14f1/Editor/Data/Managed/UnityEngine/UnityEditor.AssetComplianceModule.dll"
-r:"H:/Unity/6.1/6000.3.14f1/Editor/Data/Managed/UnityEngine/UnityEditor.BuildProfileModule.dll"
-r:"H:/Unity/6.1/6000.3.14f1/Editor/Data/Managed/UnityEngine/UnityEditor.ClothModule.dll"
-r:"H:/Unity/6.1/6000.3.14f1/Editor/Data/Managed/UnityEngine/UnityEditor.CoreBusinessMetricsModule.dll"
-r:"H:/Unity/6.1/6000.3.14f1/Editor/Data/Managed/UnityEngine/UnityEditor.CoreModule.dll"
-r:"H:/Unity/6.1/6000.3.14f1/Editor/Data/Managed/UnityEngine/UnityEditor.DeviceSimulatorModule.dll"
-r:"H:/Unity/6.1/6000.3.14f1/Editor/Data/Managed/UnityEngine/UnityEditor.DiagnosticsModule.dll"
-r:"H:/Unity/6.1/6000.3.14f1/Editor/Data/Managed/UnityEngine/UnityEditor.EditorToolbarModule.dll"
-r:"H:/Unity/6.1/6000.3.14f1/Editor/Data/Managed/UnityEngine/UnityEditor.EmbreeModule.dll"
-r:"H:/Unity/6.1/6000.3.14f1/Editor/Data/Managed/UnityEngine/UnityEditor.GIModule.dll"
-r:"H:/Unity/6.1/6000.3.14f1/Editor/Data/Managed/UnityEngine/UnityEditor.GraphViewModule.dll"
-r:"H:/Unity/6.1/6000.3.14f1/Editor/Data/Managed/UnityEngine/UnityEditor.GraphicsStateCollectionSerializerModule.dll"
-r:"H:/Unity/6.1/6000.3.14f1/Editor/Data/Managed/UnityEngine/UnityEditor.GridAndSnapModule.dll"
-r:"H:/Unity/6.1/6000.3.14f1/Editor/Data/Managed/UnityEngine/UnityEditor.GridModule.dll"
-r:"H:/Unity/6.1/6000.3.14f1/Editor/Data/Managed/UnityEngine/UnityEditor.HierarchyModule.dll"
-r:"H:/Unity/6.1/6000.3.14f1/Editor/Data/Managed/UnityEngine/UnityEditor.MediaModule.dll"
-r:"H:/Unity/6.1/6000.3.14f1/Editor/Data/Managed/UnityEngine/UnityEditor.MultiplayerModule.dll"
-r:"H:/Unity/6.1/6000.3.14f1/Editor/Data/Managed/UnityEngine/UnityEditor.Physics2DModule.dll"
-r:"H:/Unity/6.1/6000.3.14f1/Editor/Data/Managed/UnityEngine/UnityEditor.PhysicsModule.dll"
-r:"H:/Unity/6.1/6000.3.14f1/Editor/Data/Managed/UnityEngine/UnityEditor.PlayModeModule.dll"
-r:"H:/Unity/6.1/6000.3.14f1/Editor/Data/Managed/UnityEngine/UnityEditor.PresetsUIModule.dll"
-r:"H:/Unity/6.1/6000.3.14f1/Editor/Data/Managed/UnityEngine/UnityEditor.PropertiesModule.dll"
-r:"H:/Unity/6.1/6000.3.14f1/Editor/Data/Managed/UnityEngine/UnityEditor.QuickInstallModule.dll"
-r:"H:/Unity/6.1/6000.3.14f1/Editor/Data/Managed/UnityEngine/UnityEditor.QuickSearchModule.dll"
-r:"H:/Unity/6.1/6000.3.14f1/Editor/Data/Managed/UnityEngine/UnityEditor.SafeModeModule.dll"
-r:"H:/Unity/6.1/6000.3.14f1/Editor/Data/Managed/UnityEngine/UnityEditor.SceneTemplateModule.dll"
-r:"H:/Unity/6.1/6000.3.14f1/Editor/Data/Managed/UnityEngine/UnityEditor.SceneViewModule.dll"
-r:"H:/Unity/6.1/6000.3.14f1/Editor/Data/Managed/UnityEngine/UnityEditor.ShaderBuildSettingsModule.dll"
-r:"H:/Unity/6.1/6000.3.14f1/Editor/Data/Managed/UnityEngine/UnityEditor.ShaderCompilationModule.dll"
-r:"H:/Unity/6.1/6000.3.14f1/Editor/Data/Managed/UnityEngine/UnityEditor.ShaderFoundryModule.dll"
-r:"H:/Unity/6.1/6000.3.14f1/Editor/Data/Managed/UnityEngine/UnityEditor.SketchUpModule.dll"
-r:"H:/Unity/6.1/6000.3.14f1/Editor/Data/Managed/UnityEngine/UnityEditor.SpriteMaskModule.dll"
-r:"H:/Unity/6.1/6000.3.14f1/Editor/Data/Managed/UnityEngine/UnityEditor.SpriteShapeModule.dll"
-r:"H:/Unity/6.1/6000.3.14f1/Editor/Data/Managed/UnityEngine/UnityEditor.SubstanceModule.dll"
-r:"H:/Unity/6.1/6000.3.14f1/Editor/Data/Managed/UnityEngine/UnityEditor.TerrainModule.dll"
-r:"H:/Unity/6.1/6000.3.14f1/Editor/Data/Managed/UnityEngine/UnityEditor.TextCoreFontEngineModule.dll"
-r:"H:/Unity/6.1/6000.3.14f1/Editor/Data/Managed/UnityEngine/UnityEditor.TextCoreTextEngineModule.dll"
-r:"H:/Unity/6.1/6000.3.14f1/Editor/Data/Managed/UnityEngine/UnityEditor.TextRenderingModule.dll"
-r:"H:/Unity/6.1/6000.3.14f1/Editor/Data/Managed/UnityEngine/UnityEditor.TilemapModule.dll"
-r:"H:/Unity/6.1/6000.3.14f1/Editor/Data/Managed/UnityEngine/UnityEditor.TreeModule.dll"
-r:"H:/Unity/6.1/6000.3.14f1/Editor/Data/Managed/UnityEngine/UnityEditor.UIAutomationModule.dll"
-r:"H:/Unity/6.1/6000.3.14f1/Editor/Data/Managed/UnityEngine/UnityEditor.UIBuilderModule.dll"
-r:"H:/Unity/6.1/6000.3.14f1/Editor/Data/Managed/UnityEngine/UnityEditor.UIElementsModule.dll"
-r:"H:/Unity/6.1/6000.3.14f1/Editor/Data/Managed/UnityEngine/UnityEditor.UIElementsSamplesModule.dll"
-r:"H:/Unity/6.1/6000.3.14f1/Editor/Data/Managed/UnityEngine/UnityEditor.UIToolkitAuthoringModule.dll"
-r:"H:/Unity/6.1/6000.3.14f1/Editor/Data/Managed/UnityEngine/UnityEditor.UmbraModule.dll"
-r:"H:/Unity/6.1/6000.3.14f1/Editor/Data/Managed/UnityEngine/UnityEditor.UnityConnectModule.dll"
-r:"H:/Unity/6.1/6000.3.14f1/Editor/Data/Managed/UnityEngine/UnityEditor.VFXModule.dll"
-r:"H:/Unity/6.1/6000.3.14f1/Editor/Data/Managed/UnityEngine/UnityEditor.VectorGraphicsModule.dll"
-r:"H:/Unity/6.1/6000.3.14f1/Editor/Data/Managed/UnityEngine/UnityEditor.VideoModule.dll"
-r:"H:/Unity/6.1/6000.3.14f1/Editor/Data/Managed/UnityEngine/UnityEditor.XRModule.dll"
-r:"H:/Unity/6.1/6000.3.14f1/Editor/Data/Managed/UnityEngine/UnityEditor.dll"
-r:"H:/Unity/6.1/6000.3.14f1/Editor/Data/Managed/UnityEngine/UnityEngine.AIModule.dll"
-r:"H:/Unity/6.1/6000.3.14f1/Editor/Data/Managed/UnityEngine/UnityEngine.ARModule.dll"
-r:"H:/Unity/6.1/6000.3.14f1/Editor/Data/Managed/UnityEngine/UnityEngine.AccessibilityModule.dll"
-r:"H:/Unity/6.1/6000.3.14f1/Editor/Data/Managed/UnityEngine/UnityEngine.AdaptivePerformanceModule.dll"
-r:"H:/Unity/6.1/6000.3.14f1/Editor/Data/Managed/UnityEngine/UnityEngine.AndroidJNIModule.dll"
-r:"H:/Unity/6.1/6000.3.14f1/Editor/Data/Managed/UnityEngine/UnityEngine.AnimationModule.dll"
-r:"H:/Unity/6.1/6000.3.14f1/Editor/Data/Managed/UnityEngine/UnityEngine.AssetBundleModule.dll"
-r:"H:/Unity/6.1/6000.3.14f1/Editor/Data/Managed/UnityEngine/UnityEngine.AudioModule.dll"
-r:"H:/Unity/6.1/6000.3.14f1/Editor/Data/Managed/UnityEngine/UnityEngine.ClothModule.dll"
-r:"H:/Unity/6.1/6000.3.14f1/Editor/Data/Managed/UnityEngine/UnityEngine.ClusterInputModule.dll"
-r:"H:/Unity/6.1/6000.3.14f1/Editor/Data/Managed/UnityEngine/UnityEngine.ClusterRendererModule.dll"
-r:"H:/Unity/6.1/6000.3.14f1/Editor/Data/Managed/UnityEngine/UnityEngine.ContentLoadModule.dll"
-r:"H:/Unity/6.1/6000.3.14f1/Editor/Data/Managed/UnityEngine/UnityEngine.CoreModule.dll"
-r:"H:/Unity/6.1/6000.3.14f1/Editor/Data/Managed/UnityEngine/UnityEngine.CrashReportingModule.dll"
-r:"H:/Unity/6.1/6000.3.14f1/Editor/Data/Managed/UnityEngine/UnityEngine.DSPGraphModule.dll"
-r:"H:/Unity/6.1/6000.3.14f1/Editor/Data/Managed/UnityEngine/UnityEngine.DirectorModule.dll"
-r:"H:/Unity/6.1/6000.3.14f1/Editor/Data/Managed/UnityEngine/UnityEngine.GIModule.dll"
-r:"H:/Unity/6.1/6000.3.14f1/Editor/Data/Managed/UnityEngine/UnityEngine.GameCenterModule.dll"
-r:"H:/Unity/6.1/6000.3.14f1/Editor/Data/Managed/UnityEngine/UnityEngine.GraphicsStateCollectionSerializerModule.dll"
-r:"H:/Unity/6.1/6000.3.14f1/Editor/Data/Managed/UnityEngine/UnityEngine.GridModule.dll"
-r:"H:/Unity/6.1/6000.3.14f1/Editor/Data/Managed/UnityEngine/UnityEngine.HierarchyCoreModule.dll"
-r:"H:/Unity/6.1/6000.3.14f1/Editor/Data/Managed/UnityEngine/UnityEngine.HotReloadModule.dll"
-r:"H:/Unity/6.1/6000.3.14f1/Editor/Data/Managed/UnityEngine/UnityEngine.IMGUIModule.dll"
-r:"H:/Unity/6.1/6000.3.14f1/Editor/Data/Managed/UnityEngine/UnityEngine.IdentifiersModule.dll"
-r:"H:/Unity/6.1/6000.3.14f1/Editor/Data/Managed/UnityEngine/UnityEngine.ImageConversionModule.dll"
-r:"H:/Unity/6.1/6000.3.14f1/Editor/Data/Managed/UnityEngine/UnityEngine.InputForUIModule.dll"
-r:"H:/Unity/6.1/6000.3.14f1/Editor/Data/Managed/UnityEngine/UnityEngine.InputLegacyModule.dll"
-r:"H:/Unity/6.1/6000.3.14f1/Editor/Data/Managed/UnityEngine/UnityEngine.InputModule.dll"
-r:"H:/Unity/6.1/6000.3.14f1/Editor/Data/Managed/UnityEngine/UnityEngine.InsightsModule.dll"
-r:"H:/Unity/6.1/6000.3.14f1/Editor/Data/Managed/UnityEngine/UnityEngine.JSONSerializeModule.dll"
-r:"H:/Unity/6.1/6000.3.14f1/Editor/Data/Managed/UnityEngine/UnityEngine.LocalizationModule.dll"
-r:"H:/Unity/6.1/6000.3.14f1/Editor/Data/Managed/UnityEngine/UnityEngine.MarshallingModule.dll"
-r:"H:/Unity/6.1/6000.3.14f1/Editor/Data/Managed/UnityEngine/UnityEngine.MultiplayerModule.dll"
-r:"H:/Unity/6.1/6000.3.14f1/Editor/Data/Managed/UnityEngine/UnityEngine.ParticleSystemModule.dll"
-r:"H:/Unity/6.1/6000.3.14f1/Editor/Data/Managed/UnityEngine/UnityEngine.PerformanceReportingModule.dll"
-r:"H:/Unity/6.1/6000.3.14f1/Editor/Data/Managed/UnityEngine/UnityEngine.Physics2DModule.dll"
-r:"H:/Unity/6.1/6000.3.14f1/Editor/Data/Managed/UnityEngine/UnityEngine.PhysicsBackendPhysXModule.dll"
-r:"H:/Unity/6.1/6000.3.14f1/Editor/Data/Managed/UnityEngine/UnityEngine.PhysicsModule.dll"
-r:"H:/Unity/6.1/6000.3.14f1/Editor/Data/Managed/UnityEngine/UnityEngine.PropertiesModule.dll"
-r:"H:/Unity/6.1/6000.3.14f1/Editor/Data/Managed/UnityEngine/UnityEngine.RenderAs2DModule.dll"
-r:"H:/Unity/6.1/6000.3.14f1/Editor/Data/Managed/UnityEngine/UnityEngine.RuntimeInitializeOnLoadManagerInitializerModule.dll"
-r:"H:/Unity/6.1/6000.3.14f1/Editor/Data/Managed/UnityEngine/UnityEngine.ScreenCaptureModule.dll"
-r:"H:/Unity/6.1/6000.3.14f1/Editor/Data/Managed/UnityEngine/UnityEngine.ShaderRuntimeModule.dll"
-r:"H:/Unity/6.1/6000.3.14f1/Editor/Data/Managed/UnityEngine/UnityEngine.ShaderVariantAnalyticsModule.dll"
-r:"H:/Unity/6.1/6000.3.14f1/Editor/Data/Managed/UnityEngine/UnityEngine.SharedInternalsModule.dll"
-r:"H:/Unity/6.1/6000.3.14f1/Editor/Data/Managed/UnityEngine/UnityEngine.SpriteMaskModule.dll"
-r:"H:/Unity/6.1/6000.3.14f1/Editor/Data/Managed/UnityEngine/UnityEngine.SpriteShapeModule.dll"
-r:"H:/Unity/6.1/6000.3.14f1/Editor/Data/Managed/UnityEngine/UnityEngine.StreamingModule.dll"
-r:"H:/Unity/6.1/6000.3.14f1/Editor/Data/Managed/UnityEngine/UnityEngine.SubstanceModule.dll"
-r:"H:/Unity/6.1/6000.3.14f1/Editor/Data/Managed/UnityEngine/UnityEngine.SubsystemsModule.dll"
-r:"H:/Unity/6.1/6000.3.14f1/Editor/Data/Managed/UnityEngine/UnityEngine.TLSModule.dll"
-r:"H:/Unity/6.1/6000.3.14f1/Editor/Data/Managed/UnityEngine/UnityEngine.TerrainModule.dll"
-r:"H:/Unity/6.1/6000.3.14f1/Editor/Data/Managed/UnityEngine/UnityEngine.TerrainPhysicsModule.dll"
-r:"H:/Unity/6.1/6000.3.14f1/Editor/Data/Managed/UnityEngine/UnityEngine.TextCoreFontEngineModule.dll"
-r:"H:/Unity/6.1/6000.3.14f1/Editor/Data/Managed/UnityEngine/UnityEngine.TextCoreTextEngineModule.dll"
-r:"H:/Unity/6.1/6000.3.14f1/Editor/Data/Managed/UnityEngine/UnityEngine.TextRenderingModule.dll"
-r:"H:/Unity/6.1/6000.3.14f1/Editor/Data/Managed/UnityEngine/UnityEngine.TilemapModule.dll"
-r:"H:/Unity/6.1/6000.3.14f1/Editor/Data/Managed/UnityEngine/UnityEngine.UIElementsModule.dll"
-r:"H:/Unity/6.1/6000.3.14f1/Editor/Data/Managed/UnityEngine/UnityEngine.UIModule.dll"
-r:"H:/Unity/6.1/6000.3.14f1/Editor/Data/Managed/UnityEngine/UnityEngine.UmbraModule.dll"
-r:"H:/Unity/6.1/6000.3.14f1/Editor/Data/Managed/UnityEngine/UnityEngine.UnityAnalyticsCommonModule.dll"
-r:"H:/Unity/6.1/6000.3.14f1/Editor/Data/Managed/UnityEngine/UnityEngine.UnityAnalyticsModule.dll"
-r:"H:/Unity/6.1/6000.3.14f1/Editor/Data/Managed/UnityEngine/UnityEngine.UnityConnectModule.dll"
-r:"H:/Unity/6.1/6000.3.14f1/Editor/Data/Managed/UnityEngine/UnityEngine.UnityConsentModule.dll"
-r:"H:/Unity/6.1/6000.3.14f1/Editor/Data/Managed/UnityEngine/UnityEngine.UnityCurlModule.dll"
-r:"H:/Unity/6.1/6000.3.14f1/Editor/Data/Managed/UnityEngine/UnityEngine.UnityWebRequestAssetBundleModule.dll"
-r:"H:/Unity/6.1/6000.3.14f1/Editor/Data/Managed/UnityEngine/UnityEngine.UnityWebRequestAudioModule.dll"
-r:"H:/Unity/6.1/6000.3.14f1/Editor/Data/Managed/UnityEngine/UnityEngine.UnityWebRequestModule.dll"
-r:"H:/Unity/6.1/6000.3.14f1/Editor/Data/Managed/UnityEngine/UnityEngine.UnityWebRequestTextureModule.dll"
-r:"H:/Unity/6.1/6000.3.14f1/Editor/Data/Managed/UnityEngine/UnityEngine.UnityWebRequestWWWModule.dll"
-r:"H:/Unity/6.1/6000.3.14f1/Editor/Data/Managed/UnityEngine/UnityEngine.VFXModule.dll"
-r:"H:/Unity/6.1/6000.3.14f1/Editor/Data/Managed/UnityEngine/UnityEngine.VRModule.dll"
-r:"H:/Unity/6.1/6000.3.14f1/Editor/Data/Managed/UnityEngine/UnityEngine.VectorGraphicsModule.dll"
-r:"H:/Unity/6.1/6000.3.14f1/Editor/Data/Managed/UnityEngine/UnityEngine.VehiclesModule.dll"
-r:"H:/Unity/6.1/6000.3.14f1/Editor/Data/Managed/UnityEngine/UnityEngine.VideoModule.dll"
-r:"H:/Unity/6.1/6000.3.14f1/Editor/Data/Managed/UnityEngine/UnityEngine.VirtualTexturingModule.dll"
-r:"H:/Unity/6.1/6000.3.14f1/Editor/Data/Managed/UnityEngine/UnityEngine.WindModule.dll"
-r:"H:/Unity/6.1/6000.3.14f1/Editor/Data/Managed/UnityEngine/UnityEngine.XRModule.dll"
-r:"H:/Unity/6.1/6000.3.14f1/Editor/Data/Managed/UnityEngine/UnityEngine.dll"
-r:"H:/Unity/6.1/6000.3.14f1/Editor/Data/NetStandard/Extensions/2.0.0/System.Runtime.InteropServices.WindowsRuntime.dll"
-r:"H:/Unity/6.1/6000.3.14f1/Editor/Data/NetStandard/compat/2.1.0/shims/netfx/System.ComponentModel.Composition.dll"
-r:"H:/Unity/6.1/6000.3.14f1/Editor/Data/NetStandard/compat/2.1.0/shims/netfx/System.Core.dll"
-r:"H:/Unity/6.1/6000.3.14f1/Editor/Data/NetStandard/compat/2.1.0/shims/netfx/System.Data.dll"
-r:"H:/Unity/6.1/6000.3.14f1/Editor/Data/NetStandard/compat/2.1.0/shims/netfx/System.Drawing.dll"
-r:"H:/Unity/6.1/6000.3.14f1/Editor/Data/NetStandard/compat/2.1.0/shims/netfx/System.IO.Compression.FileSystem.dll"
-r:"H:/Unity/6.1/6000.3.14f1/Editor/Data/NetStandard/compat/2.1.0/shims/netfx/System.Net.dll"
-r:"H:/Unity/6.1/6000.3.14f1/Editor/Data/NetStandard/compat/2.1.0/shims/netfx/System.Numerics.dll"
-r:"H:/Unity/6.1/6000.3.14f1/Editor/Data/NetStandard/compat/2.1.0/shims/netfx/System.Runtime.Serialization.dll"
-r:"H:/Unity/6.1/6000.3.14f1/Editor/Data/NetStandard/compat/2.1.0/shims/netfx/System.ServiceModel.Web.dll"
-r:"H:/Unity/6.1/6000.3.14f1/Editor/Data/NetStandard/compat/2.1.0/shims/netfx/System.Transactions.dll"
-r:"H:/Unity/6.1/6000.3.14f1/Editor/Data/NetStandard/compat/2.1.0/shims/netfx/System.Web.dll"
-r:"H:/Unity/6.1/6000.3.14f1/Editor/Data/NetStandard/compat/2.1.0/shims/netfx/System.Windows.dll"
-r:"H:/Unity/6.1/6000.3.14f1/Editor/Data/NetStandard/compat/2.1.0/shims/netfx/System.Xml.Linq.dll"
-r:"H:/Unity/6.1/6000.3.14f1/Editor/Data/NetStandard/compat/2.1.0/shims/netfx/System.Xml.Serialization.dll"
-r:"H:/Unity/6.1/6000.3.14f1/Editor/Data/NetStandard/compat/2.1.0/shims/netfx/System.Xml.dll"
-r:"H:/Unity/6.1/6000.3.14f1/Editor/Data/NetStandard/compat/2.1.0/shims/netfx/System.dll"
-r:"H:/Unity/6.1/6000.3.14f1/Editor/Data/NetStandard/compat/2.1.0/shims/netfx/mscorlib.dll"
-r:"H:/Unity/6.1/6000.3.14f1/Editor/Data/NetStandard/compat/2.1.0/shims/netstandard/Microsoft.Win32.Primitives.dll"
-r:"H:/Unity/6.1/6000.3.14f1/Editor/Data/NetStandard/compat/2.1.0/shims/netstandard/System.AppContext.dll"
-r:"H:/Unity/6.1/6000.3.14f1/Editor/Data/NetStandard/compat/2.1.0/shims/netstandard/System.Buffers.dll"
-r:"H:/Unity/6.1/6000.3.14f1/Editor/Data/NetStandard/compat/2.1.0/shims/netstandard/System.Collections.Concurrent.dll"
-r:"H:/Unity/6.1/6000.3.14f1/Editor/Data/NetStandard/compat/2.1.0/shims/netstandard/System.Collections.NonGeneric.dll"
-r:"H:/Unity/6.1/6000.3.14f1/Editor/Data/NetStandard/compat/2.1.0/shims/netstandard/System.Collections.Specialized.dll"
-r:"H:/Unity/6.1/6000.3.14f1/Editor/Data/NetStandard/compat/2.1.0/shims/netstandard/System.Collections.dll"
-r:"H:/Unity/6.1/6000.3.14f1/Editor/Data/NetStandard/compat/2.1.0/shims/netstandard/System.ComponentModel.EventBasedAsync.dll"
-r:"H:/Unity/6.1/6000.3.14f1/Editor/Data/NetStandard/compat/2.1.0/shims/netstandard/System.ComponentModel.Primitives.dll"
-r:"H:/Unity/6.1/6000.3.14f1/Editor/Data/NetStandard/compat/2.1.0/shims/netstandard/System.ComponentModel.TypeConverter.dll"
-r:"H:/Unity/6.1/6000.3.14f1/Editor/Data/NetStandard/compat/2.1.0/shims/netstandard/System.ComponentModel.dll"
-r:"H:/Unity/6.1/6000.3.14f1/Editor/Data/NetStandard/compat/2.1.0/shims/netstandard/System.Console.dll"
-r:"H:/Unity/6.1/6000.3.14f1/Editor/Data/NetStandard/compat/2.1.0/shims/netstandard/System.Data.Common.dll"
-r:"H:/Unity/6.1/6000.3.14f1/Editor/Data/NetStandard/compat/2.1.0/shims/netstandard/System.Diagnostics.Contracts.dll"
-r:"H:/Unity/6.1/6000.3.14f1/Editor/Data/NetStandard/compat/2.1.0/shims/netstandard/System.Diagnostics.Debug.dll"
-r:"H:/Unity/6.1/6000.3.14f1/Editor/Data/NetStandard/compat/2.1.0/shims/netstandard/System.Diagnostics.FileVersionInfo.dll"
-r:"H:/Unity/6.1/6000.3.14f1/Editor/Data/NetStandard/compat/2.1.0/shims/netstandard/System.Diagnostics.Process.dll"
-r:"H:/Unity/6.1/6000.3.14f1/Editor/Data/NetStandard/compat/2.1.0/shims/netstandard/System.Diagnostics.StackTrace.dll"
-r:"H:/Unity/6.1/6000.3.14f1/Editor/Data/NetStandard/compat/2.1.0/shims/netstandard/System.Diagnostics.TextWriterTraceListener.dll"
-r:"H:/Unity/6.1/6000.3.14f1/Editor/Data/NetStandard/compat/2.1.0/shims/netstandard/System.Diagnostics.Tools.dll"
-r:"H:/Unity/6.1/6000.3.14f1/Editor/Data/NetStandard/compat/2.1.0/shims/netstandard/System.Diagnostics.TraceSource.dll"
-r:"H:/Unity/6.1/6000.3.14f1/Editor/Data/NetStandard/compat/2.1.0/shims/netstandard/System.Diagnostics.Tracing.dll"
-r:"H:/Unity/6.1/6000.3.14f1/Editor/Data/NetStandard/compat/2.1.0/shims/netstandard/System.Drawing.Primitives.dll"
-r:"H:/Unity/6.1/6000.3.14f1/Editor/Data/NetStandard/compat/2.1.0/shims/netstandard/System.Dynamic.Runtime.dll"
-r:"H:/Unity/6.1/6000.3.14f1/Editor/Data/NetStandard/compat/2.1.0/shims/netstandard/System.Globalization.Calendars.dll"
-r:"H:/Unity/6.1/6000.3.14f1/Editor/Data/NetStandard/compat/2.1.0/shims/netstandard/System.Globalization.Extensions.dll"
-r:"H:/Unity/6.1/6000.3.14f1/Editor/Data/NetStandard/compat/2.1.0/shims/netstandard/System.Globalization.dll"
-r:"H:/Unity/6.1/6000.3.14f1/Editor/Data/NetStandard/compat/2.1.0/shims/netstandard/System.IO.Compression.ZipFile.dll"
-r:"H:/Unity/6.1/6000.3.14f1/Editor/Data/NetStandard/compat/2.1.0/shims/netstandard/System.IO.Compression.dll"
-r:"H:/Unity/6.1/6000.3.14f1/Editor/Data/NetStandard/compat/2.1.0/shims/netstandard/System.IO.FileSystem.DriveInfo.dll"
-r:"H:/Unity/6.1/6000.3.14f1/Editor/Data/NetStandard/compat/2.1.0/shims/netstandard/System.IO.FileSystem.Primitives.dll"
-r:"H:/Unity/6.1/6000.3.14f1/Editor/Data/NetStandard/compat/2.1.0/shims/netstandard/System.IO.FileSystem.Watcher.dll"
-r:"H:/Unity/6.1/6000.3.14f1/Editor/Data/NetStandard/compat/2.1.0/shims/netstandard/System.IO.FileSystem.dll"
-r:"H:/Unity/6.1/6000.3.14f1/Editor/Data/NetStandard/compat/2.1.0/shims/netstandard/System.IO.IsolatedStorage.dll"
-r:"H:/Unity/6.1/6000.3.14f1/Editor/Data/NetStandard/compat/2.1.0/shims/netstandard/System.IO.MemoryMappedFiles.dll"
-r:"H:/Unity/6.1/6000.3.14f1/Editor/Data/NetStandard/compat/2.1.0/shims/netstandard/System.IO.Pipes.dll"
-r:"H:/Unity/6.1/6000.3.14f1/Editor/Data/NetStandard/compat/2.1.0/shims/netstandard/System.IO.UnmanagedMemoryStream.dll"
-r:"H:/Unity/6.1/6000.3.14f1/Editor/Data/NetStandard/compat/2.1.0/shims/netstandard/System.IO.dll"
-r:"H:/Unity/6.1/6000.3.14f1/Editor/Data/NetStandard/compat/2.1.0/shims/netstandard/System.Linq.Expressions.dll"
-r:"H:/Unity/6.1/6000.3.14f1/Editor/Data/NetStandard/compat/2.1.0/shims/netstandard/System.Linq.Parallel.dll"
-r:"H:/Unity/6.1/6000.3.14f1/Editor/Data/NetStandard/compat/2.1.0/shims/netstandard/System.Linq.Queryable.dll"
-r:"H:/Unity/6.1/6000.3.14f1/Editor/Data/NetStandard/compat/2.1.0/shims/netstandard/System.Linq.dll"
-r:"H:/Unity/6.1/6000.3.14f1/Editor/Data/NetStandard/compat/2.1.0/shims/netstandard/System.Memory.dll"
-r:"H:/Unity/6.1/6000.3.14f1/Editor/Data/NetStandard/compat/2.1.0/shims/netstandard/System.Net.Http.dll"
-r:"H:/Unity/6.1/6000.3.14f1/Editor/Data/NetStandard/compat/2.1.0/shims/netstandard/System.Net.NameResolution.dll"
-r:"H:/Unity/6.1/6000.3.14f1/Editor/Data/NetStandard/compat/2.1.0/shims/netstandard/System.Net.NetworkInformation.dll"
-r:"H:/Unity/6.1/6000.3.14f1/Editor/Data/NetStandard/compat/2.1.0/shims/netstandard/System.Net.Ping.dll"
-r:"H:/Unity/6.1/6000.3.14f1/Editor/Data/NetStandard/compat/2.1.0/shims/netstandard/System.Net.Primitives.dll"
-r:"H:/Unity/6.1/6000.3.14f1/Editor/Data/NetStandard/compat/2.1.0/shims/netstandard/System.Net.Requests.dll"
-r:"H:/Unity/6.1/6000.3.14f1/Editor/Data/NetStandard/compat/2.1.0/shims/netstandard/System.Net.Security.dll"
-r:"H:/Unity/6.1/6000.3.14f1/Editor/Data/NetStandard/compat/2.1.0/shims/netstandard/System.Net.Sockets.dll"
-r:"H:/Unity/6.1/6000.3.14f1/Editor/Data/NetStandard/compat/2.1.0/shims/netstandard/System.Net.WebHeaderCollection.dll"
-r:"H:/Unity/6.1/6000.3.14f1/Editor/Data/NetStandard/compat/2.1.0/shims/netstandard/System.Net.WebSockets.Client.dll"
-r:"H:/Unity/6.1/6000.3.14f1/Editor/Data/NetStandard/compat/2.1.0/shims/netstandard/System.Net.WebSockets.dll"
-r:"H:/Unity/6.1/6000.3.14f1/Editor/Data/NetStandard/compat/2.1.0/shims/netstandard/System.Numerics.Vectors.dll"
-r:"H:/Unity/6.1/6000.3.14f1/Editor/Data/NetStandard/compat/2.1.0/shims/netstandard/System.ObjectModel.dll"
-r:"H:/Unity/6.1/6000.3.14f1/Editor/Data/NetStandard/compat/2.1.0/shims/netstandard/System.Reflection.DispatchProxy.dll"
-r:"H:/Unity/6.1/6000.3.14f1/Editor/Data/NetStandard/compat/2.1.0/shims/netstandard/System.Reflection.Emit.ILGeneration.dll"
-r:"H:/Unity/6.1/6000.3.14f1/Editor/Data/NetStandard/compat/2.1.0/shims/netstandard/System.Reflection.Emit.Lightweight.dll"
-r:"H:/Unity/6.1/6000.3.14f1/Editor/Data/NetStandard/compat/2.1.0/shims/netstandard/System.Reflection.Emit.dll"
-r:"H:/Unity/6.1/6000.3.14f1/Editor/Data/NetStandard/compat/2.1.0/shims/netstandard/System.Reflection.Extensions.dll"
-r:"H:/Unity/6.1/6000.3.14f1/Editor/Data/NetStandard/compat/2.1.0/shims/netstandard/System.Reflection.Primitives.dll"
-r:"H:/Unity/6.1/6000.3.14f1/Editor/Data/NetStandard/compat/2.1.0/shims/netstandard/System.Reflection.dll"
-r:"H:/Unity/6.1/6000.3.14f1/Editor/Data/NetStandard/compat/2.1.0/shims/netstandard/System.Resources.Reader.dll"
-r:"H:/Unity/6.1/6000.3.14f1/Editor/Data/NetStandard/compat/2.1.0/shims/netstandard/System.Resources.ResourceManager.dll"
-r:"H:/Unity/6.1/6000.3.14f1/Editor/Data/NetStandard/compat/2.1.0/shims/netstandard/System.Resources.Writer.dll"
-r:"H:/Unity/6.1/6000.3.14f1/Editor/Data/NetStandard/compat/2.1.0/shims/netstandard/System.Runtime.CompilerServices.VisualC.dll"
-r:"H:/Unity/6.1/6000.3.14f1/Editor/Data/NetStandard/compat/2.1.0/shims/netstandard/System.Runtime.Extensions.dll"
-r:"H:/Unity/6.1/6000.3.14f1/Editor/Data/NetStandard/compat/2.1.0/shims/netstandard/System.Runtime.Handles.dll"
-r:"H:/Unity/6.1/6000.3.14f1/Editor/Data/NetStandard/compat/2.1.0/shims/netstandard/System.Runtime.InteropServices.RuntimeInformation.dll"
-r:"H:/Unity/6.1/6000.3.14f1/Editor/Data/NetStandard/compat/2.1.0/shims/netstandard/System.Runtime.InteropServices.dll"
-r:"H:/Unity/6.1/6000.3.14f1/Editor/Data/NetStandard/compat/2.1.0/shims/netstandard/System.Runtime.Numerics.dll"
-r:"H:/Unity/6.1/6000.3.14f1/Editor/Data/NetStandard/compat/2.1.0/shims/netstandard/System.Runtime.Serialization.Formatters.dll"
-r:"H:/Unity/6.1/6000.3.14f1/Editor/Data/NetStandard/compat/2.1.0/shims/netstandard/System.Runtime.Serialization.Json.dll"
-r:"H:/Unity/6.1/6000.3.14f1/Editor/Data/NetStandard/compat/2.1.0/shims/netstandard/System.Runtime.Serialization.Primitives.dll"
-r:"H:/Unity/6.1/6000.3.14f1/Editor/Data/NetStandard/compat/2.1.0/shims/netstandard/System.Runtime.Serialization.Xml.dll"
-r:"H:/Unity/6.1/6000.3.14f1/Editor/Data/NetStandard/compat/2.1.0/shims/netstandard/System.Runtime.dll"
-r:"H:/Unity/6.1/6000.3.14f1/Editor/Data/NetStandard/compat/2.1.0/shims/netstandard/System.Security.Claims.dll"
-r:"H:/Unity/6.1/6000.3.14f1/Editor/Data/NetStandard/compat/2.1.0/shims/netstandard/System.Security.Cryptography.Algorithms.dll"
-r:"H:/Unity/6.1/6000.3.14f1/Editor/Data/NetStandard/compat/2.1.0/shims/netstandard/System.Security.Cryptography.Csp.dll"
-r:"H:/Unity/6.1/6000.3.14f1/Editor/Data/NetStandard/compat/2.1.0/shims/netstandard/System.Security.Cryptography.Encoding.dll"
-r:"H:/Unity/6.1/6000.3.14f1/Editor/Data/NetStandard/compat/2.1.0/shims/netstandard/System.Security.Cryptography.Primitives.dll"
-r:"H:/Unity/6.1/6000.3.14f1/Editor/Data/NetStandard/compat/2.1.0/shims/netstandard/System.Security.Cryptography.X509Certificates.dll"
-r:"H:/Unity/6.1/6000.3.14f1/Editor/Data/NetStandard/compat/2.1.0/shims/netstandard/System.Security.Principal.dll"
-r:"H:/Unity/6.1/6000.3.14f1/Editor/Data/NetStandard/compat/2.1.0/shims/netstandard/System.Security.SecureString.dll"
-r:"H:/Unity/6.1/6000.3.14f1/Editor/Data/NetStandard/compat/2.1.0/shims/netstandard/System.Text.Encoding.Extensions.dll"
-r:"H:/Unity/6.1/6000.3.14f1/Editor/Data/NetStandard/compat/2.1.0/shims/netstandard/System.Text.Encoding.dll"
-r:"H:/Unity/6.1/6000.3.14f1/Editor/Data/NetStandard/compat/2.1.0/shims/netstandard/System.Text.RegularExpressions.dll"
-r:"H:/Unity/6.1/6000.3.14f1/Editor/Data/NetStandard/compat/2.1.0/shims/netstandard/System.Threading.Overlapped.dll"
-r:"H:/Unity/6.1/6000.3.14f1/Editor/Data/NetStandard/compat/2.1.0/shims/netstandard/System.Threading.Tasks.Extensions.dll"
-r:"H:/Unity/6.1/6000.3.14f1/Editor/Data/NetStandard/compat/2.1.0/shims/netstandard/System.Threading.Tasks.Parallel.dll"
-r:"H:/Unity/6.1/6000.3.14f1/Editor/Data/NetStandard/compat/2.1.0/shims/netstandard/System.Threading.Tasks.dll"
-r:"H:/Unity/6.1/6000.3.14f1/Editor/Data/NetStandard/compat/2.1.0/shims/netstandard/System.Threading.Thread.dll"
-r:"H:/Unity/6.1/6000.3.14f1/Editor/Data/NetStandard/compat/2.1.0/shims/netstandard/System.Threading.ThreadPool.dll"
-r:"H:/Unity/6.1/6000.3.14f1/Editor/Data/NetStandard/compat/2.1.0/shims/netstandard/System.Threading.Timer.dll"
-r:"H:/Unity/6.1/6000.3.14f1/Editor/Data/NetStandard/compat/2.1.0/shims/netstandard/System.Threading.dll"
-r:"H:/Unity/6.1/6000.3.14f1/Editor/Data/NetStandard/compat/2.1.0/shims/netstandard/System.ValueTuple.dll"
-r:"H:/Unity/6.1/6000.3.14f1/Editor/Data/NetStandard/compat/2.1.0/shims/netstandard/System.Xml.ReaderWriter.dll"
-r:"H:/Unity/6.1/6000.3.14f1/Editor/Data/NetStandard/compat/2.1.0/shims/netstandard/System.Xml.XDocument.dll"
-r:"H:/Unity/6.1/6000.3.14f1/Editor/Data/NetStandard/compat/2.1.0/shims/netstandard/System.Xml.XPath.XDocument.dll"
-r:"H:/Unity/6.1/6000.3.14f1/Editor/Data/NetStandard/compat/2.1.0/shims/netstandard/System.Xml.XPath.dll"
-r:"H:/Unity/6.1/6000.3.14f1/Editor/Data/NetStandard/compat/2.1.0/shims/netstandard/System.Xml.XmlDocument.dll"
-r:"H:/Unity/6.1/6000.3.14f1/Editor/Data/NetStandard/compat/2.1.0/shims/netstandard/System.Xml.XmlSerializer.dll"
-r:"H:/Unity/6.1/6000.3.14f1/Editor/Data/NetStandard/ref/2.1.0/netstandard.dll"
-r:"Library/PackageCache/com.unity.collections@12999e356c23/Unity.Collections.LowLevel.ILSupport/Unity.Collections.LowLevel.ILSupport.dll"
-r:"Library/PackageCache/com.unity.collections@12999e356c23/Unity.Collections.Tests/System.IO.Hashing/System.IO.Hashing.dll"
-r:"Library/PackageCache/com.unity.collections@12999e356c23/Unity.Collections.Tests/System.Runtime.CompilerServices.Unsafe/System.Runtime.CompilerServices.Unsafe.dll"
-r:"Library/PackageCache/com.unity.ext.nunit@d8c07649098d/net40/unity-custom/nunit.framework.dll"
-r:"Library/PackageCache/com.unity.nuget.mono-cecil@ecb9724e46ff/Mono.Cecil.dll"
-r:"Library/PackageCache/com.unity.visualscripting@8bed5ad90189/Runtime/VisualScripting.Flow/Dependencies/NCalc/Unity.VisualScripting.Antlr3.Runtime.dll"
-r:"Library/Bee/artifacts/1900b0aEDbg.dag/PPv2URPConverters.ref.dll"
-r:"Library/Bee/artifacts/1900b0aEDbg.dag/PsdPlugin.ref.dll"
-r:"Library/Bee/artifacts/1900b0aEDbg.dag/spine-csharp.ref.dll"
-r:"Library/Bee/artifacts/1900b0aEDbg.dag/spine-unity-editor.ref.dll"
-r:"Library/Bee/artifacts/1900b0aEDbg.dag/spine-unity.ref.dll"
-r:"Library/Bee/artifacts/1900b0aEDbg.dag/Unity.2D.Animation.Editor.ref.dll"
-r:"Library/Bee/artifacts/1900b0aEDbg.dag/Unity.2D.Animation.Runtime.ref.dll"
-r:"Library/Bee/artifacts/1900b0aEDbg.dag/Unity.2D.Aseprite.Common.ref.dll"
-r:"Library/Bee/artifacts/1900b0aEDbg.dag/Unity.2D.Aseprite.Editor.ref.dll"
-r:"Library/Bee/artifacts/1900b0aEDbg.dag/Unity.2D.Common.Editor.ref.dll"
-r:"Library/Bee/artifacts/1900b0aEDbg.dag/Unity.2D.Common.Path.Editor.ref.dll"
-r:"Library/Bee/artifacts/1900b0aEDbg.dag/Unity.2D.Common.Runtime.ref.dll"
-r:"Library/Bee/artifacts/1900b0aEDbg.dag/Unity.2D.IK.Editor.ref.dll"
-r:"Library/Bee/artifacts/1900b0aEDbg.dag/Unity.2D.IK.Runtime.ref.dll"
-r:"Library/Bee/artifacts/1900b0aEDbg.dag/Unity.2D.Psdimporter.Editor.ref.dll"
-r:"Library/Bee/artifacts/1900b0aEDbg.dag/Unity.2D.Sprite.Editor.ref.dll"
-r:"Library/Bee/artifacts/1900b0aEDbg.dag/Unity.2D.SpriteShape.Editor.ref.dll"
-r:"Library/Bee/artifacts/1900b0aEDbg.dag/Unity.2D.SpriteShape.Runtime.ref.dll"
-r:"Library/Bee/artifacts/1900b0aEDbg.dag/Unity.2D.Tilemap.Editor.ref.dll"
-r:"Library/Bee/artifacts/1900b0aEDbg.dag/Unity.2D.Tilemap.Extras.Editor.ref.dll"
-r:"Library/Bee/artifacts/1900b0aEDbg.dag/Unity.2D.Tilemap.Extras.ref.dll"
-r:"Library/Bee/artifacts/1900b0aEDbg.dag/Unity.Burst.Editor.ref.dll"
-r:"Library/Bee/artifacts/1900b0aEDbg.dag/Unity.Burst.ref.dll"
-r:"Library/Bee/artifacts/1900b0aEDbg.dag/Unity.Collections.Editor.ref.dll"
-r:"Library/Bee/artifacts/1900b0aEDbg.dag/Unity.Collections.ref.dll"
-r:"Library/Bee/artifacts/1900b0aEDbg.dag/Unity.InputSystem.ForUI.ref.dll"
-r:"Library/Bee/artifacts/1900b0aEDbg.dag/Unity.InputSystem.ref.dll"
-r:"Library/Bee/artifacts/1900b0aEDbg.dag/Unity.InternalAPIEditorBridge.001.ref.dll"
-r:"Library/Bee/artifacts/1900b0aEDbg.dag/Unity.InternalAPIEngineBridge.001.ref.dll"
-r:"Library/Bee/artifacts/1900b0aEDbg.dag/Unity.InternalAPIEngineBridge.004.ref.dll"
-r:"Library/Bee/artifacts/1900b0aEDbg.dag/Unity.Mathematics.Editor.ref.dll"
-r:"Library/Bee/artifacts/1900b0aEDbg.dag/Unity.Mathematics.ref.dll"
-r:"Library/Bee/artifacts/1900b0aEDbg.dag/Unity.Multiplayer.Center.Common.ref.dll"
-r:"Library/Bee/artifacts/1900b0aEDbg.dag/Unity.Multiplayer.Center.Editor.ref.dll"
-r:"Library/Bee/artifacts/1900b0aEDbg.dag/Unity.PlasticSCM.Editor.ref.dll"
-r:"Library/Bee/artifacts/1900b0aEDbg.dag/Unity.Rendering.LightTransport.Editor.ref.dll"
-r:"Library/Bee/artifacts/1900b0aEDbg.dag/Unity.RenderPipeline.Universal.ShaderLibrary.ref.dll"
-r:"Library/Bee/artifacts/1900b0aEDbg.dag/Unity.RenderPipelines.Core.Editor.ref.dll"
-r:"Library/Bee/artifacts/1900b0aEDbg.dag/Unity.RenderPipelines.Core.Editor.Shared.ref.dll"
-r:"Library/Bee/artifacts/1900b0aEDbg.dag/Unity.RenderPipelines.Core.Runtime.ref.dll"
-r:"Library/Bee/artifacts/1900b0aEDbg.dag/Unity.RenderPipelines.Core.Runtime.Shared.ref.dll"
-r:"Library/Bee/artifacts/1900b0aEDbg.dag/Unity.RenderPipelines.Core.ShaderLibrary.ref.dll"
-r:"Library/Bee/artifacts/1900b0aEDbg.dag/Unity.RenderPipelines.GPUDriven.Runtime.ref.dll"
-r:"Library/Bee/artifacts/1900b0aEDbg.dag/Unity.RenderPipelines.ShaderGraph.ShaderGraphLibrary.ref.dll"
-r:"Library/Bee/artifacts/1900b0aEDbg.dag/Unity.RenderPipelines.Universal.2D.Editor.Overrides.ref.dll"
-r:"Library/Bee/artifacts/1900b0aEDbg.dag/Unity.RenderPipelines.Universal.2D.Runtime.ref.dll"
-r:"Library/Bee/artifacts/1900b0aEDbg.dag/Unity.RenderPipelines.Universal.Config.Runtime.ref.dll"
-r:"Library/Bee/artifacts/1900b0aEDbg.dag/Unity.RenderPipelines.Universal.Editor.ref.dll"
-r:"Library/Bee/artifacts/1900b0aEDbg.dag/Unity.RenderPipelines.Universal.Runtime.ref.dll"
-r:"Library/Bee/artifacts/1900b0aEDbg.dag/Unity.RenderPipelines.Universal.Shaders.ref.dll"
-r:"Library/Bee/artifacts/1900b0aEDbg.dag/Unity.Rider.Editor.ref.dll"
-r:"Library/Bee/artifacts/1900b0aEDbg.dag/Unity.Searcher.Editor.ref.dll"
-r:"Library/Bee/artifacts/1900b0aEDbg.dag/Unity.ShaderGraph.Editor.ref.dll"
-r:"Library/Bee/artifacts/1900b0aEDbg.dag/Unity.TextMeshPro.Editor.ref.dll"
-r:"Library/Bee/artifacts/1900b0aEDbg.dag/Unity.TextMeshPro.ref.dll"
-r:"Library/Bee/artifacts/1900b0aEDbg.dag/Unity.Timeline.Editor.ref.dll"
-r:"Library/Bee/artifacts/1900b0aEDbg.dag/Unity.Timeline.ref.dll"
-r:"Library/Bee/artifacts/1900b0aEDbg.dag/Unity.UnifiedRayTracing.Runtime.ref.dll"
-r:"Library/Bee/artifacts/1900b0aEDbg.dag/Unity.VisualScripting.Core.Editor.ref.dll"
-r:"Library/Bee/artifacts/1900b0aEDbg.dag/Unity.VisualScripting.Core.ref.dll"
-r:"Library/Bee/artifacts/1900b0aEDbg.dag/Unity.VisualScripting.Flow.Editor.ref.dll"
-r:"Library/Bee/artifacts/1900b0aEDbg.dag/Unity.VisualScripting.Flow.ref.dll"
-r:"Library/Bee/artifacts/1900b0aEDbg.dag/Unity.VisualScripting.SettingsProvider.Editor.ref.dll"
-r:"Library/Bee/artifacts/1900b0aEDbg.dag/Unity.VisualScripting.Shared.Editor.ref.dll"
-r:"Library/Bee/artifacts/1900b0aEDbg.dag/Unity.VisualScripting.State.Editor.ref.dll"
-r:"Library/Bee/artifacts/1900b0aEDbg.dag/Unity.VisualScripting.State.ref.dll"
-r:"Library/Bee/artifacts/1900b0aEDbg.dag/Unity.VisualStudio.Editor.ref.dll"
-r:"Library/Bee/artifacts/1900b0aEDbg.dag/UnityEditor.UI.Analytics.ref.dll"
-r:"Library/Bee/artifacts/1900b0aEDbg.dag/UnityEditor.UI.ref.dll"
-r:"Library/Bee/artifacts/1900b0aEDbg.dag/UnityEngine.UI.ref.dll"
-analyzer:"H:/Unity/6.1/6000.3.14f1/Editor/Data/Tools/BuildPipeline/Unity.SourceGenerators/Unity.Properties.SourceGenerator.dll"
-analyzer:"H:/Unity/6.1/6000.3.14f1/Editor/Data/Tools/BuildPipeline/Unity.SourceGenerators/Unity.SourceGenerators.dll"
-analyzer:"H:/Unity/6.1/6000.3.14f1/Editor/Data/Tools/BuildPipeline/Unity.SourceGenerators/Unity.UIToolkit.SourceGenerator.dll"
"Assets/C1/Scripts/Camera/ShipCamera.cs"
"Assets/C1/Scripts/Camera/ShipCameraConfig.cs"
"Assets/C1/Scripts/Comics/ComicManager.cs"
"Assets/C1/Scripts/DataBase/Item/Data_Base_Script/Interface/IItemData.cs"
"Assets/C1/Scripts/DataBase/Item/Data_Base_Script/ItemDatabase.cs"
"Assets/C1/Scripts/DataBase/Item/Data_Base_Script/JournalDefinitions.cs"
"Assets/C1/Scripts/DataBase/Item/Data_Base_Script/SO/ItemCategorySO.cs"
"Assets/C1/Scripts/DataBase/Item/Data_Base_Script/SO/ItemDataSO.cs"
"Assets/C1/Scripts/Extensions/SkeletonAnimationExtension.cs"
"Assets/C1/Scripts/Extensions/SkeletonGraphicExtension.cs"
"Assets/C1/Scripts/InputSystem_Actions.cs"
"Assets/C1/Scripts/Managers/CharacterCreationManager.cs"
"Assets/C1/Scripts/NPC/Characters/Player/Animation/AnimationController.cs"
"Assets/C1/Scripts/NPC/Characters/Player/Animation/ArmingTransitionAnimation.cs"
"Assets/C1/Scripts/NPC/Characters/Player/Animation/DeathAnimationHandler.cs"
"Assets/C1/Scripts/NPC/Characters/Player/Animation/DisarmingTransitionAnimation.cs"
"Assets/C1/Scripts/NPC/Characters/Player/Animation/EdgeBalanceAnimation.cs"
"Assets/C1/Scripts/NPC/Characters/Player/Animation/IdleAnimation.cs"
"Assets/C1/Scripts/NPC/Characters/Player/Animation/IdleAnimationHandler.cs"
"Assets/C1/Scripts/NPC/Characters/Player/Animation/JumpAnimation.cs"
"Assets/C1/Scripts/NPC/Characters/Player/Animation/MovementAnimationHandler.cs"
"Assets/C1/Scripts/NPC/Characters/Player/Animation/PlayerAttackAnimation.cs"
"Assets/C1/Scripts/NPC/Characters/Player/Animation/PlayerBlockAnimation.cs"
"Assets/C1/Scripts/NPC/Characters/Player/Animation/PlayerPushAnimation.cs"
"Assets/C1/Scripts/NPC/Characters/Player/Animation/RunAnimation.cs"
"Assets/C1/Scripts/NPC/Characters/Player/Animation/SpineAnimationController.cs"
"Assets/C1/Scripts/NPC/Characters/Player/Config/Animations/AnimationComponent.cs"
"Assets/C1/Scripts/NPC/Characters/Player/Config/Animations/AnimationConfig.cs"
"Assets/C1/Scripts/NPC/Characters/Player/Config/Animations/CharacterAnimation.cs"
"Assets/C1/Scripts/NPC/Characters/Player/Config/Animations/CharacterAnimationType.cs"
"Assets/C1/Scripts/NPC/Characters/Player/Config/Animations/CharacterStateAnimationsConfig.cs"
"Assets/C1/Scripts/NPC/Characters/Player/Config/Attack/AttackSettings.cs"
"Assets/C1/Scripts/NPC/Characters/Player/Config/Collision/CollisionConfig.cs"
"Assets/C1/Scripts/NPC/Characters/Player/Config/EdgeBalance/EdgeBalanceConfigSO.cs"
"Assets/C1/Scripts/NPC/Characters/Player/Config/Jump/JumpConfig.cs"
"Assets/C1/Scripts/NPC/Characters/Player/Config/Jump/JumpPhase.cs"
"Assets/C1/Scripts/NPC/Characters/Player/Config/Push/PushConfig.cs"
"Assets/C1/Scripts/NPC/Characters/Player/Config/Run/MovementSettings.cs"
"Assets/C1/Scripts/NPC/Characters/Player/Controller/ArmingInputHandler.cs"
"Assets/C1/Scripts/NPC/Characters/Player/Controller/AttackStateController.cs"
"Assets/C1/Scripts/NPC/Characters/Player/Controller/DeathController.cs"
"Assets/C1/Scripts/NPC/Characters/Player/Controller/DisarmingInputHandler.cs"
"Assets/C1/Scripts/NPC/Characters/Player/Controller/EdgeBalanceChecker.cs"
"Assets/C1/Scripts/NPC/Characters/Player/Controller/EdgeBalanceController.cs"
"Assets/C1/Scripts/NPC/Characters/Player/Controller/JumpMovementController.cs"
"Assets/C1/Scripts/NPC/Characters/Player/Controller/JumpStateController.cs"
"Assets/C1/Scripts/NPC/Characters/Player/Controller/PlayerAttack.cs"
"Assets/C1/Scripts/NPC/Characters/Player/Controller/PlayerAttackMovement.cs"
"Assets/C1/Scripts/NPC/Characters/Player/Controller/PlayerBlock.cs"
"Assets/C1/Scripts/NPC/Characters/Player/Controller/PlayerCollisionHandler.cs"
"Assets/C1/Scripts/NPC/Characters/Player/Controller/PlayerController.cs"
"Assets/C1/Scripts/NPC/Characters/Player/Controller/PlayerHit.cs"
"Assets/C1/Scripts/NPC/Characters/Player/Controller/PlayerJump.cs"
"Assets/C1/Scripts/NPC/Characters/Player/Controller/PlayerMovement.cs"
"Assets/C1/Scripts/NPC/Characters/Player/Controller/PlayerPush.cs"
"Assets/C1/Scripts/NPC/Characters/Player/Interface/IActionHandler.cs"
"Assets/C1/Scripts/NPC/Characters/Player/Interface/IAnimation.cs"
"Assets/C1/Scripts/NPC/Characters/Player/Interface/IAnimationController.cs"
"Assets/C1/Scripts/NPC/Characters/Player/Interface/IArmAnimation.cs"
"Assets/C1/Scripts/NPC/Characters/Player/Interface/IArmInputHandler.cs"
"Assets/C1/Scripts/NPC/Characters/Player/Interface/IArmStateManager.cs"
"Assets/C1/Scripts/NPC/Characters/Player/Interface/IArmTransitionAnimation.cs"
"Assets/C1/Scripts/NPC/Characters/Player/Interface/IAttackAnimation.cs"
"Assets/C1/Scripts/NPC/Characters/Player/Interface/IBlock.cs"
"Assets/C1/Scripts/NPC/Characters/Player/Interface/IBlockAnimation.cs"
"Assets/C1/Scripts/NPC/Characters/Player/Interface/ICharacterState.cs"
"Assets/C1/Scripts/NPC/Characters/Player/Interface/ICollisionHandler.cs"
"Assets/C1/Scripts/NPC/Characters/Player/Interface/IDeathAnimation.cs"
"Assets/C1/Scripts/NPC/Characters/Player/Interface/IDeathHandler.cs"
"Assets/C1/Scripts/NPC/Characters/Player/Interface/IEdgeBalanceAnimation.cs"
"Assets/C1/Scripts/NPC/Characters/Player/Interface/IEdgeBalanceChecker.cs"
"Assets/C1/Scripts/NPC/Characters/Player/Interface/IHit.cs"
"Assets/C1/Scripts/NPC/Characters/Player/Interface/IInputProvider.cs"
"Assets/C1/Scripts/NPC/Characters/Player/Interface/IJump.cs"
"Assets/C1/Scripts/NPC/Characters/Player/Interface/IJumpAnimation.cs"
"Assets/C1/Scripts/NPC/Characters/Player/Interface/IJumpState.cs"
"Assets/C1/Scripts/NPC/Characters/Player/Interface/IMovable.cs"
"Assets/C1/Scripts/NPC/Characters/Player/Interface/IPlayerAttack.cs"
"Assets/C1/Scripts/NPC/Characters/Player/Interface/IPush.cs"
"Assets/C1/Scripts/NPC/Characters/Player/Manager/AnimationStateManager.cs"
"Assets/C1/Scripts/NPC/Characters/Player/Manager/ArmStateManager.cs"
"Assets/C1/Scripts/NPC/Characters/Player/Manager/DebugManager.cs"
"Assets/C1/Scripts/NPC/Characters/Player/Manager/PlayerAnimationManager.cs"
"Assets/C1/Scripts/NPC/Characters/Player/Manager/PlayerStateManager.cs"
"Assets/C1/Scripts/NPC/ENERGY/Conditions/NoRegenInCombatCondition.cs"
"Assets/C1/Scripts/NPC/ENERGY/Conditions/NoRegenWhileBlockingCondition.cs"
"Assets/C1/Scripts/NPC/ENERGY/Conditions/NoRegenWhileMovingCondition.cs"
"Assets/C1/Scripts/NPC/ENERGY/Consumers/EnergyConsumerBase.cs"
"Assets/C1/Scripts/NPC/ENERGY/Consumers/HeldActionConsumer.cs"
"Assets/C1/Scripts/NPC/ENERGY/Consumers/SingleActionConsumer.cs"
"Assets/C1/Scripts/NPC/ENERGY/Core/EnergyCore.cs"
"Assets/C1/Scripts/NPC/ENERGY/Core/EnergyRegenerator.cs"
"Assets/C1/Scripts/NPC/ENERGY/EnergyManager.cs"
"Assets/C1/Scripts/NPC/ENERGY/Interfaces/IEnergy.cs"
"Assets/C1/Scripts/NPC/ENERGY/Interfaces/IEnergyConsumer.cs"
"Assets/C1/Scripts/NPC/ENERGY/Interfaces/IEnergyEvents.cs"
"Assets/C1/Scripts/NPC/ENERGY/Interfaces/IEnergyLegacy.cs"
"Assets/C1/Scripts/NPC/ENERGY/Interfaces/IEnergyModifiable.cs"
"Assets/C1/Scripts/NPC/ENERGY/Interfaces/IEnergyReadable.cs"
"Assets/C1/Scripts/NPC/ENERGY/Interfaces/IRegenerationCondition.cs"
"Assets/C1/Scripts/NPC/ENERGY/ScriptableObjects/ActionCostSO.cs"
"Assets/C1/Scripts/NPC/ENERGY/ScriptableObjects/EnergyConfigSO.cs"
"Assets/C1/Scripts/NPC/Enemies/Enemy.cs"
"Assets/C1/Scripts/NPC/HP_System/HealthConfigSO.cs"
"Assets/C1/Scripts/NPC/HP_System/HealthManager.cs"
"Assets/C1/Scripts/NPC/HP_System/IHealth.cs"
"Assets/C1/Scripts/Raft/Base/Config/ShipHealthConfig.cs"
"Assets/C1/Scripts/Raft/Base/Config/ShipMovementConfig.cs"
"Assets/C1/Scripts/Raft/Base/Config/ShipRamConfig.cs"
"Assets/C1/Scripts/Raft/Base/Config/ShipUpgradeConfig.cs"
"Assets/C1/Scripts/Raft/Base/Effects/Config/ShipEffectsConfig.cs"
"Assets/C1/Scripts/Raft/Base/Effects/Config/ShipRippleConfig.cs"
"Assets/C1/Scripts/Raft/Base/Effects/Config/ShipSwayConfig.cs"
"Assets/C1/Scripts/Raft/Base/Effects/Gun/GunEffects.cs"
"Assets/C1/Scripts/Raft/Base/Effects/Gun/GunSound.cs"
"Assets/C1/Scripts/Raft/Base/Effects/Gun/ProjectileEffects.cs"
"Assets/C1/Scripts/Raft/Base/Effects/ShipEffects.cs"
"Assets/C1/Scripts/Raft/Base/Effects/ShipRippleEffect.cs"
"Assets/C1/Scripts/Raft/Base/Effects/ShipSway.cs"
"Assets/C1/Scripts/Raft/Base/Gun/Config/GunAudioProfile.cs"
"Assets/C1/Scripts/Raft/Base/Gun/Config/GunConfig.cs"
"Assets/C1/Scripts/Raft/Base/Gun/Config/GunVisualStates.cs"
"Assets/C1/Scripts/Raft/Base/Gun/Config/ProjectileConfig.cs"
"Assets/C1/Scripts/Raft/Base/Gun/GunAimZone.cs"
"Assets/C1/Scripts/Raft/Base/Gun/GunWeaponSystem.cs"
"Assets/C1/Scripts/Raft/Base/Gun/Projectile.cs"
"Assets/C1/Scripts/Raft/Base/Gun/ProjectilePool.cs"
"Assets/C1/Scripts/Raft/Base/Interface/EnemyAIContext.cs"
"Assets/C1/Scripts/Raft/Base/Interface/IEnemyTactic.cs"
"Assets/C1/Scripts/Raft/Base/Interface/IShipDamageable.cs"
"Assets/C1/Scripts/Raft/Base/Interface/IShipHealth.cs"
"Assets/C1/Scripts/Raft/Base/Interface/IShipInteractable.cs"
"Assets/C1/Scripts/Raft/Base/Interface/IShipMovable.cs"
"Assets/C1/Scripts/Raft/Base/ShipHealth.cs"
"Assets/C1/Scripts/Raft/Base/ShipHitArea.cs"
"Assets/C1/Scripts/Raft/Base/ShipMovement.cs"
"Assets/C1/Scripts/Raft/Base/ShipPlayerInputHandler.cs"
"Assets/C1/Scripts/Raft/Base/ShipRamAttack.cs"
"Assets/C1/Scripts/Raft/Base/ShipWeaponSystem.cs"
"Assets/C1/Scripts/Raft/ID/ShipID.cs"
"Assets/C1/Scripts/Raft/ID/ShipIDConfig.cs"
"Assets/C1/Scripts/Raft/NPC/Bandits/BanditCoreHitZone.cs"
"Assets/C1/Scripts/Raft/NPC/Bandits/BanditEnemy.cs"
"Assets/C1/Scripts/Raft/NPC/Bandits/BanditEnemyRank.cs"
"Assets/C1/Scripts/Raft/NPC/Bandits/DestructibleHitZone.cs"
"Assets/C1/Scripts/Raft/NPC/Config/Bandits/BanditEnemyTypeConfig.cs"
"Assets/C1/Scripts/Raft/NPC/Config/Bandits/BanditHitZoneDefinition.cs"
"Assets/C1/Scripts/Raft/NPC/Config/EnemyBehaviorProfileConfig.cs"
"Assets/C1/Scripts/Raft/NPC/Config/EnemyBehaviorTacticSlot.cs"
"Assets/C1/Scripts/Raft/NPC/Config/EnemySpawnerConfig.cs"
"Assets/C1/Scripts/Raft/NPC/Config/EnemyTacticKind.cs"
"Assets/C1/Scripts/Raft/NPC/Config/Tactic/FleeTacticConfig.cs"
"Assets/C1/Scripts/Raft/NPC/Config/Tactic/NPCShootingConfig.cs"
"Assets/C1/Scripts/Raft/NPC/Config/Tactic/PatrolTacticConfig.cs"
"Assets/C1/Scripts/Raft/NPC/Config/Tactic/RamAttackTacticConfig.cs"
"Assets/C1/Scripts/Raft/NPC/EnemyBehaviorConstructor.cs"
"Assets/C1/Scripts/Raft/NPC/EnemySpawner.cs"
"Assets/C1/Scripts/Raft/NPC/NPCAI.cs"
"Assets/C1/Scripts/Raft/NPC/Tactic/BanditTacticUtility.cs"
"Assets/C1/Scripts/Raft/NPC/Tactic/DeadRockAmbushTactic.cs"
"Assets/C1/Scripts/Raft/NPC/Tactic/FalseRetreatTactic.cs"
"Assets/C1/Scripts/Raft/NPC/Tactic/FireShipBlockadeTactic.cs"
"Assets/C1/Scripts/Raft/NPC/Tactic/FleeTactic.cs"
"Assets/C1/Scripts/Raft/NPC/Tactic/HazardDroppingTactic.cs"
"Assets/C1/Scripts/Raft/NPC/Tactic/HookAndRamTactic.cs"
"Assets/C1/Scripts/Raft/NPC/Tactic/NPCShootingTactic.cs"
"Assets/C1/Scripts/Raft/NPC/Tactic/PatrolTactic.cs"
"Assets/C1/Scripts/Raft/NPC/Tactic/RamAttackTactic.cs"
"Assets/C1/Scripts/Raft/NPC/Tactic/ShallowsLureTactic.cs"
"Assets/C1/Scripts/Raft/NPC/Tactic/SmokeVeilTactic.cs"
"Assets/C1/Scripts/Raft/NPC/Tactic/SniperHarassTactic.cs"
"Assets/C1/Scripts/Raft/NPC/Tactic/SuicideExplosionTactic.cs"
"Assets/C1/Scripts/Raft/NPC/Tactic/WolfHuntTactic.cs"
"Assets/C1/Scripts/UI/Game_play_UI/EnergyBar.cs"
"Assets/C1/Scripts/UI/Game_play_UI/FollowTarget.cs"
"Assets/C1/Scripts/UI/Game_play_UI/HealthBar.cs"
"Assets/C1/Scripts/UI/Loading/LoadingScreen.cs"
"Assets/C1/Scripts/UI/Menu/MainMenu.cs"
"Assets/C1/Scripts/UI/Menu_Journal/Base_Journal/JournalController.cs"
"Assets/C1/Scripts/UI/Menu_Journal/Base_Journal/JournalTabBase.cs"
"Assets/C1/Scripts/UI/Menu_Journal/Base_Journal/JournalTopButton.cs"
"Assets/C1/Scripts/UI/Menu_Journal/Base_Journal/QuantityPopup.cs"
"Assets/C1/Scripts/UI/Menu_Journal/Base_Journal/UniversalPopup.cs"
"Assets/C1/Scripts/UI/Menu_Journal/Interface/IItemContainer.cs"
"Assets/C1/Scripts/UI/Menu_Journal/Interface/IJournalTab.cs"
"Assets/C1/Scripts/UI/Menu_Journal/Inventory/InventoryPageController.cs"
"Assets/C1/Scripts/UI/Menu_Journal/Inventory/InventorySlot.cs"
"Assets/C1/Scripts/UI/Menu_Journal/Inventory/InventorySlotUI.cs"
"Assets/C1/Scripts/UI/Menu_Journal/Inventory/InventoryTab.cs"
"Assets/C1/Scripts/UI/Menu_Journal/Inventory/Loot/InventoryLootDropper.cs"
"Assets/C1/Scripts/UI/Menu_Journal/Inventory/Loot/LootContainer.cs"
"Assets/C1/Scripts/UI/Menu_Journal/Inventory/Loot/LootDropper.cs"
"Assets/C1/Scripts/UI/Menu_Journal/Inventory/Loot/LootSpawner.cs"
"Assets/C1/Scripts/UI/Menu_Journal/Inventory/Loot/LootWindowManager.cs"
"Assets/C1/Scripts/UI/Menu_Journal/Inventory/Loot/UnitLootCollector.cs"
"Assets/C1/Scripts/UI/Menu_Journal/Inventory/SO/ContainerThemeDatabaseSO.cs"
"Assets/C1/Scripts/UI/Menu_Journal/Inventory/SO/ContainerThemeSO.cs"
"Assets/C1/Scripts/UI/Menu_Journal/Inventory/SO/InventoryLootDropConfigSO.cs"
"Assets/C1/Scripts/UI/Menu_Journal/Inventory/SO/LootProfileSO.cs"
"Assets/C1/Scripts/UI/Menu_Journal/Inventory/ShipInventory.cs"
"Assets/C1/Scripts/UI/Menu_Journal/Inventory/SimpleInventory.cs"
"Assets/C1/Scripts/UI/Menu_Journal/Inventory/UnitInventory.cs"
"Assets/C1/Scripts/UI/Paralax/CameraFollow.cs"
"Assets/C1/Scripts/UI/Paralax/GameScene_0/ParallaxBackground.cs"
"Assets/C1/Scripts/UI/Paralax/Parallax.cs"
"Assets/LeanTween/Examples/Scripts/Following.cs"
"Assets/LeanTween/Examples/Scripts/GeneralAdvancedTechniques.cs"
"Assets/LeanTween/Examples/Scripts/GeneralBasic.cs"
"Assets/LeanTween/Examples/Scripts/GeneralBasics2d.cs"
"Assets/LeanTween/Examples/Scripts/GeneralCameraShake.cs"
"Assets/LeanTween/Examples/Scripts/GeneralEasingTypes.cs"
"Assets/LeanTween/Examples/Scripts/GeneralEventsListeners.cs"
"Assets/LeanTween/Examples/Scripts/GeneralSequencer.cs"
"Assets/LeanTween/Examples/Scripts/GeneralSimpleUI.cs"
"Assets/LeanTween/Examples/Scripts/GeneralUISpace.cs"
"Assets/LeanTween/Examples/Scripts/LogoCinematic.cs"
"Assets/LeanTween/Examples/Scripts/PathBezier.cs"
"Assets/LeanTween/Examples/Scripts/PathBezier2d.cs"
"Assets/LeanTween/Examples/Scripts/PathSpline.cs"
"Assets/LeanTween/Examples/Scripts/PathSpline2d.cs"
"Assets/LeanTween/Examples/Scripts/PathSplineEndless.cs"
"Assets/LeanTween/Examples/Scripts/PathSplinePerformance.cs"
"Assets/LeanTween/Examples/Scripts/PathSplineTrack.cs"
"Assets/LeanTween/Examples/Scripts/PathSplines.cs"
"Assets/LeanTween/Examples/Scripts/TestingUnitTests.cs"
"Assets/LeanTween/Examples/Scripts/TestingZLegacy.cs"
"Assets/LeanTween/Examples/Scripts/TestingZLegacyExt.cs"
"Assets/LeanTween/Framework/LTDescr.cs"
"Assets/LeanTween/Framework/LTDescrOptional.cs"
"Assets/LeanTween/Framework/LTSeq.cs"
"Assets/LeanTween/Framework/LeanAudio.cs"
"Assets/LeanTween/Framework/LeanSmooth.cs"
"Assets/LeanTween/Framework/LeanTest.cs"
"Assets/LeanTween/Framework/LeanTween.cs"
"Assets/LeanTween/Framework/LeanTweenExt.cs"
"Assets/LeanTween/Testing/FollowingTests.cs"
"Assets/LeanTween/Testing/PerformanceTests.cs"
"Assets/LeanTween/Testing/Scripts/LeanPool.cs"
"Assets/LeanTween/Testing/Testing240.cs"
"Assets/LeanTween/Testing/Testing243.cs"
"Assets/LeanTween/Testing/Testing246.cs"
"Assets/LeanTween/Testing/Testing248.cs"
"Assets/LeanTween/Testing/TestingColorTweening.cs"
"Assets/LeanTween/Testing/TestingDescr.cs"
"Assets/LeanTween/Testing/TestingIssue.cs"
"Assets/LeanTween/Testing/TestingIssue2.cs"
"Assets/LeanTween/Testing/TestingMaxTweens.cs"
"Assets/LeanTween/Testing/TestingOptionalCancel.cs"
"Assets/LeanTween/Testing/TestingRotate.cs"
"Assets/LeanTween/Testing/TestingSceneSwitching.cs"
"Assets/LeanTween/Testing/TestingSequencer.cs"
-langversion:9.0
/deterministic
/optimize-
/debug:portable
/nologo
/RuntimeMetadataVersion:v4.0.30319
/nowarn:0169
/nowarn:0649
/nowarn:0282
/nowarn:1701
/nowarn:1702
/utf8output
/preferreduilang:en-US
/additionalfile:"Library/Bee/artifacts/1900b0aEDbg.dag/Assembly-CSharp.UnityAdditionalFile.txt"
##### Custom Environment Variables
DOTNET_MULTILEVEL_LOOKUP=0
##### ExitCode
1
##### Output
Assets\C1\Scripts\UI\Menu_Journal\Inventory\Loot\UnitLootCollector.cs(42,25): warning CS0618: 'Physics2D.OverlapCircleNonAlloc(Vector2, float, Collider2D[], int)' is obsolete: 'OverlapCircleNonAlloc has been deprecated. Please use OverlapCircle.'

Assets\C1\Scripts\UI\Menu_Journal\Inventory\Loot\LootWindowManager.cs(143,79): error CS1503: Argument 3: cannot convert from 'method group' to 'Action<ItemDataSO, int>'

Assets\C1\Scripts\UI\Menu_Journal\Inventory\Loot\LootWindowManager.cs(180,79): error CS1503: Argument 3: cannot convert from 'method group' to 'Action<ItemDataSO, int>'

Assets\LeanTween\Examples\Scripts\TestingUnitTests.cs(526,35): warning CS0618: 'Object.FindObjectsOfType(Type)' is obsolete: 'Object.FindObjectsOfType has been deprecated. Use Object.FindObjectsByType instead which lets you decide whether you need the results sorted or not.  FindObjectsOfType sorts the results by InstanceID, but if you do not need this using FindObjectSortMode.None is considerably faster.'

Assets\C1\Scripts\NPC\Characters\Player\Manager\PlayerAnimationManager.cs(12,18): warning CS0414: The field 'PlayerAnimationManager.isRunning' is assigned but its value is never used
*** Tundra build failed (0.88 seconds), 3 items updated, 1061 evaluated
## Script Compilation Error for: Csc Library/Bee/artifacts/1900b0aEDbg.dag/Assembly-CSharp.dll (+2 others)
## CmdLine: "H:\Unity\6.1\6000.3.14f1\Editor\Data\NetCoreRuntime\dotnet.exe" exec "H:/Unity/6.1/6000.3.14f1/Editor/Data/DotNetSdkRoslyn/csc.dll" /nostdlib /noconfig /shared "@Library/Bee/artifacts/1900b0aEDbg.dag/Assembly-CSharp.rsp" "@Library/Bee/artifacts/1900b0aEDbg.dag/Assembly-CSharp.rsp2"
## Output:
Assets\C1\Scripts\UI\Menu_Journal\Inventory\Loot\UnitLootCollector.cs(42,25): warning CS0618: 'Physics2D.OverlapCircleNonAlloc(Vector2, float, Collider2D[], int)' is obsolete: 'OverlapCircleNonAlloc has been deprecated. Please use OverlapCircle.'
Assets\C1\Scripts\UI\Menu_Journal\Inventory\Loot\LootWindowManager.cs(143,79): error CS1503: Argument 3: cannot convert from 'method group' to 'Action<ItemDataSO, int>'
Assets\C1\Scripts\UI\Menu_Journal\Inventory\Loot\LootWindowManager.cs(180,79): error CS1503: Argument 3: cannot convert from 'method group' to 'Action<ItemDataSO, int>'
Assets\LeanTween\Examples\Scripts\TestingUnitTests.cs(526,35): warning CS0618: 'Object.FindObjectsOfType(Type)' is obsolete: 'Object.FindObjectsOfType has been deprecated. Use Object.FindObjectsByType instead which lets you decide whether you need the results sorted or not.  FindObjectsOfType sorts the results by InstanceID, but if you do not need this using FindObjectSortMode.None is considerably faster.'
Assets\C1\Scripts\NPC\Characters\Player\Manager\PlayerAnimationManager.cs(12,18): warning CS0414: The field 'PlayerAnimationManager.isRunning' is assigned but its value is never used

Assets\C1\Scripts\UI\Menu_Journal\Inventory\Loot\UnitLootCollector.cs(42,25): warning CS0618: 'Physics2D.OverlapCircleNonAlloc(Vector2, float, Collider2D[], int)' is obsolete: 'OverlapCircleNonAlloc has been deprecated. Please use OverlapCircle.'
Assets\C1\Scripts\UI\Menu_Journal\Inventory\Loot\LootWindowManager.cs(143,79): error CS1503: Argument 3: cannot convert from 'method group' to 'Action<ItemDataSO, int>'
Assets\C1\Scripts\UI\Menu_Journal\Inventory\Loot\LootWindowManager.cs(180,79): error CS1503: Argument 3: cannot convert from 'method group' to 'Action<ItemDataSO, int>'
Assets\LeanTween\Examples\Scripts\TestingUnitTests.cs(526,35): warning CS0618: 'Object.FindObjectsOfType(Type)' is obsolete: 'Object.FindObjectsOfType has been deprecated. Use Object.FindObjectsByType instead which lets you decide whether you need the results sorted or not.  FindObjectsOfType sorts the results by InstanceID, but if you do not need this using FindObjectSortMode.None is considerably faster.'
Assets\C1\Scripts\NPC\Characters\Player\Manager\PlayerAnimationManager.cs(12,18): warning CS0414: The field 'PlayerAnimationManager.isRunning' is assigned but its value is never used
AssetDatabase: script compilation time: 3.986737s
Scripts have compiler errors.
Exiting without the bug reporter. Application will terminate with return code 1